366|O 366 MUNICIPIO 3234 TAR A B CL 01 02 03|3234|
367|O 367 MUNICIPIO 3234 TAR A B CL 04|3234|
370|PRECO 370 MUNICIPIO 42 TAR B CL 04|1342|
371|PRECO 371 MUNICIPIO 40 TAR B CL 01|4240|
372|PRECO 372 MUNICIPIO 40 TAR B CL 02 03|4240|
373|PRECO 373 MUNICIPIO 40 TAR B CL 04|4240|
376|PRECO 376 MUNICIPIO 58 TAR A B CL 01|4158|
377|PRECO 377 MUNICIPIO 58 TAR A B CL 02|4158|
378|PRECO 378 MUNICIPIO 58 TAR A B CL 03|4158|
379|PRECO 379 MUNICIPIO 58 TAR A B CL 04|4158|
396|O 396 MUNICIPIO 57 TAR B CL 01|4157|
397|O 397 MUNICIPIO 57 TAR B CL 01 SUBCL BXR|4157|
398|O 398 MUNICIPIO 57 TAR B CL 03|4157|
468|O 468 MUNICIPIO 57 TAR B CL 02|4157|
469|O 469 MUNICIPIO 57 TAR B CL 04|4157|
470|O 470 MUNICIPIO 57 TAR B CL 05 07|4157|
471|O 471 MUNICIPIO 57 TAR B CL 08|4157|
473|O 473 MUNIC 43 TAR A B CL 01|4243|
474|O 474 MUNIC 43 TAR A B CL 02 03|4243|
475|O 475 MUNIC 43 TAR A B CL 04|4243|
476|O 476 MUNIC 48 TAR B CL 01|4248|
477|O 477 MUNIC 48 TAR B CL 03|4248|
478|O 478 MUNIC 48 TAR B CL 02|4248|
479|O 479 MUNIC 48 TAR B CL 04|4248|
482|O 482 MUNICIPIO 61 TAR A B CL 01|4361|
483|O 483 MUNICIPIO 61 TAR A B CL 02|4361|
484|O 484 MUNICIPIO 61 TAR A B CL 03|4361|
485|O 485 MUNICIPIO 61 TAR A B CL 04|4361|
487|O 487 MUNICIPIO 47 TAR A B CL 04|4547|
488|O 488 MUNICIPIO 47 TAR B CL 01|4547|
489|O 489 MUNICIPIO 47 TAR B CL 02|4547|
490|O 490 MUNICIPIO 47 TAR B CL 03|4547|
491|O 491 MUNICIPIO 59 TAR A B CL 01 02 03|4359|
492|O 492 MUNICIPIO 26 TAR A B CL 02|2226|
499|O 499 MUNICIPIO 31 TAR B CL 01|1231|
500|O 500 MUNICIPIO 31 TAR B CL 02 03|1231|
506|O 506 MUNICIPIO 30 TAR A B CL 04|4130|
507|O 507 MUNICIPIO 30 TAR A B CL 02|4130|
508|O 508 MUNICIPIO 30 TAR A B CL 01|4130|
509|O 509 MUNICIPIO 11 TAR A B CL 01 02 03|2111|
595|O 595 MUNICIPIO 20 TAR B CL 02|1120|
596|O 596 MUNICIPIO 20 TAR B CL 03 04 07|1120|
597|O 597 MUNICIPIO 20 TAR B CL 01|1120|
600|O 600 MUNICIPIO 24 TAR B CL 07|1324|
601|O 601 MUNICIPIO 24 TAR B CL 04|1324|
602|O 602 MUNICIPIO 24 TAR B CL 02|1324|
603|O 603 MUNICIPIO 24 TAR B CL 01|1324|
604|O 604 MUNICIPIO 24 TAR B CL 03|1324|
608|O 608 MUNICIPIO 54 TAR A E B CL 01 02 03 07|4454|
609|O 609 MUNICIPIO 52 TAR A B CL 01|4452|
610|O 610 MUNICIPIO 52 TAR A B CL 02|4452|
611|O 611 MUNICIPIO 52 TAR A B CL 03|4452|
612|O 612 MUNICIPIO 27 TAR B CL 01 BR|2227|
613|O 613 MUNICIPIO 27 TAR B CL 01|2227|
614|O 614 MUNICIPIO 27 TAR B CL 03|2227|
615|O 615 MUNICIPIO 27 TAR B CL 02|2227|
616|O 616 MUNICIPIO 27 TAR B CL 04|2227|
618|O 618 MUNICIPIO 30 TAR A B CL 03|4130|
624|O 624 MUNICIPIO 32 TAR A B CL 01|4432|
625|O 625 MUNICIPIO 32 TAR A B CL 02|4432|
626|O 626 MUNICIPIO 32 TAR A B CL 03|4432|
627|O 627 MUNICIPIO 56 TAR B 01|4456|
628|O 628 MUNIC 56 TAR A CL 01 02 03 B CL 02 03|4456|
636|O 636 MUNICIPIO 01 TAR  B CL 01|1401|
637|O 637 MUNICIPIO 01 TAR  B CL 02|1401|
638|O 638 MUNICIPIO 01 TAR  B CL 03|1401|
638|O 638 MUNICIPIO 01 TAR  B CL 03|3236|
640|O 640 MUNICIPIO 65 TAR A B CL 01|4365|
641|O 641 MUNICIPIO 65 TAR A B CL 02|4365|
642|O 642 MUNICIPIO 65 TAR A B CL 03|4365|
643|O 643 MUNICIPIO 65 TAR A B CL 04|4365|
644|O 644 MUNICIPIO 23 TAR  B CL 01|4523|
645|O 645 MUNICIPIO 23 TAR  B CL 03|4523|
646|O 646 MUNICIPIO 23 TAR  B CL 02|4523|
648|O 648 MUNICIPIO 09 TAR B CL 01|2109|
649|O 649 MUNICIPIO 09 TAR B CL 02|2109|
650|O 650 MUNICIPIO 09 TAR B CL 03|2109|
657|O 657 MUNICIPIO 44 TAR B CL 01|4544|
658|O 658 MUNICIPIO 44 TAR B CL 03|4544|
659|O 659 MUNICIPIO 44 TAR B CL 02|4544|
660|O 660 MUNICIPIO 44 TAR B CL 04|4544|
662|O 662 MUNICIPIO 16 TAR B CL 01|3316|
663|O 663 MUNICIPIO 16 TAR B CL 02|3316|
664|O 664 MUNICIPIO 16 TAR B CL 03 07|3316|
666|O 666 MUNICIPIO 46 TAR A E B CL 01|4546|
667|O 667 MUNICIPIO 46 TAR A E B CL 03|4546|
668|O 668 MUNICIPIO 07 TAR B CL 01|1407|
669|O 669 MUNICIPIO 07 TAR B CL 02|1407|
670|O 670 MUNICIPIO 07 TAR B CL 03|1407|
671|O 671 MUNICIPIO 18 TAR B CL 04|3318|
672|O 672 MUNICIPIO 49 TAR A B CL 01|4249|
673|O 673 MUNICIPIO 49 TAR A B CL 02 03 07|4249|
674|O 674 MUNICIPIO 69 TAR A B CL 01 03|4169|
677|O 677 MUNICIPIO 68 TAR A E B CL 01|4268|
678|O 678 MUNICIPIO 68 TAR A E B CL 02|4268|
679|O 679 MUNICIPIO 68 TAR A E B CL 03|4268|
681|O 681 MUNICIPIO 22 TAR A E B CL 01 02 03|4322|
682|O 682 MUNICIPIO 66 TAR  A B CL 02 03 04|3166|
683|O 683 MUNICIPIO 66 TAR  A B CL 01|3166|
684|O 684 MUNICIPIO 45 TAR A B CL 01 02 03|4545|
685|O 685 MUNICIPIO 55 TAR A B CL 01 02 03 07|4455|
691|O 691 MUNICIPIO 03 TAR A B CL 01 04|3103|
692|O 692 MUNICIPIO 03 TAR A B CL 02 03 07|3103|
693|O 693 MUNICIPIO 29 TAR B CL 01|1329|
694|O 694 MUNICIPIO 29 TAR B CL 03|1329|
695|O 695 MUNICIPIO 29 TAR B CL 02|1329|
701|O 701 MUNICIPIO 18 TAR B CL 01|3318|
702|O 702 MUNICIPIO 18 TAR B CL 03|3318|
703|O 703 MUNICIPIO 18 TAR B CL 02|3318|
706|O 706 MUNICIPIO 21 TAR  A B CL 02|2221|
711|O 711 MUNICIPIO 10 A E B CL 01|3110|
712|O 712 MUNICIPIO 10 A E B CL 02|3110|
713|O 713 MUNICIPIO 10 A E B CL 03|3110|
729|O 729 MUNCIPIO 16 TAR A CL 01 02 03 04 07|2106|
729|O 729 MUNICIPIO 06 TAR B 01|2106|
730|O 730 MUNICIPIO 06 TAR B 02|2106|
731|O 731 MUNICIPIO 06 TAR B 03|2106|
732|O 732 MUNICIPIO 02 TAR A B CL 01 02 03|2102|
733|O 733 MUNICIPIO 19 TAR B CL 01|1119|
734|O 734 MUNICIPIO 19 TAR B CL 02 03 04 07|1119|
736|O 736 MUNICIPIO 08 TAR A E B CL 01|2108|
737|O 737 MUNICIPIO 08 TAR A E B CL 02|2108|
738|O 738 MUNICIPIO 08 TAR A E B CL 03|2108|
739|O 739 MUNICIPIO 67 TAR A E B CL 02|3367|
740|O 740 MUNICIPIO 67 TAR A E B CL 01|3367|
741|O 741 MUNICIPIO 67 TAR A E B CL 04|3367|
742|O 742 MUNICIPIO 67 TAR A E B CL 03|3367|
753|O 753 MUNICIPIO 64 TAR A B CL 01|4364|
754|O 754 MUNICIPIO 64 TAR A B CL 02|4364|
755|O 755 MUNICIPIO 755 TAR A B CL 03|4364|
756|O 756 MUNICIPIO 64 TAR A B CL 04|4364|
757|O 757 MUNICIPIO 33 TAR A B CL 01|2233|
758|O 758 MUNICIPIO 33 TAR A B CL 03|2233|
759|O 759 MUNICIPIO 33 TAR A B CL 02|2233|
763|O 763 MUNICIPIO 21 TAR A B CL 01|2221|
763|O 763 MUNICIPIO 24 TAR B CL 02|2221|
764|O 764 MUNICIPIO 21 TAR A B CL 03|2221|
764|O 764 MUNICIPIO 24 TAR B CL 03|2221|
766|O 766 MUNICIPIO 38 TAR A B CL 01|1238|
767|O 767 MUNICIPIO 38 TAR A B CL 02 03|1238|
778|O 778 MUNICIPIO 26 TAR A B CL 01|2226|
780|O 780 MUNICIPIO 26 TAR A B CL 03|2226|
781|O 781 MUNICIPIO 25 TAR A B CL 01 02 03 04|4225|
783|O 783 MUNICIPIO 50 TAR A B CL 01|4250|
784|O 784 MUNICIPIO 50 TAR A B CL 02 03|4250|
787|O 787 MUNICIPIO 28 TAR A B CL 01|3228|
788|O 788 MUNICIPIO 28 TAR A B CL 02|3228|
789|O 789 MUNICIPIO 28 TAR A B CL 03|3228|
790|O 790 MUNICIPIO 37 TAR A B CL 01|4537|
791|O 791 MUNICIPIO 37 TAR A B CL 02|4537|
792|O 792 MUNICIPIO 37 TAR A B CL 03|4537|
793|O 793 MUNICIPIO 37 TAR A B CL 04|4537|
824|O 824 MUNICIPIO 15 TAR  B CL 01|3315|
826|O 826 MUNICIPIO 33 TAR  B CL 02|3315|
880|O 880 MUNICIPIO 39 TAR  B A CL 01|1239|
882|O 882 MUNICIPIO 39 TAR  B A CL 02|1239|
883|O 883 MUNICIPIO 39 TAR  B A CL 03|1239|
916|O 916 MUNICIPIO 51 TAR  B CL 01|4251|
917|O 917 MUNICIPIO 51 TAR  B CL 02|4251|
918|O 918 MUNICIPIO 51 TAR  B CL 03|4251|
920|O 920 MUNICIPIO 15 GRU B CL 02|3315|
926|O 926 MUNICIPIO 62 TAR A E B CL 02|4362|
930|O 930 MUNICIPIO 62 TAR A E B CL 04|4362|
931|O 931 MUNICÍPIO 63 TAR A B CL 01|4363|
932|O 932 MUNICIPIO 63 TAR A B  CL 02|4363|
933|O 933 MUNICIPIO 63 TAR A B CL 03|4363|
934|O 934 MUNICIPIO 42 TAR B CL 01|1342|
935|O 935 MUNICIPIO 42 TAR B CL 03|1342|
936|O 936 MUNICIPIO 42 TAR B CL 02|1342|
937|O 937 MUNICIPIO 42 TAR B CL 07|1342|
939|O 939 MUNICIPIO 41 TAR B CL 01|1341|
940|O 940 MUNICIPIO 41 TAR B CL 02 03|1341|
941|O 941 MUNICIPIO 41 TAR B CL 07|1341|
943|O 943 MUNICIPIO 53 TAR A B CL 02 03 07|4453|
944|O 944 MUNICIPIO 53 TAR A B CL 01|4453|
945|O 945 MUNICIPIO 17 TAR A B CL 01|1117|
946|O 946 MUNICIPIO 17 TAR A B CL 02 03 04|1117|
947|O 947 MUNICIPIO 60 TAR A B CL 01|4360|
948|O 948 MUNICIPIO 60 TAR A B CL 02 03|4360|
969|O 969 MUNICIPIO 62 TAR A E B CL 03|4362|
970|O 970 MUNICIPIO 62 TAR A E B CL 01|4362|
