002|002 - RESIDENCIAL BAIXA RENDA|0|30|0.16936999999999999|01/01/2018|
002|002 - RESIDENCIAL BAIXA RENDA|0|30|0.17987|01/12/2017|
002|002 - RESIDENCIAL BAIXA RENDA|0|30|0.18687000000000001|01/11/2017|
002|002 - RESIDENCIAL BAIXA RENDA|0|30|0.18162|01/10/2017|
002|002 - RESIDENCIAL BAIXA RENDA|0|30|0.17637|01/09/2017|
002|002 - RESIDENCIAL BAIXA RENDA|0|30|0.17987|01/08/2017|
002|002 - RESIDENCIAL BAIXA RENDA|31|100|0.29035|01/01/2018|
002|002 - RESIDENCIAL BAIXA RENDA|31|100|0.30835000000000001|01/12/2017|
002|002 - RESIDENCIAL BAIXA RENDA|31|100|0.32035000000000002|01/11/2017|
002|002 - RESIDENCIAL BAIXA RENDA|31|100|0.31135000000000002|01/10/2017|
002|002 - RESIDENCIAL BAIXA RENDA|31|100|0.30235000000000001|01/09/2017|
002|002 - RESIDENCIAL BAIXA RENDA|31|100|0.30835000000000001|01/08/2017|
002|002 - RESIDENCIAL BAIXA RENDA|101|220|0.43552999999999997|01/01/2018|
002|002 - RESIDENCIAL BAIXA RENDA|101|220|0.46253|01/12/2017|
002|002 - RESIDENCIAL BAIXA RENDA|101|220|0.48053000000000001|01/11/2017|
002|002 - RESIDENCIAL BAIXA RENDA|101|220|0.46703|01/10/2017|
002|002 - RESIDENCIAL BAIXA RENDA|101|220|0.45352999999999999|01/09/2017|
002|002 - RESIDENCIAL BAIXA RENDA|101|220|0.46253|01/08/2017|
002|002 - RESIDENCIAL BAIXA RENDA|221|999999999|0.48393000000000003|01/01/2018|
002|002 - RESIDENCIAL BAIXA RENDA|221|999999999|0.51393|01/12/2017|
002|002 - RESIDENCIAL BAIXA RENDA|221|999999999|0.53393000000000002|01/11/2017|
002|002 - RESIDENCIAL BAIXA RENDA|221|999999999|0.51893|01/10/2017|
002|002 - RESIDENCIAL BAIXA RENDA|221|999999999|0.50392999999999999|01/09/2017|
002|002 - RESIDENCIAL BAIXA RENDA|221|999999999|0.51393|01/08/2017|
