1119|11190|ANGRA DOS REIS|
4432|44320|APERIBE|
1239|12390|ARARUAMA|
3110|31100|AREAL|
1324|13240|ARMACAO DOS BUZIOS|
1329|13290|ARRAIAL DO CABO|
4359|43590|B J ITABAPOANA|
3315|33150|BOCAINA MINAS|
4544|45440|BOM JARDIM|
1342|13420|CABO FRIO|
2233|22330|CACH MACACU|
4455|44550|CAMBUCI|
4157|41570|CAMPOS DOS GOYTACAZES|
4546|45460|CANTAGALO|
4225|42250|CARAPEBUS|
4169|41690|CARDOSO MOREIRA|
4535|45350|CARMO|
4243|42430|CASIMIRO ABREU|
4250|42500|CONCEI MACABU|
4545|45450|CORDEIRO|
4537|45370|DUAS BARRAS|
2221|22210|DUQUE DE CAXIAS|
2226|22260|GUAPIMIRIM|
1231|12310|IGUABA GRANDE|
2106|21060|ITABORAI|
4365|43650|ITALVA|
4452|44520|ITAOCARA|
4360|43600|ITAPERUNA|
3367|33670|ITATIAIA|
4361|43610|LAJE DO MURIAE|
4249|42490|MACAE|
4523|45230|MACUCO|
2227|22270|MAGE|
1120|11200|MANGARATIBA|
1407|14070|MARICA|
4454|44540|MIRACEMA|
4362|43620|NATIVIDADE|
1401|14010|NITEROI|
3236|32360|NOVA FRIBURGO|
3105|31050|PARAIBA DO SUL|
1117|11170|PARATY|
3103|31030|PETROPOLIS|
4363|43630|PORCIUNCULA|
3316|33160|PORTO REAL|
4268|42680|QUISSAMA|
3318|33180|RESENDE|
2108|21080|RIO BONITO|
4240|42400|RIO DAS OSTRAS|
4130|41300|S F ITABAPOANA|
4158|41580|S JOAO DA BARRA|
3166|31660|S JOSE VR PRETO|
4547|45470|S SEBAS DO ALTO|
4456|44560|SAO FIDELIS|
2102|21020|SAO GONCALO|
4322|43220|SAO JOSE DE UBA|
1341|13410|SAO PEDRO DA ALDEIA|
1238|12380|SAQUAREMA|
2109|21090|SILVA JARDIM|
4251|42510|STA MA MADALENA|
4453|44530|STO ANTONIO DE PADUA|
3234|32340|SUMIDOURO|
2111|21110|TANGUA|
3228|32280|TERESOPOLIS|
4248|42480|TRAJANO DE MORAIS|
3104|31040|TRES RIOS|
4364|43640|VARRE-SAI|
