011|011-TAXA RELIGAÇÃO DE URGENCIA MONO|37.2|03/15/2017|
011|011-TAXA RELIGAÇÃO DE URGENCIA MONO|35.5|03/15/2016|
011|011-TAXA RELIGAÇÃO DE URGENCIA MONO|32.09|03/15/2015|
011|011-TAXA RELIGAÇÃO DE URGENCIA MONO|29.83|04/08/2014|
011|011-TAXA RELIGAÇÃO DE URGENCIA MONO|28.2|04/15/2013|
011|011-TAXA RELIGAÇÃO DE URGENCIA MONO|26.57|03/15/2012|
011|011-TAXA RELIGAÇÃO DE URGENCIA MONO|25.1|03/15/2011|
011|011-TAXA RELIGAÇÃO DE URGENCIA MONO|23.65|08/01/2010|
012|012-TAXA RELIGAÇÃO DE URGENCIA BI|55.82|03/15/2017|
012|012-TAXA RELIGAÇÃO DE URGENCIA BI|53.26|03/15/2016|
012|012-TAXA RELIGAÇÃO DE URGENCIA BI|48.14|03/15/2015|
012|012-TAXA RELIGAÇÃO DE URGENCIA BI|44.76|04/08/2014|
012|012-TAXA RELIGAÇÃO DE URGENCIA BI|42.31|04/15/2013|
012|012-TAXA RELIGAÇÃO DE URGENCIA BI|39.86|03/15/2012|
012|012-TAXA RELIGAÇÃO DE URGENCIA BI|37.66|03/15/2011|
012|012-TAXA RELIGAÇÃO DE URGENCIA BI|35.48|08/01/2010|
013|013-TAXA RELIGAÇÃO DE URGENCIA TRI|93.05|03/15/2017|
013|013-TAXA RELIGAÇÃO DE URGENCIA TRI|88.78|03/15/2016|
013|013-TAXA RELIGAÇÃO DE URGENCIA TRI|80.25|03/15/2015|
013|013-TAXA RELIGAÇÃO DE URGENCIA TRI|74.61|04/08/2014|
013|013-TAXA RELIGAÇÃO DE URGENCIA TRI|70.53|04/15/2013|
013|013-TAXA RELIGAÇÃO DE URGENCIA TRI|66.44|03/15/2012|
013|013-TAXA RELIGAÇÃO DE URGENCIA TRI|62.77|03/15/2011|
013|013-TAXA RELIGAÇÃO DE URGENCIA TRI|59.15|08/01/2010|
065|065-TARIFA FISCAL|64.48|12/31/1997|
065|065-TARIFA FISCAL|64.48|01/05/1996|
390|390-TAXA DE VERIFICAÇÃO NÍVEL TENSÃO - MONO|8.37|03/15/2017|
390|390-TAXA DE VERIFICAÇÃO NÍVEL TENSÃO - MONO|7.99|03/15/2016|
390|390-TAXA DE VERIFICAÇÃO NÍVEL TENSÃO - MONO|7.22|03/15/2015|
390|390-TAXA DE VERIFICAÇÃO NÍVEL TENSÃO - MONO|6.71|04/08/2014|
390|390-TAXA DE VERIFICAÇÃO NÍVEL TENSÃO - MONO|6.34|04/15/2013|
390|390-TAXA DE VERIFICAÇÃO NÍVEL TENSÃO - MONO|5.98|03/15/2012|
390|390-TAXA DE VERIFICAÇÃO NÍVEL TENSÃO - MONO|5.65|03/15/2011|
390|390-TAXA DE VERIFICAÇÃO NÍVEL TENSÃO - MONO|5.32|08/01/2010|
391|391-TAXA DE VERIFICAÇÃO NÍVEL TENSÃO - BI|13.94|03/15/2017|
391|391-TAXA DE VERIFICAÇÃO NÍVEL TENSÃO - BI|13.3|03/15/2016|
391|391-TAXA DE VERIFICAÇÃO NÍVEL TENSÃO - BI|12.02|03/15/2015|
391|391-TAXA DE VERIFICAÇÃO NÍVEL TENSÃO - BI|11.18|04/08/2014|
391|391-TAXA DE VERIFICAÇÃO NÍVEL TENSÃO - BI|10.57|04/15/2013|
391|391-TAXA DE VERIFICAÇÃO NÍVEL TENSÃO - BI|9.95|03/15/2012|
391|391-TAXA DE VERIFICAÇÃO NÍVEL TENSÃO - BI|9.4|03/15/2011|
391|391-TAXA DE VERIFICAÇÃO NÍVEL TENSÃO - BI|8.86|08/01/2010|
392|392-TAXA DE VERIFICAÇÃO NÍVEL TENSÃO - TRI|16.74|03/15/2017|
392|392-TAXA DE VERIFICAÇÃO NÍVEL TENSÃO - TRI|15.97|03/15/2016|
392|392-TAXA DE VERIFICAÇÃO NÍVEL TENSÃO - TRI|14.44|03/15/2015|
392|392-TAXA DE VERIFICAÇÃO NÍVEL TENSÃO - TRI|13.42|04/08/2014|
392|392-TAXA DE VERIFICAÇÃO NÍVEL TENSÃO - TRI|12.69|04/15/2013|
392|392-TAXA DE VERIFICAÇÃO NÍVEL TENSÃO - TRI|11.95|03/15/2012|
392|392-TAXA DE VERIFICAÇÃO NÍVEL TENSÃO - TRI|11.29|03/15/2011|
392|392-TAXA DE VERIFICAÇÃO NÍVEL TENSÃO - TRI|10.64|08/01/2010|
932|AFERICAO BIFASICA GRUPO B|13.94|01/24/2000|
938|AFERICAO MONOFASICA - INMETRO|54.299999999999997|04/20/2005|
931|AFERICAO MONOFASICO - GRUPO B|8.3699999999999992|01/24/2000|
585|AFERICAO POLIFASICA - INMETRO|63.520000000000003|09/03/2013|
933|AFERICAO TRIFASICO - GRUPO B|18.59|01/25/2000|
937|AFERIÇÃO MEDIDOR DUPLA TARIFA -GB|34.060000000000002|08/22/2001|
314|COBRANCA MEDIDOR BIFASICO|170.0|10/14/2004|
313|COBRANCA MEDIDOR MONOFASICO|70.549999999999997|10/14/2004|
315|COBRANCA MEDIDOR TRIFASICO|209.58000000000001|10/14/2004|
136|DEV TAXA DE RELIGAÇAO BIFASICO|10.220000000000001|11/17/2009|
137|DEV TAXA DE RELIGAÇAO TRIFASICO|30.68|11/17/2009|
135|DEV TAXA DE RELIGAÇÃO MONO|7.4199999999999999|11/17/2009|
853|DISJUNTOR BIF 50 A|32.0|03/19/2007|
854|DISJUNTOR BIFASICO 70 A|47.0|03/19/2007|
637|DISJUNTOR BIFASICO ATE 63A C/MATERIAL|98.329999999999998|03/31/2004|
852|DISJUNTOR MONO 40 A|11.0|03/19/2007|
635|DISJUNTOR MONO ATE 63A C/MATERIAL|55.829999999999998|03/31/2004|
855|DISJUNTOR TRI 50 A|39.0|03/19/2007|
856|DISJUNTOR TRI 70 A|58.0|03/19/2007|
639|DISJUNTOR TRI ATE 100A C/MATERIAL|185.71000000000001|03/31/2004|
850|ENTREGA - METROPOLITANA|1.8500000000000001|05/09/2017|
851|ENTREGA - NACIONAL|1.8500000000000001|05/09/2017|
478|INSTAL/TROCA DE DISJUNTOR BI|40.07|05/21/2004|
477|INSTAL/TROCA DE DISJUNTOR MONO|40.07|05/21/2004|
479|INSTAL/TROCA DE DISJUNTOR TRI|53.299999999999997|05/21/2004|
919|PARC. FACILITADO (DE 0 A R$ 100)|18.0|07/12/2017|
068|PARC. FACILITADO (DE R$ 101 A R$ 500)|55.0|07/27/2017|
126|PARC. FACILITADO 2 (DE R$ 500 A R$ 1.000)|110.0|07/27/2017|
132|PARC. FACILITADO 3 (DE R$ 1.000 A R$ 2.000)|220.0|07/27/2017|
161|PARC. FACILITADO 4 (DE R$ 2.000 A R$ 3.000)|330.0|07/28/2017|
239|PARC. FACILITADO 5 (DE R$ 3.000 A R$ 4.000)|680.0|07/28/2017|
255|PARC. FACILITADO 6 (DE R$ 4.000 A R$ 8.000)|1265.0|07/28/2017|
256|PARC. FACILITADO 7 (ACIMA DE R$ 8.000)|2100.0|07/28/2017|
261|PROTESTO 1|18.100000000000001|09/05/2007|
262|PROTESTO 2|6.5|09/05/2007|
263|PROTESTO 3|229.38999999999999|10/19/2007|
266|PROTESTO 4|245.47|01/21/2008|
763|QUOTA MUDANCA LOCAL MEDIDOR|249.47999999999999|05/08/2012|
784|QUOTA REF PADRAO CX LENTE|324.31999999999999|06/09/2017|
762|QUOTA REFORMA DE PADRAO|249.47999999999999|05/08/2012|
157|SERVIÇO UNI AMPLA|2.7999999999999998|10/14/2004|
423|TAXA DE RELIGACAO  TRIF|30.68|11/07/2001|
422|TAXA DE RELIGACAO BIF|10.220000000000001|11/07/2001|
398|TAXA DE RELIGACAO MONO|7.4199999999999999|01/01/1995|
396|TAXA DE SEGUNDA VIA|2.77|01/01/1995|
412|TX DE REAVISO|0.96999999999999997|10/03/1999|
426|VARIACAO PRECO MED BI/TRI|17.559999999999999|01/29/2003|
425|VARIACAO PRECO MED MONO/BI|58.490000000000002|01/29/2003|
424|VARIACAO PRECO MED MONO/TRI|76.049999999999997|01/29/2003|
936|VISTORIA  TRIFASICA - GRUPO B|18.59|07/19/2001|
935|VISTORIA BIFASICA - GRUPO B|9.2899999999999991|07/19/2001|
934|VISTORIA MONOFASICA - GRUPO B|6.4900000000000002|07/19/2001|
