020|020-DEMAIS CLASSES|0.51239000000000001|01/01/2018|
020|020-DEMAIS CLASSES|0.54239000000000004|01/12/2017|
020|020-DEMAIS CLASSES|0.56238999999999995|01/11/2017|
020|020-DEMAIS CLASSES|0.54739000000000004|01/10/2017|
020|020-DEMAIS CLASSES|0.53239000000000003|01/09/2017|
020|020-DEMAIS CLASSES|0.54239000000000004|01/08/2017|
027|027-TUSD SERV PUB -AES TAR BCA HP|0.38039000000000001|01/01/2018|
027|027-TUSD SERV PUB -AES TAR BCA HP|0.60109999999999997|01/12/2017|
028|028-TUSD SERV PUB -AES TAR BCA FPT|0.11688999999999999|01/01/2018|
028|028-TUSD SERV PUB -AES TAR BCA FPT|0.17802999999999999|01/12/2017|
030|030-RURAL|0.35354999999999998|01/01/2018|
030|030-RURAL|0.38355|01/12/2017|
030|030-RURAL|0.40355000000000002|01/11/2017|
030|030-RURAL|0.38855000000000001|01/10/2017|
030|030-RURAL|0.37354999999999999|01/09/2017|
030|030-RURAL|0.38355|01/08/2017|
031|031-GR B ENERGIA - T41/42/43|0.32665|01/01/2018|
031|031-GR B ENERGIA - T41/42/43|0.35665000000000002|01/12/2017|
031|031-GR B ENERGIA - T41/42/43|0.37664999999999998|01/11/2017|
031|031-GR B ENERGIA - T41/42/43|0.36165000000000003|01/10/2017|
031|031-GR B ENERGIA - T41/42/43|0.34665000000000001|01/09/2017|
031|031-GR B ENERGIA - T41/42/43|0.35665000000000002|01/08/2017|
050|050-RURAL IRRIGANTE 8,5 HRS|0.14141999999999999|01/01/2018|
050|050-RURAL IRRIGANTE 8,5 HRS|0.15342|01/12/2017|
050|050-RURAL IRRIGANTE 8,5 HRS|0.16142000000000001|01/11/2017|
050|050-RURAL IRRIGANTE 8,5 HRS|0.15542|01/10/2017|
050|050-RURAL IRRIGANTE 8,5 HRS|0.14942|01/09/2017|
050|050-RURAL IRRIGANTE 8,5 HRS|0.15342|01/08/2017|
051|051-RESIDENCIAL TAR BRANCA HINT|0.63759999999999994|01/01/2018|
051|051-RESIDENCIAL TAR BRANCA HINT|0.66759999999999997|01/12/2017|
051|051-RESIDENCIAL TAR BRANCA HINT|0.68759999999999999|01/11/2017|
052|052-RESIDENCIAL TAR BRANCA HP|0.97219999999999995|01/01/2018|
052|052-RESIDENCIAL TAR BRANCA HP|1.0022|01/12/2017|
052|052-RESIDENCIAL TAR BRANCA HP|1.0222|01/11/2017|
053|053-RESIDENCIAL TAR BRANCA FPT|0.42532999999999999|01/01/2018|
053|053-RESIDENCIAL TAR BRANCA FPT|0.45533000000000001|01/12/2017|
053|053-RESIDENCIAL TAR BRANCA FPT|0.47532999999999997|01/11/2017|
054|054-DEMAIS CLASSES  TAR BRANCA HINT|0.6925|01/01/2018|
054|054-DEMAIS CLASSES  TAR BRANCA HINT|0.72250000000000003|01/12/2017|
054|054-DEMAIS CLASSES  TAR BRANCA HINT|0.74250000000000005|01/11/2017|
055|055-DEMAIS CLASSES  TAR BRANCA HP|1.06369|01/01/2018|
055|055-DEMAIS CLASSES  TAR BRANCA HP|1.0936900000000001|01/12/2017|
055|055-DEMAIS CLASSES  TAR BRANCA HP|1.1136900000000001|01/11/2017|
056|056-DEMAIS CLASSES  TAR BRANCA FPT|0.44363000000000002|01/01/2018|
056|056-DEMAIS CLASSES  TAR BRANCA FPT|0.47363|01/12/2017|
056|056-DEMAIS CLASSES  TAR BRANCA FPT|0.49363000000000001|01/11/2017|
057|057-RURAL TAR BRANCA HINT|0.44752999999999998|01/01/2018|
057|057-RURAL TAR BRANCA HINT|0.47753000000000001|01/12/2017|
057|057-RURAL TAR BRANCA HINT|0.49752999999999997|01/11/2017|
058|058-RURAL TAR BRANCA HP|0.68344000000000005|01/01/2018|
058|058-RURAL TAR BRANCA HP|0.71343999999999996|01/12/2017|
058|058-RURAL TAR BRANCA HP|0.73343999999999998|01/11/2017|
059|059-RURAL TAR BRANCA FPT|0.29601|01/01/2018|
059|059-RURAL TAR BRANCA FPT|0.32601000000000002|01/12/2017|
059|059-RURAL TAR BRANCA FPT|0.34600999999999998|01/11/2017|
060|060-SER. PUB-AES-TAR BRANCA HINT|0.58862999999999999|01/01/2018|
060|060-SER. PUB-AES-TAR BRANCA HINT|0.61863000000000001|01/12/2017|
060|060-SER. PUB-AES-TAR BRANCA HINT|0.63863000000000003|01/11/2017|
062|062-ILUMINAÇÃO PUBLICA B4A|0.28182000000000001|01/01/2018|
062|062-ILUMINAÇÃO PUBLICA B4A|0.31181999999999999|01/12/2017|
062|062-ILUMINAÇÃO PUBLICA B4A|0.33182|01/11/2017|
062|062-ILUMINAÇÃO PUBLICA B4A|0.31681999999999999|01/10/2017|
062|062-ILUMINAÇÃO PUBLICA B4A|0.30181999999999998|01/09/2017|
062|062-ILUMINAÇÃO PUBLICA B4A|0.31181999999999999|01/08/2017|
063|063-ILUMINAÇÃO PUBLICA B4B|0.30743999999999999|01/01/2018|
063|063-ILUMINAÇÃO PUBLICA B4B|0.33744000000000002|01/12/2017|
063|063-ILUMINAÇÃO PUBLICA B4B|0.35743999999999998|01/11/2017|
063|063-ILUMINAÇÃO PUBLICA B4B|0.34244000000000002|01/10/2017|
063|063-ILUMINAÇÃO PUBLICA B4B|0.32744000000000001|01/09/2017|
063|063-ILUMINAÇÃO PUBLICA B4B|0.33744000000000002|01/08/2017|
