074|074-RESID/RURAL GRUPO A - ENERGIA|01/01/2018|0.31218|
074|074-RESID/RURAL GRUPO A - ENERGIA|01/12/2017|0.34218|
074|074-RESID/RURAL GRUPO A - ENERGIA|01/11/2017|0.36218|
074|074-RESID/RURAL GRUPO A - ENERGIA|01/10/2017|0.34718|
074|074-RESID/RURAL GRUPO A - ENERGIA|01/09/2017|0.33218|
096|096-TUSD RESIDENCIAL TAR BCA - HINT|01/01/2018|0.40342|
096|096-TUSD RESIDENCIAL TAR BCA - HINT|01/12/2017|0.40342|
097|097-TUSD RESIDENCIAL TAR BCA - HP|01/01/2018|0.61569|
097|097-TUSD RESIDENCIAL TAR BCA - HP|01/12/2017|0.61569|
098|098-TUSD RESIDENCIAL TAR BCA - FPT|01/01/2018|0.19115|
098|098-TUSD RESIDENCIAL TAR BCA - FPT|01/10/2017|0.19115|
099|099-TUSD DEMAIS CLASSES TAR BCA - HINT|01/01/2018|0.45832|
099|099-TUSD DEMAIS CLASSES TAR BCA - HINT|01/12/2017|0.45832|
100|100-TUSD DEMAIS CLASSES TAR BCA - HP|01/01/2018|0.70718|
100|100-TUSD DEMAIS CLASSES TAR BCA - HP|01/12/2017|0.70718|
101|101-TUSD DEMAIS CLASSES TAR BCA - FPT|01/01/2018|0.20945|
101|101-TUSD DEMAIS CLASSES TAR BCA - FPT|01/12/2017|0.20945|
102|102-TUSD RURAL TAR BCA - HINT|01/01/2018|0.28594|
102|102-TUSD RURAL TAR BCA - HINT|01/12/2017|0.28594|
103|103-TUSD RURAL TAR BCA - HP|01/01/2018|0.43745|
103|103-TUSD RURAL TAR BCA - HP|01/12/2017|0.43745|
104|104-TUSD RURAL TAR BCA - FPT|01/01/2018|0.13442|
104|104-TUSD RURAL TAR BCA - FPT|01/12/2017|0.13442|
105|105-TUSD SERV PUB -AES TAR BCA HINT|01/01/2018|0.24864|
105|105-TUSD SERV PUB -AES TAR BCA HINT|01/12/2017|0.38957|
106|106-CONS REAT EXCED RES 414 ART96|01/01/2018|0.24438|
106|106-CONS REAT EXCED RES 414 ART96|01/12/2017|0.24438|
106|106-CONS REAT EXCED RES 414 ART96|01/11/2017|0.24438|
106|106-CONS REAT EXCED RES 414 ART96|01/10/2017|0.24438|
106|106-CONS REAT EXCED RES 414 ART96|01/09/2017|0.24438|
165|16-THS ATIVO PTA  SECO DEM CL - AZUL - A4 C/DESC15|01/01/2018|0.34688|
165|16-THS ATIVO PTA  SECO DEM CL - AZUL - A4 C/DESC15|01/12/2017|0.37688|
165|16-THS ATIVO PTA  SECO DEM CL - AZUL - A4 C/DESC15|01/11/2017|0.39688|
165|16-THS ATIVO PTA  SECO DEM CL - AZUL - A4 C/DESC15|01/10/2017|0.38188|
165|16-THS ATIVO PTA  SECO DEM CL - AZUL - A4 C/DESC15|01/09/2017|0.36688|
161|161-RES/RURAL CONVENC - ENERGIA C/DESC10|01/01/2018|0.28096|
161|161-RES/RURAL CONVENC - ENERGIA C/DESC10|01/12/2017|0.31096|
161|161-RES/RURAL CONVENC - ENERGIA C/DESC10|01/11/2017|0.33096|
161|161-RES/RURAL CONVENC - ENERGIA C/DESC10|01/10/2017|0.31596|
161|161-RES/RURAL CONVENC - ENERGIA C/DESC10|01/09/2017|0.30096|
162|162-THS ENERGIA P SECA  - T69 C/DESC10|01/01/2018|1.44456|
162|162-THS ENERGIA P SECA  - T69 C/DESC10|01/12/2017|1.47456|
162|162-THS ENERGIA P SECA  - T69 C/DESC10|01/11/2017|1.49456|
162|162-THS ENERGIA P SECA  - T69 C/DESC10|01/10/2017|1.47956|
162|162-THS ENERGIA P SECA  - T69 C/DESC10|01/09/2017|1.46456|
163|163-THS ENERGIA FP SECA - T64/69 C/DESC10|01/01/2018|0.27178|
163|163-THS ENERGIA FP SECA - T64/69 C/DESC10|01/12/2017|0.30178|
163|163-THS ENERGIA FP SECA - T64/69 C/DESC10|01/11/2017|0.32178|
163|163-THS ENERGIA FP SECA - T64/69 C/DESC10|01/10/2017|0.30678|
163|163-THS ENERGIA FP SECA - T64/69 C/DESC10|01/09/2017|0.29178|
164|164-TCV  ATIVO RURAL - A4 - OPTANTE C/DESC10|01/01/2018|0.3182|
164|164-TCV  ATIVO RURAL - A4 - OPTANTE C/DESC10|01/12/2017|0.3482|
164|164-TCV  ATIVO RURAL - A4 - OPTANTE C/DESC10|01/11/2017|0.3682|
164|164-TCV  ATIVO RURAL - A4 - OPTANTE C/DESC10|01/10/2017|0.3532|
164|164-TCV  ATIVO RURAL - A4 - OPTANTE C/DESC10|01/09/2017|0.3382|
166|166-THS ATIVO F PTA SECO DEM CL-AZ/VE-A4 C/DESC15|01/01/2018|0.2429|
166|166-THS ATIVO F PTA SECO DEM CL-AZ/VE-A4 C/DESC15|01/12/2017|0.2729|
166|166-THS ATIVO F PTA SECO DEM CL-AZ/VE-A4 C/DESC15|01/11/2017|0.2929|
166|166-THS ATIVO F PTA SECO DEM CL-AZ/VE-A4 C/DESC15|01/10/2017|0.2779|
166|166-THS ATIVO F PTA SECO DEM CL-AZ/VE-A4 C/DESC15|01/09/2017|0.2629|
167|167-GR A ENERGIA - T 54 C/DESC15|01/01/2018|0.26535|
167|167-GR A ENERGIA - T 54 C/DESC15|01/12/2017|0.29535|
167|167-GR A ENERGIA - T 54 C/DESC15|01/11/2017|0.31535|
167|167-GR A ENERGIA - T 54 C/DESC15|01/10/2017|0.30035|
167|167-GR A ENERGIA - T 54 C/DESC15|01/09/2017|0.28535|
168|168-THS ENERGIA P SECA - T64 C/DESC15|01/01/2018|0.36066|
168|168-THS ENERGIA P SECA - T64 C/DESC15|01/12/2017|0.39066|
168|168-THS ENERGIA P SECA - T64 C/DESC15|01/11/2017|0.41066|
168|168-THS ENERGIA P SECA - T64 C/DESC15|01/10/2017|0.39566|
168|168-THS ENERGIA P SECA - T64 C/DESC15|01/09/2017|0.38066|
169|169-THS ENERGIA FP SECA - AZ/VE- T64/69 C/DESC15|01/01/2018|0.25668|
169|169-THS ENERGIA FP SECA - AZ/VE- T64/69 C/DESC15|01/12/2017|0.28668|
169|169-THS ENERGIA FP SECA - AZ/VE- T64/69 C/DESC15|01/11/2017|0.30668|
169|169-THS ENERGIA FP SECA - AZ/VE- T64/69 C/DESC15|01/10/2017|0.29168|
169|169-THS ENERGIA FP SECA - AZ/VE- T64/69 C/DESC15|01/09/2017|0.27668|
170|170-TCV ATIVO DEM CL - A4 - OPTANTE C/DESC15|01/01/2018|0.43553|
170|170-TCV ATIVO DEM CL - A4 - OPTANTE C/DESC15|01/12/2017|0.46553|
170|170-TCV ATIVO DEM CL - A4 - OPTANTE C/DESC15|01/11/2017|0.48553|
170|170-TCV ATIVO DEM CL - A4 - OPTANTE C/DESC15|01/10/2017|0.47053|
170|170-TCV ATIVO DEM CL - A4 - OPTANTE C/DESC15|01/09/2017|0.45553|
171|171-THS ENERGIA P SECA  - T69 C/DESC15|01/01/2018|1.36431|
171|171-THS ENERGIA P SECA  - T69 C/DESC15|01/12/2017|1.39431|
171|171-THS ENERGIA P SECA  - T69 C/DESC15|01/11/2017|1.41431|
171|171-THS ENERGIA P SECA  - T69 C/DESC15|01/10/2017|1.39931|
171|171-THS ENERGIA P SECA  - T69 C/DESC15|01/09/2017|1.38431|
182|182-THS VERDE ENERGIA HP - ABRACE|01/01/2018|1.60507|
182|182-THS VERDE ENERGIA HP - ABRACE|01/12/2017|1.63507|
182|182-THS VERDE ENERGIA HP - ABRACE|01/11/2017|1.65507|
182|182-THS VERDE ENERGIA HP - ABRACE|01/10/2017|1.64007|
182|182-THS VERDE ENERGIA HP - ABRACE|01/09/2017|1.62507|
183|183-THS VERDE/AZUL ENERGIA FP - ABRACE|01/01/2018|0.30198|
183|183-THS VERDE/AZUL ENERGIA FP - ABRACE|01/12/2017|0.33198|
183|183-THS VERDE/AZUL ENERGIA FP - ABRACE|01/11/2017|0.35198|
183|183-THS VERDE/AZUL ENERGIA FP - ABRACE|01/10/2017|0.33698|
183|183-THS VERDE/AZUL ENERGIA FP - ABRACE|01/09/2017|0.32198|
278|278-THS ATIVO HP DEM CL AZUL A3-ABRACE|01/01/2018|0.40809|
278|278-THS ATIVO HP DEM CL AZUL A3-ABRACE|01/12/2017|0.43809|
278|278-THS ATIVO HP DEM CL AZUL A3-ABRACE|01/11/2017|0.45809|
278|278-THS ATIVO HP DEM CL AZUL A3-ABRACE|01/10/2017|0.44309|
278|278-THS ATIVO HP DEM CL AZUL A3-ABRACE|01/09/2017|0.42809|
279|279-GRA ENERGIA T45 - ABRACE|01/01/2018|0.31218|
279|279-GRA ENERGIA T45 - ABRACE|01/12/2017|0.34218|
279|279-GRA ENERGIA T45 - ABRACE|01/11/2017|0.36218|
279|279-GRA ENERGIA T45 - ABRACE|01/10/2017|0.34718|
279|279-GRA ENERGIA T45 - ABRACE|01/09/2017|0.33218|
280|280-THS ATIVO PTA  SECO DEM CLASSES  - VERDE - A4|01/01/2018|1.60507|
280|280-THS ATIVO PTA  SECO DEM CLASSES  - VERDE - A4|01/12/2017|1.63507|
280|280-THS ATIVO PTA  SECO DEM CLASSES  - VERDE - A4|01/11/2017|1.65507|
280|280-THS ATIVO PTA  SECO DEM CLASSES  - VERDE - A4|01/10/2017|1.64007|
280|280-THS ATIVO PTA  SECO DEM CLASSES  - VERDE - A4|01/09/2017|1.62507|
281|281-THS ATIVO PTA  UMIDO DEM CLASSES  - VERDE - A4|01/01/2018|1.60507|
281|281-THS ATIVO PTA  UMIDO DEM CLASSES  - VERDE - A4|01/12/2017|1.63507|
281|281-THS ATIVO PTA  UMIDO DEM CLASSES  - VERDE - A4|01/11/2017|1.65507|
281|281-THS ATIVO PTA  UMIDO DEM CLASSES  - VERDE - A4|01/10/2017|1.64007|
281|281-THS ATIVO PTA  UMIDO DEM CLASSES  - VERDE - A4|01/09/2017|1.62507|
282|282-THS ATIVO PTA  SECO DEM CLASSES  - AZUL - A4|01/01/2018|0.40809|
282|282-THS ATIVO PTA  SECO DEM CLASSES  - AZUL - A4|01/12/2017|0.43809|
282|282-THS ATIVO PTA  SECO DEM CLASSES  - AZUL - A4|01/11/2017|0.45809|
282|282-THS ATIVO PTA  SECO DEM CLASSES  - AZUL - A4|01/10/2017|0.44309|
282|282-THS ATIVO PTA  SECO DEM CLASSES  - AZUL - A4|01/09/2017|0.42809|
283|283-THS ATIVO PTA UMIDO DEM CLASSES AZUL - A4|01/01/2018|0.40809|
283|283-THS ATIVO PTA UMIDO DEM CLASSES AZUL - A4|01/12/2017|0.43809|
283|283-THS ATIVO PTA UMIDO DEM CLASSES AZUL - A4|01/11/2017|0.45809|
283|283-THS ATIVO PTA UMIDO DEM CLASSES AZUL - A4|01/10/2017|0.44309|
283|283-THS ATIVO PTA UMIDO DEM CLASSES AZUL - A4|01/09/2017|0.42809|
284|284-THS ATIVO F PTA SECO DEM CLASSES - AZ/VE - A4|01/01/2018|0.28576|
284|284-THS ATIVO F PTA SECO DEM CLASSES - AZ/VE - A4|01/12/2017|0.31576|
284|284-THS ATIVO F PTA SECO DEM CLASSES - AZ/VE - A4|01/11/2017|0.33576|
284|284-THS ATIVO F PTA SECO DEM CLASSES - AZ/VE - A4|01/10/2017|0.32076|
284|284-THS ATIVO F PTA SECO DEM CLASSES - AZ/VE - A4|01/09/2017|0.30576|
290|290-THS ENERGIA P SECA - T62|01/01/2018|0.39589|
290|290-THS ENERGIA P SECA - T62|01/12/2017|0.42589|
290|290-THS ENERGIA P SECA - T62|01/11/2017|0.44589|
290|290-THS ENERGIA P SECA - T62|01/10/2017|0.43089|
290|290-THS ENERGIA P SECA - T62|01/09/2017|0.41589|
291|291-THS ENERGIA P UMIDA - T 62|01/01/2018|0.39589|
291|291-THS ENERGIA P UMIDA - T 62|01/12/2017|0.42589|
291|291-THS ENERGIA P UMIDA - T 62|01/11/2017|0.44589|
291|291-THS ENERGIA P UMIDA - T 62|01/10/2017|0.43089|
291|291-THS ENERGIA P UMIDA - T 62|01/09/2017|0.41589|
292|292-THS ENERGIA FP SECA - T 62|01/01/2018|0.27356|
292|292-THS ENERGIA FP SECA - T 62|01/12/2017|0.30356|
292|292-THS ENERGIA FP SECA - T 62|01/11/2017|0.32356|
292|292-THS ENERGIA FP SECA - T 62|01/10/2017|0.30856|
292|292-THS ENERGIA FP SECA - T 62|01/09/2017|0.29356|
293|293-THS ENERGIA FP UMIDA - T62|01/01/2018|0.27356|
293|293-THS ENERGIA FP UMIDA - T62|01/12/2017|0.30356|
293|293-THS ENERGIA FP UMIDA - T62|01/11/2017|0.32356|
293|293-THS ENERGIA FP UMIDA - T62|01/10/2017|0.30856|
293|293-THS ENERGIA FP UMIDA - T62|01/09/2017|0.29356|
285|295-THS ATIVO F PTA UMIDO DEM. CLASSES AZ/VE - A4|01/01/2018|0.28576|
285|295-THS ATIVO F PTA UMIDO DEM. CLASSES AZ/VE - A4|01/12/2017|0.31576|
285|295-THS ATIVO F PTA UMIDO DEM. CLASSES AZ/VE - A4|01/11/2017|0.33576|
285|295-THS ATIVO F PTA UMIDO DEM. CLASSES AZ/VE - A4|01/10/2017|0.32076|
285|295-THS ATIVO F PTA UMIDO DEM. CLASSES AZ/VE - A4|01/09/2017|0.30576|
298|298-THS ENERGIA P SECA - T 64|01/01/2018|0.42431|
298|298-THS ENERGIA P SECA - T 64|01/12/2017|0.45431|
298|298-THS ENERGIA P SECA - T 64|01/11/2017|0.47431|
298|298-THS ENERGIA P SECA - T 64|01/10/2017|0.45931|
298|298-THS ENERGIA P SECA - T 64|01/09/2017|0.44431|
299|299-THS ENERGIA P UMIDA - T 64|01/01/2018|0.42431|
299|299-THS ENERGIA P UMIDA - T 64|01/12/2017|0.45431|
299|299-THS ENERGIA P UMIDA - T 64|01/11/2017|0.47431|
299|299-THS ENERGIA P UMIDA - T 64|01/10/2017|0.45931|
299|299-THS ENERGIA P UMIDA - T 64|01/09/2017|0.44431|
300|300-THS ENERGIA FP SECA - T 64 E 69|01/01/2018|0.30198|
300|300-THS ENERGIA FP SECA - T 64 E 69|01/12/2017|0.33198|
300|300-THS ENERGIA FP SECA - T 64 E 69|01/11/2017|0.35198|
300|300-THS ENERGIA FP SECA - T 64 E 69|01/10/2017|0.33698|
300|300-THS ENERGIA FP SECA - T 64 E 69|01/09/2017|0.32198|
301|301-THS ENERGIA FP UMIDA - T 64 E 69|01/01/2018|0.30198|
301|301-THS ENERGIA FP UMIDA - T 64 E 69|01/12/2017|0.33198|
301|301-THS ENERGIA FP UMIDA - T 64 E 69|01/11/2017|0.35198|
301|301-THS ENERGIA FP UMIDA - T 64 E 69|01/10/2017|0.33698|
301|301-THS ENERGIA FP UMIDA - T 64 E 69|01/09/2017|0.32198|
325|325-GRA ENERGIA - T 54-ANACE|01/01/2018|0.27182|
325|325-GRA ENERGIA - T 54-ANACE|01/12/2017|0.30182|
325|325-GRA ENERGIA - T 54-ANACE|01/11/2017|0.32182|
325|325-GRA ENERGIA - T 54-ANACE|01/10/2017|0.30682|
325|325-GRA ENERGIA - T 54-ANACE|01/09/2017|0.29182|
330|330-THS VERDE ENERGIA HP A4-SNIC|01/01/2018|1.56471|
330|330-THS VERDE ENERGIA HP A4-SNIC|01/12/2017|1.59471|
330|330-THS VERDE ENERGIA HP A4-SNIC|01/11/2017|1.61471|
330|330-THS VERDE ENERGIA HP A4-SNIC|01/10/2017|1.59971|
330|330-THS VERDE ENERGIA HP A4-SNIC|01/09/2017|1.58471|
331|331-THS VERDE ENERGIA FP A4-SNIC|01/01/2018|0.26162|
331|331-THS VERDE ENERGIA FP A4-SNIC|01/12/2017|0.29162|
331|331-THS VERDE ENERGIA FP A4-SNIC|01/11/2017|0.31162|
331|331-THS VERDE ENERGIA FP A4-SNIC|01/10/2017|0.29662|
331|331-THS VERDE ENERGIA FP A4-SNIC|01/09/2017|0.28162|
370|370-PRECO 370 MUNICIPIO 42 TAR B CL 04|01/01/2018||
370|370-PRECO 370 MUNICIPIO 42 TAR B CL 04|01/12/2017||
370|370-PRECO 370 MUNICIPIO 42 TAR B CL 04|01/11/2017||
370|370-PRECO 370 MUNICIPIO 42 TAR B CL 04|01/10/2017||
371|371-PRECO 371 MUNICIPIO 40 TAR B CL 01|01/01/2018||
371|371-PRECO 371 MUNICIPIO 40 TAR B CL 01|01/12/2017||
371|371-PRECO 371 MUNICIPIO 40 TAR B CL 01|01/11/2017||
371|371-PRECO 371 MUNICIPIO 40 TAR B CL 01|01/10/2017||
371|371-PRECO 371 MUNICIPIO 40 TAR B CL 01|01/09/2017||
372|372-PRECO 372 MUNICIPIO 40 TAR B CL 02 03|01/01/2018||
372|372-PRECO 372 MUNICIPIO 40 TAR B CL 02 03|01/12/2017||
372|372-PRECO 372 MUNICIPIO 40 TAR B CL 02 03|01/11/2017||
372|372-PRECO 372 MUNICIPIO 40 TAR B CL 02 03|01/10/2017||
372|372-PRECO 372 MUNICIPIO 40 TAR B CL 02 03|01/09/2017||
373|373-PRECO 373 MUNICIPIO 40 TAR B CL 04|01/01/2018||
373|373-PRECO 373 MUNICIPIO 40 TAR B CL 04|01/12/2017||
373|373-PRECO 373 MUNICIPIO 40 TAR B CL 04|01/11/2017||
373|373-PRECO 373 MUNICIPIO 40 TAR B CL 04|01/10/2017||
373|373-PRECO 373 MUNICIPIO 40 TAR B CL 04|01/09/2017||
374|374-PRECO 374 MUNICIPIO 40 TAR A CL 01 02 03 04|01/01/2018||
374|374-PRECO 374 MUNICIPIO 40 TAR A CL 01 02 03 04|01/12/2017||
374|374-PRECO 374 MUNICIPIO 40 TAR A CL 01 02 03 04|01/11/2017||
374|374-PRECO 374 MUNICIPIO 40 TAR A CL 01 02 03 04|01/10/2017||
374|374-PRECO 374 MUNICIPIO 40 TAR A CL 01 02 03 04|01/09/2017||
401|401-TCV ATIVO DEM CLASSES - A4 - OPTANTE|01/01/2018|0.51239|
401|401-TCV ATIVO DEM CLASSES - A4 - OPTANTE|01/12/2017|0.54239|
401|401-TCV ATIVO DEM CLASSES - A4 - OPTANTE|01/11/2017|0.56239|
401|401-TCV ATIVO DEM CLASSES - A4 - OPTANTE|01/10/2017|0.54739|
401|401-TCV ATIVO DEM CLASSES - A4 - OPTANTE|01/09/2017|0.53239|
403|403-GRA ENERGIA - T 54|01/01/2018|0.31218|
403|403-GRA ENERGIA - T 54|01/12/2017|0.34218|
403|403-GRA ENERGIA - T 54|01/11/2017|0.36218|
403|403-GRA ENERGIA - T 54|01/10/2017|0.34718|
403|403-GRA ENERGIA - T 54|01/09/2017|0.33218|
404|404-GRA ENERGIA -  T 55|01/01/2018|0.31218|
404|404-GRA ENERGIA -  T 55|01/12/2017|0.34218|
404|404-GRA ENERGIA -  T 55|01/11/2017|0.36218|
404|404-GRA ENERGIA -  T 55|01/10/2017|0.34718|
404|404-GRA ENERGIA -  T 55|01/09/2017|0.33218|
421|421-TCV  ATIVO  -  AES - A4 - OPTANTE|01/01/2018|0.51239|
421|421-TCV  ATIVO  -  AES - A4 - OPTANTE|01/12/2017|0.54239|
421|421-TCV  ATIVO  -  AES - A4 - OPTANTE|01/11/2017|0.56239|
421|421-TCV  ATIVO  -  AES - A4 - OPTANTE|01/10/2017|0.54739|
421|421-TCV  ATIVO  -  AES - A4 - OPTANTE|01/09/2017|0.53239|
422|422-THS ENERGIA P SECA - T 65|01/01/2018|0.42431|
422|422-THS ENERGIA P SECA - T 65|01/12/2017|0.45431|
422|422-THS ENERGIA P SECA - T 65|01/11/2017|0.47431|
422|422-THS ENERGIA P SECA - T 65|01/10/2017|0.45931|
422|422-THS ENERGIA P SECA - T 65|01/09/2017|0.44431|
423|423-THS ENERGIA P UMIDA T 65|01/01/2018|0.42431|
423|423-THS ENERGIA P UMIDA T 65|01/12/2017|0.45431|
423|423-THS ENERGIA P UMIDA T 65|01/11/2017|0.47431|
423|423-THS ENERGIA P UMIDA T 65|01/10/2017|0.45931|
423|423-THS ENERGIA P UMIDA T 65|01/09/2017|0.44431|
424|424-THS ENERGIA F P SECA - T 65 E 68|01/01/2018|0.30198|
424|424-THS ENERGIA F P SECA - T 65 E 68|01/12/2017|0.33198|
424|424-THS ENERGIA F P SECA - T 65 E 68|01/11/2017|0.35198|
424|424-THS ENERGIA F P SECA - T 65 E 68|01/10/2017|0.33698|
424|424-THS ENERGIA F P SECA - T 65 E 68|01/09/2017|0.32198|
425|425-THS ENERGIA FP UMIDA - T 65 E 68|01/01/2018|0.30198|
425|425-THS ENERGIA FP UMIDA - T 65 E 68|01/12/2017|0.33198|
425|425-THS ENERGIA FP UMIDA - T 65 E 68|01/11/2017|0.35198|
425|425-THS ENERGIA FP UMIDA - T 65 E 68|01/10/2017|0.33698|
425|425-THS ENERGIA FP UMIDA - T 65 E 68|01/09/2017|0.32198|
440|440-TCV  ATIVO RURAL -  A4|01/01/2018|0.32665|
440|440-TCV  ATIVO RURAL -  A4|01/12/2017|0.35665|
440|440-TCV  ATIVO RURAL -  A4|01/11/2017|0.37665|
440|440-TCV  ATIVO RURAL -  A4|01/10/2017|0.36165|
440|440-TCV  ATIVO RURAL -  A4|01/09/2017|0.34665|
441|441-GRB ENERGIA - T 13|01/01/2018|0.35355|
441|441-GRB ENERGIA - T 13|01/12/2017|0.38355|
441|441-GRB ENERGIA - T 13|01/11/2017|0.40355|
441|441-GRB ENERGIA - T 13|01/10/2017|0.38855|
441|441-GRB ENERGIA - T 13|01/09/2017|0.37355|
481|481-GR B ENERGIA - T 03|01/01/2018|0.51239|
481|481-GR B ENERGIA - T 03|01/12/2017|0.54239|
481|481-GR B ENERGIA - T 03|01/11/2017|0.56239|
481|481-GR B ENERGIA - T 03|01/10/2017|0.54739|
481|481-GR B ENERGIA - T 03|01/09/2017|0.53239|
493|493-THS ENERGIA P SECA - T 68|01/01/2018|1.60507|
493|493-THS ENERGIA P SECA - T 68|01/12/2017|1.63507|
493|493-THS ENERGIA P SECA - T 68|01/11/2017|1.65507|
493|493-THS ENERGIA P SECA - T 68|01/10/2017|1.64007|
493|493-THS ENERGIA P SECA - T 68|01/09/2017|1.62507|
494|494-THS ENERGIA P UMIDA - T 68|01/01/2018|1.60507|
494|494-THS ENERGIA P UMIDA - T 68|01/12/2017|1.63507|
494|494-THS ENERGIA P UMIDA - T 68|01/11/2017|1.65507|
494|494-THS ENERGIA P UMIDA - T 68|01/10/2017|1.64007|
494|494-THS ENERGIA P UMIDA - T 68|01/09/2017|1.62507|
495|495-THS ENERGIA P SECA - T 69|01/01/2018|1.60507|
495|495-THS ENERGIA P SECA - T 69|01/12/2017|1.63507|
495|495-THS ENERGIA P SECA - T 69|01/11/2017|1.65507|
495|495-THS ENERGIA P SECA - T 69|01/10/2017|1.64007|
495|495-THS ENERGIA P SECA - T 69|01/09/2017|1.62507|
496|496-THS ENERGIA P UMIDA - T 69|01/01/2018|1.60507|
496|496-THS ENERGIA P UMIDA - T 69|01/12/2017|1.63507|
496|496-THS ENERGIA P UMIDA - T 69|01/11/2017|1.65507|
496|496-THS ENERGIA P UMIDA - T 69|01/10/2017|1.64007|
496|496-THS ENERGIA P UMIDA - T 69|01/09/2017|1.62507|
510|510-THS ATIVO PTA SECO DEM CLASSE VERDE A4 RES/RUR|01/01/2018|1.60507|
510|510-THS ATIVO PTA SECO DEM CLASSE VERDE A4 RES/RUR|01/12/2017|1.63507|
510|510-THS ATIVO PTA SECO DEM CLASSE VERDE A4 RES/RUR|01/11/2017|1.65507|
510|510-THS ATIVO PTA SECO DEM CLASSE VERDE A4 RES/RUR|01/10/2017|1.64007|
510|510-THS ATIVO PTA SECO DEM CLASSE VERDE A4 RES/RUR|01/09/2017|1.62507|
511|511-THS ATIVO PTA UMIDO DEM CLASSES VDE A4 RES/RUR|01/01/2018|1.60507|
511|511-THS ATIVO PTA UMIDO DEM CLASSES VDE A4 RES/RUR|01/12/2017|1.63507|
511|511-THS ATIVO PTA UMIDO DEM CLASSES VDE A4 RES/RUR|01/11/2017|1.65507|
511|511-THS ATIVO PTA UMIDO DEM CLASSES VDE A4 RES/RUR|01/10/2017|1.64007|
511|511-THS ATIVO PTA UMIDO DEM CLASSES VDE A4 RES/RUR|01/09/2017|1.62507|
512|512-THS ATIVO PTA SECO DEM CLASSE AZUL A4 RES/RUR|01/01/2018|0.40809|
512|512-THS ATIVO PTA SECO DEM CLASSE AZUL A4 RES/RUR|01/12/2017|0.43809|
512|512-THS ATIVO PTA SECO DEM CLASSE AZUL A4 RES/RUR|01/11/2017|0.45809|
512|512-THS ATIVO PTA SECO DEM CLASSE AZUL A4 RES/RUR|01/10/2017|0.44309|
512|512-THS ATIVO PTA SECO DEM CLASSE AZUL A4 RES/RUR|01/09/2017|0.42809|
513|513-THS PTA UMIDO DEM CLASSES AZUL A4 RES/RUR|01/01/2018|0.40809|
513|513-THS PTA UMIDO DEM CLASSES AZUL A4 RES/RUR|01/12/2017|0.43809|
513|513-THS PTA UMIDO DEM CLASSES AZUL A4 RES/RUR|01/11/2017|0.45809|
513|513-THS PTA UMIDO DEM CLASSES AZUL A4 RES/RUR|01/10/2017|0.44309|
513|513-THS PTA UMIDO DEM CLASSES AZUL A4 RES/RUR|01/09/2017|0.42809|
514|514-THS AT F PTA SEC DEM CLASSES AZ/VE A4 RES/RUR|01/01/2018|0.28576|
514|514-THS AT F PTA SEC DEM CLASSES AZ/VE A4 RES/RUR|01/12/2017|0.31576|
514|514-THS AT F PTA SEC DEM CLASSES AZ/VE A4 RES/RUR|01/11/2017|0.33576|
514|514-THS AT F PTA SEC DEM CLASSES AZ/VE A4 RES/RUR|01/10/2017|0.32076|
514|514-THS AT F PTA SEC DEM CLASSES AZ/VE A4 RES/RUR|01/09/2017|0.30576|
515|515-THS AT F PTA UMIDO DEM CLASSE AZ/VE A4 RES/RUR|01/01/2018|0.28576|
515|515-THS AT F PTA UMIDO DEM CLASSE AZ/VE A4 RES/RUR|01/12/2017|0.31576|
515|515-THS AT F PTA UMIDO DEM CLASSE AZ/VE A4 RES/RUR|01/11/2017|0.33576|
515|515-THS AT F PTA UMIDO DEM CLASSE AZ/VE A4 RES/RUR|01/10/2017|0.32076|
515|515-THS AT F PTA UMIDO DEM CLASSE AZ/VE A4 RES/RUR|01/09/2017|0.30576|
528|528-THS ENERGIA P SECA - T 64 RES/RUR|01/01/2018|0.42431|
528|528-THS ENERGIA P SECA - T 64 RES/RUR|01/12/2017|0.45431|
528|528-THS ENERGIA P SECA - T 64 RES/RUR|01/11/2017|0.47431|
528|528-THS ENERGIA P SECA - T 64 RES/RUR|01/10/2017|0.45931|
528|528-THS ENERGIA P SECA - T 64 RES/RUR|01/09/2017|0.44431|
529|529-THS ENERGIA P UMIDA - T 64 - RES/RUR|01/01/2018|0.42431|
529|529-THS ENERGIA P UMIDA - T 64 - RES/RUR|01/12/2017|0.45431|
529|529-THS ENERGIA P UMIDA - T 64 - RES/RUR|01/11/2017|0.47431|
529|529-THS ENERGIA P UMIDA - T 64 - RES/RUR|01/10/2017|0.45931|
529|529-THS ENERGIA P UMIDA - T 64 - RES/RUR|01/09/2017|0.44431|
530|530-THS ENERGIA FP SECA - T 64 E 69 RES/RUR|01/01/2018|0.30198|
530|530-THS ENERGIA FP SECA - T 64 E 69 RES/RUR|01/12/2017|0.33198|
530|530-THS ENERGIA FP SECA - T 64 E 69 RES/RUR|01/11/2017|0.35198|
530|530-THS ENERGIA FP SECA - T 64 E 69 RES/RUR|01/10/2017|0.33698|
530|530-THS ENERGIA FP SECA - T 64 E 69 RES/RUR|01/09/2017|0.32198|
531|531-THS ENERGIA FP UMIDA T 64 E 69 RES/RUR|01/01/2018|0.30198|
531|531-THS ENERGIA FP UMIDA T 64 E 69 RES/RUR|01/12/2017|0.33198|
531|531-THS ENERGIA FP UMIDA T 64 E 69 RES/RUR|01/11/2017|0.35198|
531|531-THS ENERGIA FP UMIDA T 64 E 69 RES/RUR|01/10/2017|0.33698|
531|531-THS ENERGIA FP UMIDA T 64 E 69 RES/RUR|01/09/2017|0.32198|
536|536-THS ENERGIA P SECA - T 65 RES/RUR|01/01/2018|0.42431|
536|536-THS ENERGIA P SECA - T 65 RES/RUR|01/12/2017|0.45431|
536|536-THS ENERGIA P SECA - T 65 RES/RUR|01/11/2017|0.47431|
536|536-THS ENERGIA P SECA - T 65 RES/RUR|01/10/2017|0.45931|
536|536-THS ENERGIA P SECA - T 65 RES/RUR|01/09/2017|0.44431|
537|537-THS ENERGIA P UMIDA - T 65 RES/RUR|01/01/2018|0.42431|
537|537-THS ENERGIA P UMIDA - T 65 RES/RUR|01/12/2017|0.45431|
537|537-THS ENERGIA P UMIDA - T 65 RES/RUR|01/11/2017|0.47431|
537|537-THS ENERGIA P UMIDA - T 65 RES/RUR|01/10/2017|0.45931|
537|537-THS ENERGIA P UMIDA - T 65 RES/RUR|01/09/2017|0.44431|
538|538-THS ENERGIA FP SECA - T 65 E 68 RES/RUR|01/01/2018|0.30198|
538|538-THS ENERGIA FP SECA - T 65 E 68 RES/RUR|01/12/2017|0.33198|
538|538-THS ENERGIA FP SECA - T 65 E 68 RES/RUR|01/11/2017|0.35198|
538|538-THS ENERGIA FP SECA - T 65 E 68 RES/RUR|01/10/2017|0.33698|
538|538-THS ENERGIA FP SECA - T 65 E 68 RES/RUR|01/09/2017|0.32198|
539|539-THS ENERGIA FP UMIDA - T 65 E 68 RES/RUR|01/01/2018|0.30198|
539|539-THS ENERGIA FP UMIDA - T 65 E 68 RES/RUR|01/12/2017|0.33198|
539|539-THS ENERGIA FP UMIDA - T 65 E 68 RES/RUR|01/11/2017|0.35198|
539|539-THS ENERGIA FP UMIDA - T 65 E 68 RES/RUR|01/10/2017|0.33698|
539|539-THS ENERGIA FP UMIDA - T 65 E 68 RES/RUR|01/09/2017|0.32198|
544|544-THS ENERGIA P SECA - T 68  RES/RUR|01/01/2018|1.60507|
544|544-THS ENERGIA P SECA - T 68  RES/RUR|01/12/2017|1.63507|
544|544-THS ENERGIA P SECA - T 68  RES/RUR|01/11/2017|1.65507|
544|544-THS ENERGIA P SECA - T 68  RES/RUR|01/10/2017|1.64007|
544|544-THS ENERGIA P SECA - T 68  RES/RUR|01/09/2017|1.62507|
545|545-THS ENERGIA P UMIDA - T 68 RES/RUR|01/01/2018|1.60507|
545|545-THS ENERGIA P UMIDA - T 68 RES/RUR|01/12/2017|1.63507|
545|545-THS ENERGIA P UMIDA - T 68 RES/RUR|01/11/2017|1.65507|
545|545-THS ENERGIA P UMIDA - T 68 RES/RUR|01/10/2017|1.64007|
545|545-THS ENERGIA P UMIDA - T 68 RES/RUR|01/09/2017|1.62507|
546|546-THS ENERGIA P SECA - T 69 - RES/RUR|01/01/2018|1.60507|
546|546-THS ENERGIA P SECA - T 69 - RES/RUR|01/12/2017|1.63507|
546|546-THS ENERGIA P SECA - T 69 - RES/RUR|01/11/2017|1.65507|
546|546-THS ENERGIA P SECA - T 69 - RES/RUR|01/10/2017|1.64007|
546|546-THS ENERGIA P SECA - T 69 - RES/RUR|01/09/2017|1.62507|
547|547-THS ENERGIA P UMIDA - T 69 RES/RUR|01/01/2018|1.60507|
547|547-THS ENERGIA P UMIDA - T 69 RES/RUR|01/12/2017|1.63507|
547|547-THS ENERGIA P UMIDA - T 69 RES/RUR|01/11/2017|1.65507|
547|547-THS ENERGIA P UMIDA - T 69 RES/RUR|01/10/2017|1.64007|
547|547-THS ENERGIA P UMIDA - T 69 RES/RUR|01/09/2017|1.62507|
550|550-THS ENERGIA FP SECA CLASSE VERDE A3A RES/RUR|01/01/2018|0.30198|
550|550-THS ENERGIA FP SECA CLASSE VERDE A3A RES/RUR|01/12/2017|0.33198|
550|550-THS ENERGIA FP SECA CLASSE VERDE A3A RES/RUR|01/11/2017|0.35198|
550|550-THS ENERGIA FP SECA CLASSE VERDE A3A RES/RUR|01/10/2017|0.33698|
550|550-THS ENERGIA FP SECA CLASSE VERDE A3A RES/RUR|01/09/2017|0.32198|
551|551-THS ENERGIA FP UMIDA CLASSE VERDE A3A RES/RUR|01/01/2018|0.30198|
551|551-THS ENERGIA FP UMIDA CLASSE VERDE A3A RES/RUR|01/12/2017|0.33198|
551|551-THS ENERGIA FP UMIDA CLASSE VERDE A3A RES/RUR|01/11/2017|0.35198|
551|551-THS ENERGIA FP UMIDA CLASSE VERDE A3A RES/RUR|01/10/2017|0.33698|
551|551-THS ENERGIA FP UMIDA CLASSE VERDE A3A RES/RUR|01/09/2017|0.32198|
552|552-THS ENERGIA FP SECA CLASSE VERDE A4 RES/RUR|01/01/2018|0.30198|
552|552-THS ENERGIA FP SECA CLASSE VERDE A4 RES/RUR|01/12/2017|0.33198|
552|552-THS ENERGIA FP SECA CLASSE VERDE A4 RES/RUR|01/11/2017|0.35198|
552|552-THS ENERGIA FP SECA CLASSE VERDE A4 RES/RUR|01/10/2017|0.33698|
552|552-THS ENERGIA FP SECA CLASSE VERDE A4 RES/RUR|01/09/2017|0.32198|
553|553-THS ENERGIA FP UMIDA CLASSE VERDE A4 RES/RUR|01/01/2018|0.30198|
553|553-THS ENERGIA FP UMIDA CLASSE VERDE A4 RES/RUR|01/12/2017|0.33198|
553|553-THS ENERGIA FP UMIDA CLASSE VERDE A4 RES/RUR|01/11/2017|0.35198|
553|553-THS ENERGIA FP UMIDA CLASSE VERDE A4 RES/RUR|01/10/2017|0.33698|
553|553-THS ENERGIA FP UMIDA CLASSE VERDE A4 RES/RUR|01/09/2017|0.32198|
558|558-THS ENERGIA PTA SECA CLASSE AZUL A2 RES/RUR|01/01/2018|0.39589|
558|558-THS ENERGIA PTA SECA CLASSE AZUL A2 RES/RUR|01/12/2017|0.42589|
558|558-THS ENERGIA PTA SECA CLASSE AZUL A2 RES/RUR|01/11/2017|0.44589|
558|558-THS ENERGIA PTA SECA CLASSE AZUL A2 RES/RUR|01/10/2017|0.43089|
558|558-THS ENERGIA PTA SECA CLASSE AZUL A2 RES/RUR|01/09/2017|0.41589|
559|559-THS ENERG PTA UMIDA CLASSE AZUL A2 RES/RUR|01/01/2018|0.39589|
559|559-THS ENERG PTA UMIDA CLASSE AZUL A2 RES/RUR|01/12/2017|0.42589|
559|559-THS ENERG PTA UMIDA CLASSE AZUL A2 RES/RUR|01/11/2017|0.44589|
559|559-THS ENERG PTA UMIDA CLASSE AZUL A2 RES/RUR|01/10/2017|0.43089|
559|559-THS ENERG PTA UMIDA CLASSE AZUL A2 RES/RUR|01/09/2017|0.41589|
560|560-THS ENERG FP SECA CLASSE AZUL A2 RES/RUR|01/01/2018|0.27356|
560|560-THS ENERG FP SECA CLASSE AZUL A2 RES/RUR|01/12/2017|0.30356|
560|560-THS ENERG FP SECA CLASSE AZUL A2 RES/RUR|01/11/2017|0.32356|
560|560-THS ENERG FP SECA CLASSE AZUL A2 RES/RUR|01/10/2017|0.30856|
560|560-THS ENERG FP SECA CLASSE AZUL A2 RES/RUR|01/09/2017|0.29356|
561|561-THS ENERG FP UMIDA CLASSE AZUL A2 RES/RUR|01/01/2018|0.27356|
561|561-THS ENERG FP UMIDA CLASSE AZUL A2 RES/RUR|01/12/2017|0.30356|
561|561-THS ENERG FP UMIDA CLASSE AZUL A2 RES/RUR|01/11/2017|0.32356|
561|561-THS ENERG FP UMIDA CLASSE AZUL A2 RES/RUR|01/10/2017|0.30856|
561|561-THS ENERG FP UMIDA CLASSE AZUL A2 RES/RUR|01/09/2017|0.29356|
592|592-ENERGIA COOP ELET RURAL|01/01/2018|0.18299|
592|592-ENERGIA COOP ELET RURAL|01/12/2017|0.21299|
592|592-ENERGIA COOP ELET RURAL|01/11/2017|0.23299|
592|592-ENERGIA COOP ELET RURAL|01/10/2017|0.21799|
592|592-ENERGIA COOP ELET RURAL|01/09/2017|0.20299|
396|PRECO 396 MUNICIPIO 57 TAR B CL 01|01/01/2018||
397|PRECO 397 MUNICIPIO 57 TAR B CL 01 SUBCL BXR|01/01/2018||
398|PRECO 398 MUNICIPIO 57 TAR B CL 03|01/01/2018||
468|PRECO 468 MUNICIPIO 57 TAR B CL 02|01/01/2018||
469|PRECO 469 MUNICIPIO 57 TAR B CL 04|01/01/2018||
470|PRECO 470 MUNICIPIO 57 TAR B CL 05 07|01/01/2018||
471|PRECO 471 MUNICIPIO 57 TAR B CL 08|01/01/2018||
472|PRECO 472 MUNIC 57 TAR A CL 01 02 03 04 05 07 08|01/01/2018||
473|PRECO 473 MUNIC 43 TAR A B CL 01|01/01/2018||
474|PRECO 474 MUNIC 43 TAR A B CL 02 03|01/01/2018||
475|PRECO 475 MUNIC 43 TAR A B CL 04|01/01/2018||
476|PRECO 476 MUNIC 48 TAR B CL 01|01/01/2018||
477|PRECO 477 MUNIC 48 TAR B CL 03|01/01/2018||
478|PRECO 478 MUNIC 48 TAR B CL 02|01/01/2018||
479|PRECO 479 MUNIC 48 TAR B CL 04|01/01/2018||
480|PRECO 480 MUNIC 48 TAR A CL 01 02 03 04|01/01/2018||
486|PRECO 486 MUNICIPIO 47 TAR A CL 01 02 03|01/01/2018||
486|PRECO 486 MUNICIPIO 47 TAR A CL 01 02 03|01/12/2017||
486|PRECO 486 MUNICIPIO 47 TAR A CL 01 02 03|01/11/2017||
486|PRECO 486 MUNICIPIO 47 TAR A CL 01 02 03|01/10/2017||
486|PRECO 486 MUNICIPIO 47 TAR A CL 01 02 03|01/09/2017||
488|PRECO 488 MUNICIPIO 47 TAR B CL 01|01/01/2018||
488|PRECO 488 MUNICIPIO 47 TAR B CL 01|01/12/2017||
488|PRECO 488 MUNICIPIO 47 TAR B CL 01|01/11/2017||
488|PRECO 488 MUNICIPIO 47 TAR B CL 01|01/10/2017||
488|PRECO 488 MUNICIPIO 47 TAR B CL 01|01/09/2017||
489|PRECO 489 MUNICIPIO 47 TAR B CL 02|01/01/2018||
489|PRECO 489 MUNICIPIO 47 TAR B CL 02|01/12/2017||
489|PRECO 489 MUNICIPIO 47 TAR B CL 02|01/11/2017||
489|PRECO 489 MUNICIPIO 47 TAR B CL 02|01/10/2017||
489|PRECO 489 MUNICIPIO 47 TAR B CL 02|01/09/2017||
490|PRECO 490 MUNICIPIO 47 TAR B CL 03|01/01/2018||
490|PRECO 490 MUNICIPIO 47 TAR B CL 03|01/12/2017||
490|PRECO 490 MUNICIPIO 47 TAR B CL 03|01/11/2017||
490|PRECO 490 MUNICIPIO 47 TAR B CL 03|01/10/2017||
490|PRECO 490 MUNICIPIO 47 TAR B CL 03|01/09/2017||
499|PRECO 499 MUNICIPIO 31 TAR B CL 01|01/01/2018||
499|PRECO 499 MUNICIPIO 31 TAR B CL 01|01/12/2017||
499|PRECO 499 MUNICIPIO 31 TAR B CL 01|01/11/2017||
499|PRECO 499 MUNICIPIO 31 TAR B CL 01|01/10/2017||
499|PRECO 499 MUNICIPIO 31 TAR B CL 01|01/09/2017||
500|PRECO 500 MUNICIPIO 31 TAR B CL 02 03|01/01/2018||
500|PRECO 500 MUNICIPIO 31 TAR B CL 02 03|01/12/2017||
500|PRECO 500 MUNICIPIO 31 TAR B CL 02 03|01/11/2017||
500|PRECO 500 MUNICIPIO 31 TAR B CL 02 03|01/10/2017||
500|PRECO 500 MUNICIPIO 31 TAR B CL 02 03|01/09/2017||
501|PRECO 501 MUNICIPIO 31 TAR A CL 01 02 03 04|01/01/2018||
501|PRECO 501 MUNICIPIO 31 TAR A CL 01 02 03 04|01/12/2017||
501|PRECO 501 MUNICIPIO 31 TAR A CL 01 02 03 04|01/11/2017||
501|PRECO 501 MUNICIPIO 31 TAR A CL 01 02 03 04|01/10/2017||
501|PRECO 501 MUNICIPIO 31 TAR A CL 01 02 03 04|01/09/2017||
506|PRECO 506 MUNICIPIO 30 TAR A B CL 04|01/01/2018||
506|PRECO 506 MUNICIPIO 30 TAR A B CL 04|01/12/2017||
506|PRECO 506 MUNICIPIO 30 TAR A B CL 04|01/11/2017||
506|PRECO 506 MUNICIPIO 30 TAR A B CL 04|01/10/2017||
506|PRECO 506 MUNICIPIO 30 TAR A B CL 04|01/09/2017||
507|PRECO 507 MUNICIPIO 30 TAR A B CL 02|01/01/2018||
507|PRECO 507 MUNICIPIO 30 TAR A B CL 02|01/12/2017||
507|PRECO 507 MUNICIPIO 30 TAR A B CL 02|01/11/2017||
507|PRECO 507 MUNICIPIO 30 TAR A B CL 02|01/10/2017||
507|PRECO 507 MUNICIPIO 30 TAR A B CL 02|01/09/2017||
508|PRECO 508 MUNICIPIO 30 TAR A B CL 01|01/01/2018||
508|PRECO 508 MUNICIPIO 30 TAR A B CL 01|01/12/2017||
508|PRECO 508 MUNICIPIO 30 TAR A B CL 01|01/11/2017||
508|PRECO 508 MUNICIPIO 30 TAR A B CL 01|01/10/2017||
508|PRECO 508 MUNICIPIO 30 TAR A B CL 01|01/09/2017||
