1501|15010|ABAIARA|
2711|27110|ACARAPE|
3502|35020|ACARAU|
1201|12010|ACOPIARA|
1601|16010|AIUABA|
3203|32030|ALCANTARAS|
1111|11110|ALTANEIRA|
2501|25010|ALTO SANTO|
3503|35030|AMONTADA|
1602|16020|ANTONINA DO NORTE|
3401|34010|APUIARES|
2000|20000|AQUIRAZ|
2400|24000|ARACATI|
2701|27010|ARACOIABA|
3914|39140|ARARENDA|
1603|16030|ARARIPE|
2702|27020|ARATUBA|
3702|37020|ARNEIROZ|
1114|11140|ASSARE|
1502|15020|AURORA|
1801|18010|BAIXIO|
2804|28040|BANABUIU|
1301|13010|BARBALHA|
2712|27120|BARREIRA|
1503|15030|BARRO|
3304|33040|BARROQUINHA|
2700|27000|BATURITE|
2001|20010|BEBERIBE|
3504|35040|BELA CRUZ|
3604|36040|BOA VIAGEM|
1504|15040|BREJO SANTO|
3300|33000|CAMOCIM|
1600|16000|CAMPOS SALES|
3600|36000|CANINDE|
2703|27030|CAPISTRANO|
3601|36010|CARIDADE|
3206|32060|CARIRE|
1302|13020|CARIRIACU|
1204|12040|CARIUS|
3101|31010|CARNAUBAL|
2002|20020|CASCAVEL|
1219|12190|CATARINA|
3915|39150|CATUNDA|
2200|22000|CAUCAIA|
1205|12050|CEDRO|
3301|33010|CHAVAL|
2806|28060|CHORO|
2006|20060|CHOROZINHO|
3208|32080|COREAU|
3800|38000|CRATEUS|
1100|11000|CRATO|
3121|31210|CROATA|
3505|35050|CRUZ|
1407|14070|DEP.IRAP.PINHEIRO|
1706|17060|ERERE|
2004|20040|EUSEBIO|
1116|11160|FARIAS BRITO|
3220|32200|FORQUILHA|
0000|0|FORTALEZA|
2401|24010|FORTIM|
3102|31020|FRECHEIRINHA|
3402|34020|GENERAL SAMPAIO|
3120|31200|GRACA|
3302|33020|GRANJA|
1305|13050|GRANJEIRO|
3210|32100|GROAIRAS|
2603|26030|GUAIUBA|
3103|31030|GUARACIABA DO NORTE|
2704|27040|GUARAMIRANGA|
3902|39020|HIDROLANDIA|
2007|20070|HORIZONTE|
2805|28050|IBARETAMA|
3105|31050|IBIAPINA|
2513|25130|IBICUITINGA|
2402|24020|ICAPUI|
1800|18000|ICO|
1200|12000|IGUATU|
3802|38020|INDEPENDENCIA|
3804|38040|IPAPORANGA|
1802|18020|IPAUMIRIM|
3903|39030|IPU|
3904|39040|IPUEIRAS|
1701|17010|IRACEMA|
3403|34030|IRAUCUBA|
2403|24030|ITAICABA|
2008|20080|ITAITINGA|
3400|34000|ITAPAJE|
3500|35000|ITAPIPOCA|
2705|27050|ITAPIUNA|
3506|35060|ITAREMA|
3602|36020|ITATIRA|
3512|35120|J.DE JERICOACOARA|
1702|17020|JAGUARETAMA|
1703|17030|JAGUARIBARA|
1700|17000|JAGUARIBE|
2404|24040|JAGUARUANA|
1306|13060|JARDIM|
1505|15050|JATI|
1300|13000|JUAZEIRO DO NORTE|
1212|12120|JUCAS|
1807|18070|L. DA MANGABEIRA|
2506|25060|LIM. DO NORTE|
3605|36050|MADALENA|
2600|26000|MARACANAU|
2602|26020|MARANGUAPE|
3507|35070|MARCO|
3303|33030|MARTINOPOLE|
3213|32130|MASSAPE|
1506|15060|MAURITI|
3214|32140|MERUOCA|
1500|15000|MILAGRES|
1406|14060|MILHA|
3510|35100|MIRAIMA|
1507|15070|MISSAO VELHA|
1402|14020|MOMBACA|
3905|39050|MONSENHOR TABOSA|
2507|25070|MORADA NOVA|
3215|32150|MORAUJO|
3508|35080|MORRINHOS|
3107|31070|MUCAMBO|
2706|27060|MULUNGU|
1117|11170|NOVA OLINDA|
3900|39000|NOVA RUSSAS|
3803|38030|NOVO ORIENTE|
2009|20090|OCARA|
1808|18080|OROS|
2003|20030|PACAJUS|
2601|26010|PACATUBA|
2707|27070|PACOTI|
3108|31080|PACUJA|
2508|25080|PALHANO|
2708|27080|PALMACIA|
3404|34040|PARACURU|
3405|34050|PARAIPABA|
3703|37030|PARAMBU|
3603|36030|PARAMOTI|
1403|14030|PEDRA BRANCA|
1508|15080|PENAFORTE|
3406|34060|PENTECOSTE|
1704|17040|PEREIRO|
2005|20050|PINDORETAMA|
1404|14040|PIQUET CARNEIRO|
3913|39130|PIRES FERREIRA|
3906|39060|PORANGA|
1509|15090|PORTEIRAS|
1604|16040|POTENGI|
1705|17050|POTIRETAMA|
3704|37040|QUITERIANOPOLIS|
2800|28000|QUIXADA|
1218|12180|QUIXELO|
2803|28030|QUIXERAMOBIM|
2509|25090|QUIXERE|
2709|27090|REDENCAO|
3907|39070|RERIUTABA|
2500|25000|RUSSAS|
2202|22020|S GONCALO DO AMARANTE|
2510|25100|S.JOAO JAGUARIBE|
3407|34070|S.LUIS DO CURU|
1605|16050|SABOEIRO|
1510|15100|SAELPA|
1606|16060|SALITRE|
3217|32170|SANTANA DO ACARAU|
1119|11190|SANTANA DO CARIRI|
3100|31000|SAO BENEDITO|
1400|14000|SENADOR POMPEU|
3218|32180|SENADOR SA|
3200|32000|SOBRAL|
1405|14050|SOLONOPOLE|
3908|39080|STA QUITERIA|
2511|25110|TABULEIRO DO NORTE|
3910|39100|TAMBORIL|
1120|11200|TARRAFAS|
3700|37000|TAUA|
3410|34100|TEJUCUOCA|
3112|31120|TIANGUA|
3408|34080|TRAIRI|
3511|35110|TURURU|
3113|31130|UBAJARA|
1810|18100|UMARI|
3409|34090|UMIRIM|
3509|35090|URUBURETAMA|
3219|32190|URUOCA|
3911|39110|VARJOTA|
1217|12170|VARZEA ALEGRE|
3114|31140|VICOSA CEARA|
