074|074-C V. RESIDENCIAL  (13.8 KV) - A 4             |01/01/2018|0,26463
074|074-C V. RESIDENCIAL  (13.8 KV) - A 4             |01/12/2017|0,29463
074|074-C V. RESIDENCIAL  (13.8 KV) - A 4             |01/11/2017|0,31463
074|074-C V. RESIDENCIAL  (13.8 KV) - A 4             |01/10/2017|0,29963
074|074-C V. RESIDENCIAL  (13.8 KV) - A 4             |01/09/2017|0,28463
075|075-CV. DEM. RESIDENCIAL (13.8 KV) - A 4          |01/01/2018|0
075|075-CV. DEM. RESIDENCIAL (13.8 KV) - A 4          |01/12/2017|0
075|075-CV. DEM. RESIDENCIAL (13.8 KV) - A 4          |01/11/2017|0
075|075-CV. DEM. RESIDENCIAL (13.8 KV) - A 4          |01/10/2017|0
075|075-CV. DEM. RESIDENCIAL (13.8 KV) - A 4          |01/09/2017|0
076|076-CV DEMANDA ULTRAP RESIDENCIAL  13.8           |01/01/2018|0
076|076-CV DEMANDA ULTRAP RESIDENCIAL  13.8           |01/12/2017|0
076|076-CV DEMANDA ULTRAP RESIDENCIAL  13.8           |01/11/2017|0
076|076-CV DEMANDA ULTRAP RESIDENCIAL  13.8           |01/10/2017|0
076|076-CV DEMANDA ULTRAP RESIDENCIAL  13.8           |01/09/2017|0
080|080-THS ATIVO PTA SECO 230 KV - A-1               |01/01/2018|0,38323
080|080-THS ATIVO PTA SECO 230 KV - A-1               |01/12/2017|0,41323
080|080-THS ATIVO PTA SECO 230 KV - A-1               |01/11/2017|0,43323
080|080-THS ATIVO PTA SECO 230 KV - A-1               |01/10/2017|0,41823
080|080-THS ATIVO PTA SECO 230 KV - A-1               |01/09/2017|0,40323
081|081-THS ATIVO PTA UMIDO 230 KV  A-1               |01/01/2018|0,38323
081|081-THS ATIVO PTA UMIDO 230 KV  A-1               |01/12/2017|0,41323
081|081-THS ATIVO PTA UMIDO 230 KV  A-1               |01/11/2017|0,43323
081|081-THS ATIVO PTA UMIDO 230 KV  A-1               |01/10/2017|0,41823
081|081-THS ATIVO PTA UMIDO 230 KV  A-1               |01/09/2017|0,40323
082|082-THS ATIVO F PTA SECO 230 KV A-1               |01/01/2018|0,24875
082|082-THS ATIVO F PTA SECO 230 KV A-1               |01/12/2017|0,27875
082|082-THS ATIVO F PTA SECO 230 KV A-1               |01/11/2017|0,29875
082|082-THS ATIVO F PTA SECO 230 KV A-1               |01/10/2017|0,28375
082|082-THS ATIVO F PTA SECO 230 KV A-1               |01/09/2017|0,26875
083|083-THS ATIVO F PTA UMIDO 230 KV A-1              |01/01/2018|0,24875
083|083-THS ATIVO F PTA UMIDO 230 KV A-1              |01/12/2017|0,27875
083|083-THS ATIVO F PTA UMIDO 230 KV A-1              |01/11/2017|0,29875
083|083-THS ATIVO F PTA UMIDO 230 KV A-1              |01/10/2017|0,28375
083|083-THS ATIVO F PTA UMIDO 230 KV A-1              |01/09/2017|0,26875
084|084-THS DEMANDA PTA 230 KV A-1                    |01/01/2018|3,95
084|084-THS DEMANDA PTA 230 KV A-1                    |01/12/2017|3,95
084|084-THS DEMANDA PTA 230 KV A-1                    |01/11/2017|3,95
084|084-THS DEMANDA PTA 230 KV A-1                    |01/10/2017|3,95
084|084-THS DEMANDA PTA 230 KV A-1                    |01/09/2017|3,95
085|085-THS DEMANDA F PTA 230 KV A-1                  |01/01/2018|3,79
085|085-THS DEMANDA F PTA 230 KV A-1                  |01/12/2017|3,79
085|085-THS DEMANDA F PTA 230 KV A-1                  |01/11/2017|3,79
085|085-THS DEMANDA F PTA 230 KV A-1                  |01/10/2017|3,79
085|085-THS DEMANDA F PTA 230 KV A-1                  |01/09/2017|3,79
086|086-THS DEMANDA ULT  PTA 230 KV A-1               |01/01/2018|7,9
086|086-THS DEMANDA ULT  PTA 230 KV A-1               |01/12/2017|7,9
086|086-THS DEMANDA ULT  PTA 230 KV A-1               |01/11/2017|7,9
086|086-THS DEMANDA ULT  PTA 230 KV A-1               |01/10/2017|7,9
086|086-THS DEMANDA ULT  PTA 230 KV A-1               |01/09/2017|7,9
087|087-THS DEMANDA ULT F PTA 230 KV A-1              |01/01/2018|7,58
087|087-THS DEMANDA ULT F PTA 230 KV A-1              |01/12/2017|7,58
087|087-THS DEMANDA ULT F PTA 230 KV A-1              |01/11/2017|7,58
087|087-THS DEMANDA ULT F PTA 230 KV A-1              |01/10/2017|7,58
087|087-THS DEMANDA ULT F PTA 230 KV A-1              |01/09/2017|7,58
100|100-THS ENER RUR  PTA  SECO  - A3                 |01/01/2018|0,35069
100|100-THS ENER RUR  PTA  SECO  - A3                 |01/12/2017|0,38069
100|100-THS ENER RUR  PTA  SECO  - A3                 |01/11/2017|0,40069
100|100-THS ENER RUR  PTA  SECO  - A3                 |01/10/2017|0,38569
100|100-THS ENER RUR  PTA  SECO  - A3                 |01/09/2017|0,37069
101|101-THS ENER RUR PTA UMIDO - A3                   |01/01/2018|0,35069
101|101-THS ENER RUR PTA UMIDO - A3                   |01/12/2017|0,38069
101|101-THS ENER RUR PTA UMIDO - A3                   |01/11/2017|0,40069
101|101-THS ENER RUR PTA UMIDO - A3                   |01/10/2017|0,38569
101|101-THS ENER RUR PTA UMIDO - A3                   |01/09/2017|0,37069
102|102-THS ENER RUR F PTA  SECO  - A3                |01/01/2018|0,22966
102|102-THS ENER RUR F PTA  SECO  - A3                |01/12/2017|0,25966
102|102-THS ENER RUR F PTA  SECO  - A3                |01/11/2017|0,27966
102|102-THS ENER RUR F PTA  SECO  - A3                |01/10/2017|0,26466
102|102-THS ENER RUR F PTA  SECO  - A3                |01/09/2017|0,24966
103|103-THS ENER RUR F PTA  UMIDO  - A3               |01/01/2018|0,22966
103|103-THS ENER RUR F PTA  UMIDO  - A3               |01/12/2017|0,25966
103|103-THS ENER RUR F PTA  UMIDO  - A3               |01/11/2017|0,27966
103|103-THS ENER RUR F PTA  UMIDO  - A3               |01/10/2017|0,26466
103|103-THS ENER RUR F PTA  UMIDO  - A3               |01/09/2017|0,24966
104|104-THS ATIVO HR 8,5 HS SECO RUR - A3             |01/01/2018|0,02552
104|104-THS ATIVO HR 8,5 HS SECO RUR - A3             |01/12/2017|0,02852
104|104-THS ATIVO HR 8,5 HS SECO RUR - A3             |01/11/2017|0,03052
104|104-THS ATIVO HR 8,5 HS SECO RUR - A3             |01/10/2017|0,02902
104|104-THS ATIVO HR 8,5 HS SECO RUR - A3             |01/09/2017|0,02752
105|105-THS ATIVO HR 8,5 HS UMIDO RUR - A3            |01/01/2018|0,02552
105|105-THS ATIVO HR 8,5 HS UMIDO RUR - A3            |01/12/2017|0,02852
105|105-THS ATIVO HR 8,5 HS UMIDO RUR - A3            |01/11/2017|0,03052
105|105-THS ATIVO HR 8,5 HS UMIDO RUR - A3            |01/10/2017|0,02902
105|105-THS ATIVO HR 8,5 HS UMIDO RUR - A3            |01/09/2017|0,02752
108|108-THS DEMANDA  PTA  RUR - A3                    |01/01/2018|9,369
108|108-THS DEMANDA  PTA  RUR - A3                    |01/12/2017|9,369
108|108-THS DEMANDA  PTA  RUR - A3                    |01/11/2017|9,369
108|108-THS DEMANDA  PTA  RUR - A3                    |01/10/2017|9,369
108|108-THS DEMANDA  PTA  RUR - A3                    |01/09/2017|9,369
109|109-THS DEMANDA F PTA RUR - A3                    |01/01/2018|4,086
109|109-THS DEMANDA F PTA RUR - A3                    |01/12/2017|4,086
109|109-THS DEMANDA F PTA RUR - A3                    |01/11/2017|4,086
109|109-THS DEMANDA F PTA RUR - A3                    |01/10/2017|4,086
109|109-THS DEMANDA F PTA RUR - A3                    |01/09/2017|4,086
110|110-THS DEMANDA ULT PTA RUR - A3                  |01/01/2018|18,738
110|110-THS DEMANDA ULT PTA RUR - A3                  |01/12/2017|18,738
110|110-THS DEMANDA ULT PTA RUR - A3                  |01/11/2017|18,738
110|110-THS DEMANDA ULT PTA RUR - A3                  |01/10/2017|18,738
110|110-THS DEMANDA ULT PTA RUR - A3                  |01/09/2017|18,738
111|111-THS DEMANDA ULT F PTA RUR - A3                |01/01/2018|8,172
111|111-THS DEMANDA ULT F PTA RUR - A3                |01/12/2017|8,172
111|111-THS DEMANDA ULT F PTA RUR - A3                |01/11/2017|8,172
111|111-THS DEMANDA ULT F PTA RUR - A3                |01/10/2017|8,172
111|111-THS DEMANDA ULT F PTA RUR - A3                |01/09/2017|8,172
550|1111 550 1 CIP RESIDENCIAL ALTANEIRA              |01/01/2018|
550|1111 550 1 CIP RESIDENCIAL ALTANEIRA              |01/12/2017|
550|1111 550 1 CIP RESIDENCIAL ALTANEIRA              |01/11/2017|
550|1111 550 1 CIP RESIDENCIAL ALTANEIRA              |01/10/2017|
550|1111 550 1 CIP RESIDENCIAL ALTANEIRA              |01/09/2017|
551|1111 551 9 CIP N츒 RESIDENCIAL ALTANEIRA          |01/01/2018|
551|1111 551 9 CIP N츒 RESIDENCIAL ALTANEIRA          |01/12/2017|
551|1111 551 9 CIP N츒 RESIDENCIAL ALTANEIRA          |01/11/2017|
551|1111 551 9 CIP N츒 RESIDENCIAL ALTANEIRA          |01/10/2017|
551|1111 551 9 CIP N츒 RESIDENCIAL ALTANEIRA          |01/09/2017|
133|133-THS ATIVO PTA  DEM CLAS - AZ - A3 - CDE       |01/01/2018|0,38966
133|133-THS ATIVO PTA  DEM CLAS - AZ - A3 - CDE       |01/12/2017|0,41966
133|133-THS ATIVO PTA  DEM CLAS - AZ - A3 - CDE       |01/11/2017|0,43966
133|133-THS ATIVO PTA  DEM CLAS - AZ - A3 - CDE       |01/10/2017|0,42466
133|133-THS ATIVO PTA  DEM CLAS - AZ - A3 - CDE       |01/09/2017|0,40966
134|134-THS ATIVO F PTA  DEM CLAS - AZ - A3 - CDE     |01/01/2018|0,25518
134|134-THS ATIVO F PTA  DEM CLAS - AZ - A3 - CDE     |01/12/2017|0,28518
134|134-THS ATIVO F PTA  DEM CLAS - AZ - A3 - CDE     |01/11/2017|0,30518
134|134-THS ATIVO F PTA  DEM CLAS - AZ - A3 - CDE     |01/10/2017|0,29018
134|134-THS ATIVO F PTA  DEM CLAS - AZ - A3 - CDE     |01/09/2017|0,27518
135|135-THS ATIVO  DEM CLASSES    PTA  - VE - A4 -CDE |01/01/2018|1,17527
135|135-THS ATIVO  DEM CLASSES    PTA  - VE - A4 -CDE |01/12/2017|1,20527
135|135-THS ATIVO  DEM CLASSES    PTA  - VE - A4 -CDE |01/11/2017|1,22527
135|135-THS ATIVO  DEM CLASSES    PTA  - VE - A4 -CDE |01/10/2017|1,21027
135|135-THS ATIVO  DEM CLASSES    PTA  - VE - A4 -CDE |01/09/2017|1,19527
136|136-THS ATIVO DEM CLASSES  F. PTA -  VE - A4 - CDE|01/01/2018|0,26389
136|136-THS ATIVO DEM CLASSES  F. PTA -  VE - A4 - CDE|01/12/2017|0,29389
136|136-THS ATIVO DEM CLASSES  F. PTA -  VE - A4 - CDE|01/11/2017|0,31389
136|136-THS ATIVO DEM CLASSES  F. PTA -  VE - A4 - CDE|01/10/2017|0,29889
136|136-THS ATIVO DEM CLASSES  F. PTA -  VE - A4 - CDE|01/09/2017|0,28389
137|137-TUSD - CONS  LIVRE ENCARGO ATIVO PTA-FPTA - A3|01/01/2018|0,01774
137|137-TUSD - CONS  LIVRE ENCARGO ATIVO PTA-FPTA - A3|01/12/2017|0,05274
137|137-TUSD - CONS  LIVRE ENCARGO ATIVO PTA-FPTA - A3|01/11/2017|0,01774
137|137-TUSD - CONS  LIVRE ENCARGO ATIVO PTA-FPTA - A3|01/09/2017|0,01774
138|138-THS ATIVO PTA   DEM CLASSES  - AZUL - A4 - CDE|01/01/2018|0,39837
138|138-THS ATIVO PTA   DEM CLASSES  - AZUL - A4 - CDE|01/12/2017|0,42837
138|138-THS ATIVO PTA   DEM CLASSES  - AZUL - A4 - CDE|01/11/2017|0,44837
138|138-THS ATIVO PTA   DEM CLASSES  - AZUL - A4 - CDE|01/10/2017|0,43337
138|138-THS ATIVO PTA   DEM CLASSES  - AZUL - A4 - CDE|01/09/2017|0,41837
139|139-THS ATIVO F PTA  DEM CLASSES - AZUL- A4 -CDE  |01/01/2018|0,26389
139|139-THS ATIVO F PTA  DEM CLASSES - AZUL- A4 -CDE  |01/12/2017|0,29389
139|139-THS ATIVO F PTA  DEM CLASSES - AZUL- A4 -CDE  |01/11/2017|0,31389
139|139-THS ATIVO F PTA  DEM CLASSES - AZUL- A4 -CDE  |01/10/2017|0,29889
139|139-THS ATIVO F PTA  DEM CLASSES - AZUL- A4 -CDE  |01/09/2017|0,28389
140|140-THS ATIVO PTA SECO DEM CLAS - AZUL - A3       |01/01/2018|0,38966
140|140-THS ATIVO PTA SECO DEM CLAS - AZUL - A3       |01/12/2017|0,41966
140|140-THS ATIVO PTA SECO DEM CLAS - AZUL - A3       |01/11/2017|0,43966
140|140-THS ATIVO PTA SECO DEM CLAS - AZUL - A3       |01/10/2017|0,42466
140|140-THS ATIVO PTA SECO DEM CLAS - AZUL - A3       |01/09/2017|0,40966
444|1402 444  4 CIP RURAL MOMBA큐                     |01/01/2018|
444|1402 444  4 CIP RURAL MOMBA큐                     |01/12/2017|
444|1402 444  4 CIP RURAL MOMBA큐                     |01/11/2017|
444|1402 444  4 CIP RURAL MOMBA큐                     |01/10/2017|
444|1402 444  4 CIP RURAL MOMBA큐                     |01/09/2017|
141|141-THS ATIVO PTA UMIDO DEM CLAS - AZUL -  A3     |01/01/2018|0,38966
141|141-THS ATIVO PTA UMIDO DEM CLAS - AZUL -  A3     |01/12/2017|0,41966
141|141-THS ATIVO PTA UMIDO DEM CLAS - AZUL -  A3     |01/11/2017|0,43966
141|141-THS ATIVO PTA UMIDO DEM CLAS - AZUL -  A3     |01/10/2017|0,42466
141|141-THS ATIVO PTA UMIDO DEM CLAS - AZUL -  A3     |01/09/2017|0,40966
142|142-THS ATIVO F PTA SECO DEM CLAS - AZUL - A3     |01/01/2018|0,25518
142|142-THS ATIVO F PTA SECO DEM CLAS - AZUL - A3     |01/12/2017|0,28518
142|142-THS ATIVO F PTA SECO DEM CLAS - AZUL - A3     |01/11/2017|0,30518
142|142-THS ATIVO F PTA SECO DEM CLAS - AZUL - A3     |01/10/2017|0,29018
142|142-THS ATIVO F PTA SECO DEM CLAS - AZUL - A3     |01/09/2017|0,27518
143|143-THS ATIVO F PTA UMIDO DEM CLAS - AZUL - A3    |01/01/2018|0,25518
143|143-THS ATIVO F PTA UMIDO DEM CLAS - AZUL - A3    |01/12/2017|0,28518
143|143-THS ATIVO F PTA UMIDO DEM CLAS - AZUL - A3    |01/11/2017|0,30518
143|143-THS ATIVO F PTA UMIDO DEM CLAS - AZUL - A3    |01/10/2017|0,29018
143|143-THS ATIVO F PTA UMIDO DEM CLAS - AZUL - A3    |01/09/2017|0,27518
144|144-THS DEMANDA PTA DEM CLAS - AZUL - A3          |01/01/2018|10,41
144|144-THS DEMANDA PTA DEM CLAS - AZUL - A3          |01/12/2017|10,41
144|144-THS DEMANDA PTA DEM CLAS - AZUL - A3          |01/11/2017|10,41
144|144-THS DEMANDA PTA DEM CLAS - AZUL - A3          |01/10/2017|10,41
144|144-THS DEMANDA PTA DEM CLAS - AZUL - A3          |01/09/2017|10,41
145|145-THS DEMANDA F PTA DEM CLAS - AZUL - A3        |01/01/2018|4,54
145|145-THS DEMANDA F PTA DEM CLAS - AZUL - A3        |01/12/2017|4,54
145|145-THS DEMANDA F PTA DEM CLAS - AZUL - A3        |01/11/2017|4,54
145|145-THS DEMANDA F PTA DEM CLAS - AZUL - A3        |01/10/2017|4,54
145|145-THS DEMANDA F PTA DEM CLAS - AZUL - A3        |01/09/2017|4,54
146|146-THS DEMANDA ULT  PTA DEM CLAS - AZUL - A3     |01/01/2018|20,82
146|146-THS DEMANDA ULT  PTA DEM CLAS - AZUL - A3     |01/12/2017|20,82
146|146-THS DEMANDA ULT  PTA DEM CLAS - AZUL - A3     |01/11/2017|20,82
146|146-THS DEMANDA ULT  PTA DEM CLAS - AZUL - A3     |01/10/2017|20,82
146|146-THS DEMANDA ULT  PTA DEM CLAS - AZUL - A3     |01/09/2017|20,82
147|147-THS DEMANDA ULT F PTA DEM CLAS - AZUL - A3    |01/01/2018|9,08
147|147-THS DEMANDA ULT F PTA DEM CLAS - AZUL - A3    |01/12/2017|9,08
147|147-THS DEMANDA ULT F PTA DEM CLAS - AZUL - A3    |01/11/2017|9,08
147|147-THS DEMANDA ULT F PTA DEM CLAS - AZUL - A3    |01/10/2017|9,08
147|147-THS DEMANDA ULT F PTA DEM CLAS - AZUL - A3    |01/09/2017|9,08
549|1703 549 4 CIP RURAL JAGUARIBARA                  |01/01/2018|
549|1703 549 4 CIP RURAL JAGUARIBARA                  |01/12/2017|
549|1703 549 4 CIP RURAL JAGUARIBARA                  |01/11/2017|
549|1703 549 4 CIP RURAL JAGUARIBARA                  |01/10/2017|
549|1703 549 4 CIP RURAL JAGUARIBARA                  |01/09/2017|
571|1703 571 1 -CIP RESIDENCIAL JAGUARIBARA           |01/01/2018|
571|1703 571 1 -CIP RESIDENCIAL JAGUARIBARA           |01/12/2017|
571|1703 571 1 -CIP RESIDENCIAL JAGUARIBARA           |01/11/2017|
571|1703 571 1 -CIP RESIDENCIAL JAGUARIBARA           |01/10/2017|
571|1703 571 1 -CIP RESIDENCIAL JAGUARIBARA           |01/09/2017|
572|1703 572 2 -CIP N츒 RESIDENCIAL JAGUARIBARA       |01/01/2018|
572|1703 572 2 -CIP N츒 RESIDENCIAL JAGUARIBARA       |01/12/2017|
572|1703 572 2 -CIP N츒 RESIDENCIAL JAGUARIBARA       |01/11/2017|
572|1703 572 2 -CIP N츒 RESIDENCIAL JAGUARIBARA       |01/10/2017|
572|1703 572 2 -CIP N츒 RESIDENCIAL JAGUARIBARA       |01/09/2017|
171|171-TCV DEMANDA ULT AES CONV                      |01/01/2018|0
171|171-TCV DEMANDA ULT AES CONV                      |01/12/2017|0
171|171-TCV DEMANDA ULT AES CONV                      |01/11/2017|0
171|171-TCV DEMANDA ULT AES CONV                      |01/10/2017|0
171|171-TCV DEMANDA ULT AES CONV                      |01/09/2017|0
172|172-TCV DEMANDA ULT RURAL CONV                    |01/01/2018|0
172|172-TCV DEMANDA ULT RURAL CONV                    |01/12/2017|0
172|172-TCV DEMANDA ULT RURAL CONV                    |01/11/2017|0
172|172-TCV DEMANDA ULT RURAL CONV                    |01/10/2017|0
172|172-TCV DEMANDA ULT RURAL CONV                    |01/09/2017|0
173|173-TCV DEMANDA ULT DEM CLASSES CONV              |01/01/2018|0
173|173-TCV DEMANDA ULT DEM CLASSES CONV              |01/12/2017|0
173|173-TCV DEMANDA ULT DEM CLASSES CONV              |01/11/2017|0
173|173-TCV DEMANDA ULT DEM CLASSES CONV              |01/10/2017|0
173|173-TCV DEMANDA ULT DEM CLASSES CONV              |01/09/2017|0
178|178-THS ATIVO F PTA SECO - 230 KV                 |01/01/2018|0,24875
178|178-THS ATIVO F PTA SECO - 230 KV                 |01/12/2017|0,27875
178|178-THS ATIVO F PTA SECO - 230 KV                 |01/11/2017|0,29875
178|178-THS ATIVO F PTA SECO - 230 KV                 |01/10/2017|0,28375
178|178-THS ATIVO F PTA SECO - 230 KV                 |01/09/2017|0,26875
179|179-THS ATIVO F PTA UMIDO - 230 KV                |01/01/2018|0,24875
179|179-THS ATIVO F PTA UMIDO - 230 KV                |01/12/2017|0,27875
179|179-THS ATIVO F PTA UMIDO - 230 KV                |01/11/2017|0,29875
179|179-THS ATIVO F PTA UMIDO - 230 KV                |01/10/2017|0,28375
179|179-THS ATIVO F PTA UMIDO - 230 KV                |01/09/2017|0,26475
180|180-THS ATIVO PTA SECO  A E S  - AZUL - A3        |01/01/2018|0,33121
180|180-THS ATIVO PTA SECO  A E S  - AZUL - A3        |01/12/2017|0,36121
180|180-THS ATIVO PTA SECO  A E S  - AZUL - A3        |01/11/2017|0,38121
180|180-THS ATIVO PTA SECO  A E S  - AZUL - A3        |01/10/2017|0,36621
180|180-THS ATIVO PTA SECO  A E S  - AZUL - A3        |01/09/2017|0,35121
434|1808 434 3 CIP COMERCIAL-RURAL OROS               |01/01/2018|
434|1808 434 3 CIP COMERCIAL-RURAL OROS               |01/12/2017|
434|1808 434 3 CIP COMERCIAL-RURAL OROS               |01/11/2017|
434|1808 434 3 CIP COMERCIAL-RURAL OROS               |01/10/2017|
434|1808 434 3 CIP COMERCIAL-RURAL OROS               |01/09/2017|
435|1808 435 8 CIP CONS PROPRIO OROS                  |01/01/2018|
435|1808 435 8 CIP CONS PROPRIO OROS                  |01/12/2017|
435|1808 435 8 CIP CONS PROPRIO OROS                  |01/11/2017|
435|1808 435 8 CIP CONS PROPRIO OROS                  |01/10/2017|
435|1808 435 8 CIP CONS PROPRIO OROS                  |01/09/2017|
181|181-THS ATIVO PTA UMIDO A E S  AZUL - A3          |01/01/2018|0,33121
181|181-THS ATIVO PTA UMIDO A E S  AZUL - A3          |01/12/2017|0,36121
181|181-THS ATIVO PTA UMIDO A E S  AZUL - A3          |01/11/2017|0,38121
181|181-THS ATIVO PTA UMIDO A E S  AZUL - A3          |01/10/2017|0,36621
181|181-THS ATIVO PTA UMIDO A E S  AZUL - A3          |01/09/2017|0,35121
182|182-THS ATIVO F PTA SECO A E S  - AZUL - A3       |01/01/2018|0,2169
182|182-THS ATIVO F PTA SECO A E S  - AZUL - A3       |01/12/2017|0,2469
182|182-THS ATIVO F PTA SECO A E S  - AZUL - A3       |01/11/2017|0,2669
182|182-THS ATIVO F PTA SECO A E S  - AZUL - A3       |01/10/2017|0,2519
182|182-THS ATIVO F PTA SECO A E S  - AZUL - A3       |01/09/2017|0,2369
183|183-THS ATIVO F PTA UMIDO A E S  - AZUL- A3       |01/01/2018|0,2169
183|183-THS ATIVO F PTA UMIDO A E S  - AZUL- A3       |01/12/2017|0,2469
183|183-THS ATIVO F PTA UMIDO A E S  - AZUL- A3       |01/11/2017|0,2669
183|183-THS ATIVO F PTA UMIDO A E S  - AZUL- A3       |01/10/2017|0,2519
183|183-THS ATIVO F PTA UMIDO A E S  - AZUL- A3       |01/09/2017|0,2369
184|184-THS DEMANDA PTA A E S  - AZUL - A3            |01/01/2018|8,8485
184|184-THS DEMANDA PTA A E S  - AZUL - A3            |01/12/2017|8,8485
184|184-THS DEMANDA PTA A E S  - AZUL - A3            |01/11/2017|8,8485
184|184-THS DEMANDA PTA A E S  - AZUL - A3            |01/10/2017|8,8485
184|184-THS DEMANDA PTA A E S  - AZUL - A3            |01/09/2017|8,8485
185|185-THS DEMANDA F PTA  A E S  - AZUL - A3         |01/01/2018|3,859
185|185-THS DEMANDA F PTA  A E S  - AZUL - A3         |01/12/2017|3,859
185|185-THS DEMANDA F PTA  A E S  - AZUL - A3         |01/11/2017|3,859
185|185-THS DEMANDA F PTA  A E S  - AZUL - A3         |01/10/2017|3,859
185|185-THS DEMANDA F PTA  A E S  - AZUL - A3         |01/09/2017|3,859
186|186-THS DEMANDA ULT  PTA A E S   - AZUL - A3      |01/01/2018|17,697
186|186-THS DEMANDA ULT  PTA A E S   - AZUL - A3      |01/12/2017|17,697
186|186-THS DEMANDA ULT  PTA A E S   - AZUL - A3      |01/11/2017|17,697
186|186-THS DEMANDA ULT  PTA A E S   - AZUL - A3      |01/10/2017|17,697
186|186-THS DEMANDA ULT  PTA A E S   - AZUL - A3      |01/09/2017|17,697
187|187-THS DEMANDA ULT F PTA  A E S  - AZUL - A3     |01/01/2018|7,718
187|187-THS DEMANDA ULT F PTA  A E S  - AZUL - A3     |01/12/2017|7,718
187|187-THS DEMANDA ULT F PTA  A E S  - AZUL - A3     |01/11/2017|7,718
187|187-THS DEMANDA ULT F PTA  A E S  - AZUL - A3     |01/10/2017|7,718
187|187-THS DEMANDA ULT F PTA  A E S  - AZUL - A3     |01/09/2017|7,718
200|200-THS ATIVO PTA SECO RUR - AZUL- A4             |01/01/2018|0,35853
200|200-THS ATIVO PTA SECO RUR - AZUL- A4             |01/12/2017|0,38853
200|200-THS ATIVO PTA SECO RUR - AZUL- A4             |01/11/2017|0,40853
200|200-THS ATIVO PTA SECO RUR - AZUL- A4             |01/10/2017|0,39353
200|200-THS ATIVO PTA SECO RUR - AZUL- A4             |01/09/2017|0,37853
201|201-THS ATIVO PTA UMIDO RUR - AZUL- A4            |01/01/2018|0,35853
201|201-THS ATIVO PTA UMIDO RUR - AZUL- A4            |01/12/2017|0,38853
201|201-THS ATIVO PTA UMIDO RUR - AZUL- A4            |01/11/2017|0,40853
201|201-THS ATIVO PTA UMIDO RUR - AZUL- A4            |01/10/2017|0,39353
201|201-THS ATIVO PTA UMIDO RUR - AZUL- A4            |01/09/2017|0,37853
202|202-THS ATIVO F PTA SECO  RUR-  VERDE -  A4       |01/01/2018|0,2375
202|202-THS ATIVO F PTA SECO  RUR-  VERDE -  A4       |01/12/2017|0,2675
202|202-THS ATIVO F PTA SECO  RUR-  VERDE -  A4       |01/11/2017|0,2875
202|202-THS ATIVO F PTA SECO  RUR-  VERDE -  A4       |01/10/2017|0,2725
202|202-THS ATIVO F PTA SECO  RUR-  VERDE -  A4       |01/09/2017|0,2575
203|203-THS ATIVO F PTA UMIDO RUR -  VERDE -  A4      |01/01/2018|0,2375
203|203-THS ATIVO F PTA UMIDO RUR -  VERDE -  A4      |01/12/2017|0,2675
203|203-THS ATIVO F PTA UMIDO RUR -  VERDE -  A4      |01/11/2017|0,2875
203|203-THS ATIVO F PTA UMIDO RUR -  VERDE -  A4      |01/10/2017|0,2725
203|203-THS ATIVO F PTA UMIDO RUR -  VERDE -  A4      |01/09/2017|0,2575
204|204-THS ATIVO HR 8,5 HS RUR - VERDE - A4          |01/01/2018|0,02639
204|204-THS ATIVO HR 8,5 HS RUR - VERDE - A4          |01/12/2017|0,02939
204|204-THS ATIVO HR 8,5 HS RUR - VERDE - A4          |01/11/2017|0,03139
204|204-THS ATIVO HR 8,5 HS RUR - VERDE - A4          |01/10/2017|0,02989
204|204-THS ATIVO HR 8,5 HS RUR - VERDE - A4          |01/09/2017|0,02839
205|205-THS ATIVO HR 8,5 HS RUR - AZUL- A4            |01/01/2018|0,02639
205|205-THS ATIVO HR 8,5 HS RUR - AZUL- A4            |01/12/2017|0,02939
205|205-THS ATIVO HR 8,5 HS RUR - AZUL- A4            |01/11/2017|0,03139
205|205-THS ATIVO HR 8,5 HS RUR - AZUL- A4            |01/10/2017|0,02989
205|205-THS ATIVO HR 8,5 HS RUR - AZUL- A4            |01/09/2017|0,02839
208|208-THS ATIVO PTA SECO RUR - VERDE -  A4          |01/01/2018|1,05774
208|208-THS ATIVO PTA SECO RUR - VERDE -  A4          |01/12/2017|1,08774
208|208-THS ATIVO PTA SECO RUR - VERDE -  A4          |01/11/2017|1,10774
208|208-THS ATIVO PTA SECO RUR - VERDE -  A4          |01/10/2017|1,09274
208|208-THS ATIVO PTA SECO RUR - VERDE -  A4          |01/09/2017|1,07774
209|209-THS ATIVO PTA UMIDO RUR - VERDE -  A4         |01/01/2018|1,05774
209|209-THS ATIVO PTA UMIDO RUR - VERDE -  A4         |01/12/2017|1,08774
209|209-THS ATIVO PTA UMIDO RUR - VERDE -  A4         |01/11/2017|1,10774
209|209-THS ATIVO PTA UMIDO RUR - VERDE -  A4         |01/10/2017|1,09274
209|209-THS ATIVO PTA UMIDO RUR - VERDE -  A4         |01/09/2017|1,07774
210|210-THS DEMANDA PTA RUR - AZUL - A4               |01/01/2018|28,836
210|210-THS DEMANDA PTA RUR - AZUL - A4               |01/12/2017|28,836
210|210-THS DEMANDA PTA RUR - AZUL - A4               |01/11/2017|28,836
210|210-THS DEMANDA PTA RUR - AZUL - A4               |01/10/2017|28,836
210|210-THS DEMANDA PTA RUR - AZUL - A4               |01/09/2017|28,836
211|211-THS DEMANDA F PTA RUR - AZUL- A4              |01/01/2018|10,773
211|211-THS DEMANDA F PTA RUR - AZUL- A4              |01/12/2017|10,773
211|211-THS DEMANDA F PTA RUR - AZUL- A4              |01/11/2017|10,773
211|211-THS DEMANDA F PTA RUR - AZUL- A4              |01/10/2017|10,773
211|211-THS DEMANDA F PTA RUR - AZUL- A4              |01/09/2017|10,773
212|212-THS DEMANDA ULT PTA RUR - AZUL - A4           |01/01/2018|57,672
212|212-THS DEMANDA ULT PTA RUR - AZUL - A4           |01/12/2017|57,672
212|212-THS DEMANDA ULT PTA RUR - AZUL - A4           |01/11/2017|57,672
212|212-THS DEMANDA ULT PTA RUR - AZUL - A4           |01/10/2017|57,672
212|212-THS DEMANDA ULT PTA RUR - AZUL - A4           |01/09/2017|57,672
213|213-THS DEMANDA ULT F PTA RUR AZUL- A4            |01/01/2018|21,546
213|213-THS DEMANDA ULT F PTA RUR AZUL- A4            |01/12/2017|21,546
213|213-THS DEMANDA ULT F PTA RUR AZUL- A4            |01/11/2017|21,546
213|213-THS DEMANDA ULT F PTA RUR AZUL- A4            |01/10/2017|21,546
213|213-THS DEMANDA ULT F PTA RUR AZUL- A4            |01/09/2017|21,546
217|217-THS  ENERGIA ADICIONAL AZUL                   |01/01/2018|0,17171
217|217-THS  ENERGIA ADICIONAL AZUL                   |01/12/2017|0,20171
217|217-THS  ENERGIA ADICIONAL AZUL                   |01/11/2017|0,22171
217|217-THS  ENERGIA ADICIONAL AZUL                   |01/10/2017|0,20671
217|217-THS  ENERGIA ADICIONAL AZUL                   |01/09/2017|0,02
218|218-THS ATIVO F PTA SECO RUR - AZUL -A4           |01/01/2018|0,2375
218|218-THS ATIVO F PTA SECO RUR - AZUL -A4           |01/12/2017|0,2675
218|218-THS ATIVO F PTA SECO RUR - AZUL -A4           |01/11/2017|0,2875
218|218-THS ATIVO F PTA SECO RUR - AZUL -A4           |01/10/2017|0,2725
218|218-THS ATIVO F PTA SECO RUR - AZUL -A4           |01/09/2017|0,2575
219|219-THS ATIVO F PTA UMIDO RURAL - AZUL - A - 4    |01/01/2018|0,2375
219|219-THS ATIVO F PTA UMIDO RURAL - AZUL - A - 4    |01/12/2017|0,2675
219|219-THS ATIVO F PTA UMIDO RURAL - AZUL - A - 4    |01/11/2017|0,2875
219|219-THS ATIVO F PTA UMIDO RURAL - AZUL - A - 4    |01/10/2017|0,2725
219|219-THS ATIVO F PTA UMIDO RURAL - AZUL - A - 4    |01/09/2017|0,2575
220|220-THS ATIVO HR 8,5 HS SECO RUR - AZUL - A-4     |01/01/2018|0,02639
220|220-THS ATIVO HR 8,5 HS SECO RUR - AZUL - A-4     |01/12/2017|0,02939
220|220-THS ATIVO HR 8,5 HS SECO RUR - AZUL - A-4     |01/11/2017|0,03139
220|220-THS ATIVO HR 8,5 HS SECO RUR - AZUL - A-4     |01/10/2017|0,02989
220|220-THS ATIVO HR 8,5 HS SECO RUR - AZUL - A-4     |01/09/2017|0,02839
221|221-THS ATIVO HR 8,5 HS UMIDO RUR - AZUL - A - 4  |01/01/2018|0,02639
221|221-THS ATIVO HR 8,5 HS UMIDO RUR - AZUL - A - 4  |01/12/2017|0,02939
221|221-THS ATIVO HR 8,5 HS UMIDO RUR - AZUL - A - 4  |01/11/2017|0,03139
221|221-THS ATIVO HR 8,5 HS UMIDO RUR - AZUL - A - 4  |01/10/2017|0,02989
221|221-THS ATIVO HR 8,5 HS UMIDO RUR - AZUL - A - 4  |01/09/2017|0,02839
224|224-THS ATIVO PTA SECO RUR - AZUL -  A4           |01/01/2018|0,35853
224|224-THS ATIVO PTA SECO RUR - AZUL -  A4           |01/12/2017|0,38853
224|224-THS ATIVO PTA SECO RUR - AZUL -  A4           |01/11/2017|0,40853
224|224-THS ATIVO PTA SECO RUR - AZUL -  A4           |01/10/2017|0,39353
224|224-THS ATIVO PTA SECO RUR - AZUL -  A4           |01/09/2017|0,37853
225|225-THS ATIVO PTA UMIDO RUR - AZUL -  A4          |01/01/2018|0,35853
225|225-THS ATIVO PTA UMIDO RUR - AZUL -  A4          |01/12/2017|0,38853
225|225-THS ATIVO PTA UMIDO RUR - AZUL -  A4          |01/11/2017|0,40853
225|225-THS ATIVO PTA UMIDO RUR - AZUL -  A4          |01/10/2017|0,39353
225|225-THS ATIVO PTA UMIDO RUR - AZUL -  A4          |01/09/2017|0,37853
226|226-THS ATIVO F PTA SECO DEM CLASSES - AZUL- A4   |01/01/2018|0,26389
226|226-THS ATIVO F PTA SECO DEM CLASSES - AZUL- A4   |01/12/2017|0,29389
226|226-THS ATIVO F PTA SECO DEM CLASSES - AZUL- A4   |01/11/2017|0,31389
226|226-THS ATIVO F PTA SECO DEM CLASSES - AZUL- A4   |01/10/2017|0,29889
226|226-THS ATIVO F PTA SECO DEM CLASSES - AZUL- A4   |01/09/2017|0,28389
227|227-THS ATIVO F PTA UMIDO DEM. CLASSES AZUL - A4  |01/01/2018|0,26389
227|227-THS ATIVO F PTA UMIDO DEM. CLASSES AZUL - A4  |01/12/2017|0,29389
227|227-THS ATIVO F PTA UMIDO DEM. CLASSES AZUL - A4  |01/11/2017|0,31389
227|227-THS ATIVO F PTA UMIDO DEM. CLASSES AZUL - A4  |01/10/2017|0,29889
227|227-THS ATIVO F PTA UMIDO DEM. CLASSES AZUL - A4  |01/09/2017|0,28389
228|228-THS ATIVO F PTA  SECO -  AES AZUL- A4         |01/01/2018|0,22431
228|228-THS ATIVO F PTA  SECO -  AES AZUL- A4         |01/12/2017|0,25431
228|228-THS ATIVO F PTA  SECO -  AES AZUL- A4         |01/11/2017|0,27431
228|228-THS ATIVO F PTA  SECO -  AES AZUL- A4         |01/10/2017|0,25931
228|228-THS ATIVO F PTA  SECO -  AES AZUL- A4         |01/09/2017|0,24431
229|229-THS ATIVO F PTA UMIDO - AES AZUL- A4          |01/01/2018|0,22431
229|229-THS ATIVO F PTA UMIDO - AES AZUL- A4          |01/12/2017|0,25431
229|229-THS ATIVO F PTA UMIDO - AES AZUL- A4          |01/11/2017|0,27431
229|229-THS ATIVO F PTA UMIDO - AES AZUL- A4          |01/10/2017|0,25931
229|229-THS ATIVO F PTA UMIDO - AES AZUL- A4          |01/09/2017|0,24431
231|231-THS  ENERGIA ADICIONAL VERDE                  |01/01/2018|0,7
231|231-THS  ENERGIA ADICIONAL VERDE                  |01/12/2017|0,73
231|231-THS  ENERGIA ADICIONAL VERDE                  |01/11/2017|0,75
231|231-THS  ENERGIA ADICIONAL VERDE                  |01/10/2017|0,735
231|231-THS  ENERGIA ADICIONAL VERDE                  |01/09/2017|0,72
232|232-THS ATIVO RESIDENCIAL PONTA SECA VERDE - A4   |01/01/2018|1,17527
232|232-THS ATIVO RESIDENCIAL PONTA SECA VERDE - A4   |01/12/2017|1,20527
232|232-THS ATIVO RESIDENCIAL PONTA SECA VERDE - A4   |01/11/2017|1,22527
232|232-THS ATIVO RESIDENCIAL PONTA SECA VERDE - A4   |01/10/2017|1,21027
232|232-THS ATIVO RESIDENCIAL PONTA SECA VERDE - A4   |01/09/2017|1,19527
233|233-THS ATIVO RESIDENCIAL PONTA UMIDA VERDE - A4  |01/01/2018|1,17527
233|233-THS ATIVO RESIDENCIAL PONTA UMIDA VERDE - A4  |01/12/2017|1,20527
233|233-THS ATIVO RESIDENCIAL PONTA UMIDA VERDE - A4  |01/11/2017|1,22527
233|233-THS ATIVO RESIDENCIAL PONTA UMIDA VERDE - A4  |01/10/2017|1,21027
233|233-THS ATIVO RESIDENCIAL PONTA UMIDA VERDE - A4  |01/09/2017|1,19527
234|234-THS ATIVO RESIDENCIAL F. PTA SECA  VE - A4    |01/01/2018|0,26389
234|234-THS ATIVO RESIDENCIAL F. PTA SECA  VE - A4    |01/12/2017|0,29389
234|234-THS ATIVO RESIDENCIAL F. PTA SECA  VE - A4    |01/11/2017|0,3139
234|234-THS ATIVO RESIDENCIAL F. PTA SECA  VE - A4    |01/10/2017|0,29889
234|234-THS ATIVO RESIDENCIAL F. PTA SECA  VE - A4    |01/09/2017|0,28388
235|235-THS ATIVO RESIDENCIAL F. PTA UMIDA VE - A4    |01/01/2018|0,26389
235|235-THS ATIVO RESIDENCIAL F. PTA UMIDA VE - A4    |01/12/2017|0,29389
235|235-THS ATIVO RESIDENCIAL F. PTA UMIDA VE - A4    |01/11/2017|0,31389
235|235-THS ATIVO RESIDENCIAL F. PTA UMIDA VE - A4    |01/10/2017|0,29889
235|235-THS ATIVO RESIDENCIAL F. PTA UMIDA VE - A4    |01/09/2017|0,28389
236|236-THS DEMANDA RESIDENCIAL F. PONTA VE - A4      |01/01/2018|11,97
236|236-THS DEMANDA RESIDENCIAL F. PONTA VE - A4      |01/12/2017|11,97
236|236-THS DEMANDA RESIDENCIAL F. PONTA VE - A4      |01/11/2017|11,97
236|236-THS DEMANDA RESIDENCIAL F. PONTA VE - A4      |01/10/2017|11,97
236|236-THS DEMANDA RESIDENCIAL F. PONTA VE - A4      |01/09/2017|11,97
237|237-THS DEMANDA RESIDENCIAL ULTRAP VERDE - A4     |01/01/2018|23,94
237|237-THS DEMANDA RESIDENCIAL ULTRAP VERDE - A4     |01/12/2017|23,94
237|237-THS DEMANDA RESIDENCIAL ULTRAP VERDE - A4     |01/11/2017|23,94
237|237-THS DEMANDA RESIDENCIAL ULTRAP VERDE - A4     |01/10/2017|23,94
237|237-THS DEMANDA RESIDENCIAL ULTRAP VERDE - A4     |01/09/2017|23,94
552|2508 552 4 RURAL PALHANO                          |01/01/2018|
552|2508 552 4 RURAL PALHANO                          |01/12/2017|
552|2508 552 4 RURAL PALHANO                          |01/11/2017|
552|2508 552 4 RURAL PALHANO                          |01/10/2017|
552|2508 552 4 RURAL PALHANO                          |01/09/2017|
445|2706 445 1 CIP RESIDENCIAL MULUNGU                |01/01/2018|
445|2706 445 1 CIP RESIDENCIAL MULUNGU                |01/12/2017|
445|2706 445 1 CIP RESIDENCIAL MULUNGU                |01/11/2017|
445|2706 445 1 CIP RESIDENCIAL MULUNGU                |01/10/2017|
445|2706 445 1 CIP RESIDENCIAL MULUNGU                |01/09/2017|
446|2706 446 3 CIP COMERCIAL-PPB-SPU-MULUNGU          |01/01/2018|
446|2706 446 3 CIP COMERCIAL-PPB-SPU-MULUNGU          |01/12/2017|
446|2706 446 3 CIP COMERCIAL-PPB-SPU-MULUNGU          |01/11/2017|
446|2706 446 3 CIP COMERCIAL-PPB-SPU-MULUNGU          |01/10/2017|
446|2706 446 3 CIP COMERCIAL-PPB-SPU-MULUNGU          |01/09/2017|
447|2706 447 2 CIP INDUSTRIAL MULUNGU                 |01/01/2018|
447|2706 447 2 CIP INDUSTRIAL MULUNGU                 |01/12/2017|
447|2706 447 2 CIP INDUSTRIAL MULUNGU                 |01/11/2017|
447|2706 447 2 CIP INDUSTRIAL MULUNGU                 |01/10/2017|
447|2706 447 2 CIP INDUSTRIAL MULUNGU                 |01/09/2017|
548|2707 548  4 CIP RURAL  PACOTI                     |01/01/2018|
548|2707 548  4 CIP RURAL  PACOTI                     |01/12/2017|
548|2707 548  4 CIP RURAL  PACOTI                     |01/11/2017|
548|2707 548  4 CIP RURAL  PACOTI                     |01/10/2017|
548|2707 548  4 CIP RURAL  PACOTI                     |01/09/2017|
280|280-THS ATIVO PTA  SECO DEM CLASSES  - VERDE - A4 |01/01/2018|1,17527
280|280-THS ATIVO PTA  SECO DEM CLASSES  - VERDE - A4 |01/12/2017|1,20527
280|280-THS ATIVO PTA  SECO DEM CLASSES  - VERDE - A4 |01/11/2017|1,22527
280|280-THS ATIVO PTA  SECO DEM CLASSES  - VERDE - A4 |01/10/2017|1,21027
280|280-THS ATIVO PTA  SECO DEM CLASSES  - VERDE - A4 |01/09/2017|1,19527
436|2800 436 5 CIP PODER PUBLICO - QUIXADA            |01/01/2018|
436|2800 436 5 CIP PODER PUBLICO - QUIXADA            |01/12/2017|
436|2800 436 5 CIP PODER PUBLICO - QUIXADA            |01/11/2017|
436|2800 436 5 CIP PODER PUBLICO - QUIXADA            |01/10/2017|
436|2800 436 5 CIP PODER PUBLICO - QUIXADA            |01/09/2017|
437|2800 437 4 CIP RURAL - QUIXADA                    |01/01/2018|
437|2800 437 4 CIP RURAL - QUIXADA                    |01/12/2017|
437|2800 437 4 CIP RURAL - QUIXADA                    |01/11/2017|
437|2800 437 4 CIP RURAL - QUIXADA                    |01/10/2017|
437|2800 437 4 CIP RURAL - QUIXADA                    |01/09/2017|
281|281-THS ATIVO PTA  UMIDO DEM CLASSES  - VERDE - A4|01/01/2018|1,17527
281|281-THS ATIVO PTA  UMIDO DEM CLASSES  - VERDE - A4|01/12/2017|1,20527
281|281-THS ATIVO PTA  UMIDO DEM CLASSES  - VERDE - A4|01/11/2017|1,22527
281|281-THS ATIVO PTA  UMIDO DEM CLASSES  - VERDE - A4|01/10/2017|1,21027
281|281-THS ATIVO PTA  UMIDO DEM CLASSES  - VERDE - A4|01/09/2017|1,19527
282|282-THS ATIVO PTA  SECO DEM CLASSES  - AZUL - A4  |01/01/2018|0,39837
282|282-THS ATIVO PTA  SECO DEM CLASSES  - AZUL - A4  |01/12/2017|0,42837
282|282-THS ATIVO PTA  SECO DEM CLASSES  - AZUL - A4  |01/11/2017|0,44837
282|282-THS ATIVO PTA  SECO DEM CLASSES  - AZUL - A4  |01/10/2017|0,43337
282|282-THS ATIVO PTA  SECO DEM CLASSES  - AZUL - A4  |01/09/2017|0,41837
283|283-THS ATIVO PTA UMIDO DEM CLASSES AZUL - A4     |01/01/2018|0,39837
283|283-THS ATIVO PTA UMIDO DEM CLASSES AZUL - A4     |01/12/2017|0,42837
283|283-THS ATIVO PTA UMIDO DEM CLASSES AZUL - A4     |01/11/2017|0,44837
283|283-THS ATIVO PTA UMIDO DEM CLASSES AZUL - A4     |01/10/2017|0,43337
283|283-THS ATIVO PTA UMIDO DEM CLASSES AZUL - A4     |01/09/2017|0,41837
284|284-THS ATIVO F PTA SECO DEM CLASSES - AZUL - A4  |01/01/2018|0,26389
284|284-THS ATIVO F PTA SECO DEM CLASSES - AZUL - A4  |01/12/2017|0,29389
284|284-THS ATIVO F PTA SECO DEM CLASSES - AZUL - A4  |01/11/2017|0,31389
284|284-THS ATIVO F PTA SECO DEM CLASSES - AZUL - A4  |01/10/2017|0,29889
284|284-THS ATIVO F PTA SECO DEM CLASSES - AZUL - A4  |01/09/2017|0,28389
285|285-THS ATIVO F PTA UMIDO DEM. CLASSES AZUL - A4  |01/01/2018|0,26389
285|285-THS ATIVO F PTA UMIDO DEM. CLASSES AZUL - A4  |01/12/2017|0,29389
285|285-THS ATIVO F PTA UMIDO DEM. CLASSES AZUL - A4  |01/11/2017|0,31389
285|285-THS ATIVO F PTA UMIDO DEM. CLASSES AZUL - A4  |01/10/2017|0,29889
285|285-THS ATIVO F PTA UMIDO DEM. CLASSES AZUL - A4  |01/09/2017|0,28389
286|286-THS DEMANDA PTA   DEM. CLASSES -  AZUL - A4   |01/01/2018|32,04
286|286-THS DEMANDA PTA   DEM. CLASSES -  AZUL - A4   |01/12/2017|32,04
286|286-THS DEMANDA PTA   DEM. CLASSES -  AZUL - A4   |01/11/2017|32,04
286|286-THS DEMANDA PTA   DEM. CLASSES -  AZUL - A4   |01/10/2017|32,04
286|286-THS DEMANDA PTA   DEM. CLASSES -  AZUL - A4   |01/09/2017|32,04
287|287-THS DEMANDA F PTA  DEM. CLASSES - AZ/VE- A4   |01/01/2018|11,97
287|287-THS DEMANDA F PTA  DEM. CLASSES - AZ/VE- A4   |01/12/2017|11,97
287|287-THS DEMANDA F PTA  DEM. CLASSES - AZ/VE- A4   |01/11/2017|11,97
287|287-THS DEMANDA F PTA  DEM. CLASSES - AZ/VE- A4   |01/10/2017|11,97
287|287-THS DEMANDA F PTA  DEM. CLASSES - AZ/VE- A4   |01/09/2017|11,97
288|288-THS DEMANDA ULTRA PTA DEM CLASSES AZUL - A4   |01/01/2018|64,08
288|288-THS DEMANDA ULTRA PTA DEM CLASSES AZUL - A4   |01/12/2017|64,08
288|288-THS DEMANDA ULTRA PTA DEM CLASSES AZUL - A4   |01/11/2017|64,08
288|288-THS DEMANDA ULTRA PTA DEM CLASSES AZUL - A4   |01/10/2017|64,08
288|288-THS DEMANDA ULTRA PTA DEM CLASSES AZUL - A4   |01/09/2017|64,08
289|289-THS DEMANDA ULT F PTA DEM CLASSES AZ/VE - A4  |01/01/2018|23,94
289|289-THS DEMANDA ULT F PTA DEM CLASSES AZ/VE - A4  |01/12/2017|23,94
289|289-THS DEMANDA ULT F PTA DEM CLASSES AZ/VE - A4  |01/11/2017|23,94
289|289-THS DEMANDA ULT F PTA DEM CLASSES AZ/VE - A4  |01/10/2017|23,94
289|289-THS DEMANDA ULT F PTA DEM CLASSES AZ/VE - A4  |01/09/2017|23,94
310|310-THS ATIVO  PTA  SECO AES  - VERDE - A4        |01/01/2018|0,99898
310|310-THS ATIVO  PTA  SECO AES  - VERDE - A4        |01/12/2017|1,02898
310|310-THS ATIVO  PTA  SECO AES  - VERDE - A4        |01/11/2017|1,04898
310|310-THS ATIVO  PTA  SECO AES  - VERDE - A4        |01/10/2017|1,03398
310|310-THS ATIVO  PTA  SECO AES  - VERDE - A4        |01/09/2017|1,01898
438|3102 438 5 CIP  PODER PUBLICO -FRECHERINHA        |01/01/2018|
438|3102 438 5 CIP  PODER PUBLICO -FRECHERINHA        |01/12/2017|
438|3102 438 5 CIP  PODER PUBLICO -FRECHERINHA        |01/11/2017|
438|3102 438 5 CIP  PODER PUBLICO -FRECHERINHA        |01/10/2017|
438|3102 438 5 CIP  PODER PUBLICO -FRECHERINHA        |01/09/2017|
439|3102 439 3 CIP COMERCIAL  - FRECHERINHA           |01/01/2018|
439|3102 439 3 CIP COMERCIAL  - FRECHERINHA           |01/12/2017|
439|3102 439 3 CIP COMERCIAL  - FRECHERINHA           |01/11/2017|
439|3102 439 3 CIP COMERCIAL  - FRECHERINHA           |01/10/2017|
439|3102 439 3 CIP COMERCIAL  - FRECHERINHA           |01/09/2017|
448|3105 448 1 CIP RESIDENCIAL IBIAPINA               |01/01/2018|
448|3105 448 1 CIP RESIDENCIAL IBIAPINA               |01/12/2017|
448|3105 448 1 CIP RESIDENCIAL IBIAPINA               |01/11/2017|
448|3105 448 1 CIP RESIDENCIAL IBIAPINA               |01/10/2017|
448|3105 448 1 CIP RESIDENCIAL IBIAPINA               |01/09/2017|
449|3105 449 9 CIP N츒 RESIDENCIAL IBIAPINA           |01/01/2018|
449|3105 449 9 CIP N츒 RESIDENCIAL IBIAPINA           |01/12/2017|
449|3105 449 9 CIP N츒 RESIDENCIAL IBIAPINA           |01/11/2017|
449|3105 449 9 CIP N츒 RESIDENCIAL IBIAPINA           |01/10/2017|
449|3105 449 9 CIP N츒 RESIDENCIAL IBIAPINA           |01/09/2017|
311|311-THS ATIVO  PTA  UMIDO AES  - VERDE - A4       |01/01/2018|0,99898
311|311-THS ATIVO  PTA  UMIDO AES  - VERDE - A4       |01/12/2017|1,02898
311|311-THS ATIVO  PTA  UMIDO AES  - VERDE - A4       |01/11/2017|1,04898
311|311-THS ATIVO  PTA  UMIDO AES  - VERDE - A4       |01/10/2017|1,03398
311|311-THS ATIVO  PTA  UMIDO AES  - VERDE - A4       |01/09/2017|1,01898
312|312-THS ATIVO PTA SECO - AES - AZUL - A4          |01/01/2018|0,33861
312|312-THS ATIVO PTA SECO - AES - AZUL - A4          |01/12/2017|0,36861
312|312-THS ATIVO PTA SECO - AES - AZUL - A4          |01/11/2017|0,38861
312|312-THS ATIVO PTA SECO - AES - AZUL - A4          |01/10/2017|0,37361
312|312-THS ATIVO PTA SECO - AES - AZUL - A4          |01/09/2017|0,35861
313|313-THS ATIVO PTA UMIDO - AES AZUL - A4           |01/01/2018|0,33861
313|313-THS ATIVO PTA UMIDO - AES AZUL - A4           |01/12/2017|0,36861
313|313-THS ATIVO PTA UMIDO - AES AZUL - A4           |01/11/2017|0,38861
313|313-THS ATIVO PTA UMIDO - AES AZUL - A4           |01/10/2017|0,37361
313|313-THS ATIVO PTA UMIDO - AES AZUL - A4           |01/09/2017|0,35861
314|314-THS ATIVO F PTA  SECO -  AES VERDE - A4       |01/01/2018|0,22431
314|314-THS ATIVO F PTA  SECO -  AES VERDE - A4       |01/12/2017|0,25431
314|314-THS ATIVO F PTA  SECO -  AES VERDE - A4       |01/11/2017|0,27431
314|314-THS ATIVO F PTA  SECO -  AES VERDE - A4       |01/10/2017|0,25931
314|314-THS ATIVO F PTA  SECO -  AES VERDE - A4       |01/09/2017|0,24431
315|315-THS ATIVO F PTA UMIDO - AES VERDE - A4        |01/01/2018|0,22431
315|315-THS ATIVO F PTA UMIDO - AES VERDE - A4        |01/12/2017|0,25431
315|315-THS ATIVO F PTA UMIDO - AES VERDE - A4        |01/11/2017|0,27431
315|315-THS ATIVO F PTA UMIDO - AES VERDE - A4        |01/10/2017|0,25931
315|315-THS ATIVO F PTA UMIDO - AES VERDE - A4        |01/09/2017|0,24431
316|316-THS DEMANDA PTA  -  AES AZUL  - A4            |01/01/2018|27,234
316|316-THS DEMANDA PTA  -  AES AZUL  - A4            |01/12/2017|27,234
316|316-THS DEMANDA PTA  -  AES AZUL  - A4            |01/11/2017|27,234
316|316-THS DEMANDA PTA  -  AES AZUL  - A4            |01/10/2017|27,234
316|316-THS DEMANDA PTA  -  AES AZUL  - A4            |01/09/2017|27,234
317|317-THS DEMANDA F PTA - AES AZ/VE=UNICA - A4      |01/01/2018|10,1745
317|317-THS DEMANDA F PTA - AES AZ/VE=UNICA - A4      |01/12/2017|10,1745
317|317-THS DEMANDA F PTA - AES AZ/VE=UNICA - A4      |01/11/2017|10,1745
317|317-THS DEMANDA F PTA - AES AZ/VE=UNICA - A4      |01/10/2017|10,1745
317|317-THS DEMANDA F PTA - AES AZ/VE=UNICA - A4      |01/09/2017|10,1745
318|318-THS DEMANDA ULT PTA -  AES AZUL - A4          |01/01/2018|54,468
318|318-THS DEMANDA ULT PTA -  AES AZUL - A4          |01/12/2017|54,468
318|318-THS DEMANDA ULT PTA -  AES AZUL - A4          |01/11/2017|54,468
318|318-THS DEMANDA ULT PTA -  AES AZUL - A4          |01/10/2017|54,468
318|318-THS DEMANDA ULT PTA -  AES AZUL - A4          |01/09/2017|54,468
319|319-THS DEMANDA ULT F PTA -  AES AZ/VE=UNICA - A4 |01/01/2018|20,349
319|319-THS DEMANDA ULT F PTA -  AES AZ/VE=UNICA - A4 |01/12/2017|20,349
319|319-THS DEMANDA ULT F PTA -  AES AZ/VE=UNICA - A4 |01/11/2017|20,349
319|319-THS DEMANDA ULT F PTA -  AES AZ/VE=UNICA - A4 |01/10/2017|20,349
319|319-THS DEMANDA ULT F PTA -  AES AZ/VE=UNICA - A4 |01/09/2017|20,349
320|320-TUSD DEMANDA PONTA 13.8 KV                    |01/01/2018|32,04
320|320-TUSD DEMANDA PONTA 13.8 KV                    |01/01/2018|32,04
320|320-TUSD DEMANDA PONTA 13.8 KV                    |01/12/2017|32,04
320|320-TUSD DEMANDA PONTA 13.8 KV                    |01/12/2017|32,04
320|320-TUSD DEMANDA PONTA 13.8 KV                    |01/11/2017|32,04
320|320-TUSD DEMANDA PONTA 13.8 KV                    |01/11/2017|32,04
320|320-TUSD DEMANDA PONTA 13.8 KV                    |01/10/2017|32,04
320|320-TUSD DEMANDA PONTA 13.8 KV                    |01/10/2017|32,04
320|320-TUSD DEMANDA PONTA 13.8 KV                    |01/09/2017|32,04
320|320-TUSD DEMANDA PONTA 13.8 KV                    |01/09/2017|32,04
321|321-TUSD DEMANDA FORA PONTA 13.8 KV               |01/01/2018|11,97
321|321-TUSD DEMANDA FORA PONTA 13.8 KV               |01/12/2017|11,97
321|321-TUSD DEMANDA FORA PONTA 13.8 KV               |01/11/2017|11,97
321|321-TUSD DEMANDA FORA PONTA 13.8 KV               |01/10/2017|11,97
321|321-TUSD DEMANDA FORA PONTA 13.8 KV               |01/09/2017|11,97
322|322-TUSD DEMANDA ULTAPASSAGEM  PONTA 13.8 KV      |01/01/2018|64,08
322|322-TUSD DEMANDA ULTAPASSAGEM  PONTA 13.8 KV      |01/12/2017|64,08
322|322-TUSD DEMANDA ULTAPASSAGEM  PONTA 13.8 KV      |01/11/2017|64,08
322|322-TUSD DEMANDA ULTAPASSAGEM  PONTA 13.8 KV      |01/10/2017|64,08
322|322-TUSD DEMANDA ULTAPASSAGEM  PONTA 13.8 KV      |01/09/2017|64,08
323|323-TUSD DEMANDA ULTRAPASSAGEM FORA PONTA 13.8 KV |01/01/2018|23,94
323|323-TUSD DEMANDA ULTRAPASSAGEM FORA PONTA 13.8 KV |01/12/2017|23,94
323|323-TUSD DEMANDA ULTRAPASSAGEM FORA PONTA 13.8 KV |01/11/2017|23,94
323|323-TUSD DEMANDA ULTRAPASSAGEM FORA PONTA 13.8 KV |01/10/2017|23,94
323|323-TUSD DEMANDA ULTRAPASSAGEM FORA PONTA 13.8 KV |01/09/2017|23,94
442|3407 442 1 CIP RESIDENCIAL S.L. DO CURU           |01/01/2018|
442|3407 442 1 CIP RESIDENCIAL S.L. DO CURU           |01/12/2017|
442|3407 442 1 CIP RESIDENCIAL S.L. DO CURU           |01/11/2017|
442|3407 442 1 CIP RESIDENCIAL S.L. DO CURU           |01/10/2017|
442|3407 442 1 CIP RESIDENCIAL S.L. DO CURU           |01/09/2017|
443|3407 443 2 CIP N츒 RESIDENCIAL S.L. DO CURU       |01/01/2018|
443|3407 443 2 CIP N츒 RESIDENCIAL S.L. DO CURU       |01/12/2017|
443|3407 443 2 CIP N츒 RESIDENCIAL S.L. DO CURU       |01/10/2017|
443|3407 443 2 CIP N츒 RESIDENCIAL S.L. DO CURU       |01/09/2017|
433|3502  433 4 CIP RURAL ACARAU                      |01/01/2018|
433|3502  433 4 CIP RURAL ACARAU                      |01/12/2017|
573|3503 573 8  CIP CONS PROPRIO AMONTADA             |01/01/2018|5,58
573|3503 573 8  CIP CONS PROPRIO AMONTADA             |01/12/2017|5,58
573|3503 573 8  CIP CONS PROPRIO AMONTADA             |01/11/2017|5,58
573|3503 573 8  CIP CONS PROPRIO AMONTADA             |01/10/2017|5,58
573|3503 573 8  CIP CONS PROPRIO AMONTADA             |01/09/2017|5,58
574|3503 574 5 CIP PODER/SERV PUBLIC AMONTADA         |01/01/2018|10,1745
574|3503 574 5 CIP PODER/SERV PUBLIC AMONTADA         |01/12/2017|10,1745
574|3503 574 5 CIP PODER/SERV PUBLIC AMONTADA         |01/11/2017|10,1745
574|3503 574 5 CIP PODER/SERV PUBLIC AMONTADA         |01/10/2017|10,1745
574|3503 574 5 CIP PODER/SERV PUBLIC AMONTADA         |01/09/2017|10,1745
575|3503 575 4  CIP RURAL AMONTADA                    |01/01/2018|20,349
575|3503 575 4  CIP RURAL AMONTADA                    |01/12/2017|17,96
576|3800 576 2  CIP INDUSTRIAL CRATEUS                |01/01/2018|0
576|3800 576 2  CIP INDUSTRIAL CRATEUS                |01/12/2017|0
576|3800 576 2  CIP INDUSTRIAL CRATEUS                |01/11/2017|0
576|3800 576 2  CIP INDUSTRIAL CRATEUS                |01/10/2017|0
576|3800 576 2  CIP INDUSTRIAL CRATEUS                |01/09/2017|0
577|3800 577 8  CIP PROPRIO CRATEUS                   |01/01/2018|0
578|3800 578 4  CIP RURAL CRATEUS                     |01/01/2018|0
578|3800 578 4  CIP RURAL CRATEUS                     |01/12/2017|0,01359
579|3800 579 7 CIP SERVI큞 PUBLICO CRATEUS            |01/01/2018|0
579|3800 579 7 CIP SERVI큞 PUBLICO CRATEUS            |01/12/2017|0
579|3800 579 7 CIP SERVI큞 PUBLICO CRATEUS            |01/11/2017|0
579|3800 579 7 CIP SERVI큞 PUBLICO CRATEUS            |01/10/2017|0
579|3800 579 7 CIP SERVI큞 PUBLICO CRATEUS            |01/09/2017|0
382|382-TX  MUDANCA  MEDIDOR LOCAL - MONOFASICO       |01/01/2018|86,13
383|383-TX  MUDANCA  MEDIDOR LOCAL - POLIFASICO       |01/01/2018|127,5
384|384-TAXA RELIGA츒  URGENCIA  G - A               |01/01/2018|186,36
384|384-TAXA RELIGA츒  URGENCIA  G - A               |01/12/2017|186,36
384|384-TAXA RELIGA츒  URGENCIA  G - A               |01/11/2017|186,36
384|384-TAXA RELIGA츒  URGENCIA  G - A               |01/10/2017|186,36
384|384-TAXA RELIGA츒  URGENCIA  G - A               |01/09/2017|186,36
385|385-TAXA AFERI츒 MED G- A                        |01/01/2018|93,18
385|385-TAXA AFERI츒 MED G- A                        |01/12/2017|93,18
385|385-TAXA AFERI츒 MED G- A                        |01/11/2017|93,18
385|385-TAXA AFERI츒 MED G- A                        |01/10/2017|93,18
385|385-TAXA AFERI츒 MED G- A                        |01/09/2017|93,18
386|386-TAXA RELIGA츒 NORMAL G - A                   |01/01/2018|93,18
386|386-TAXA RELIGA츒 NORMAL G - A                   |01/12/2017|93,18
386|386-TAXA RELIGA츒 NORMAL G - A                   |01/11/2017|93,18
386|386-TAXA RELIGA츒 NORMAL G - A                   |01/10/2017|93,18
386|386-TAXA RELIGA츒 NORMAL G - A                   |01/09/2017|93,18
387|387-CUSTOS ADMINISTRATIVOS DE INSPE츒-GA         |01/07/2020|4091,12
387|387-CUSTOS ADMINISTRATIVOS DE INSPE츒-GA         |01/01/2018|3685,96
387|387-CUSTOS ADMINISTRATIVOS DE INSPE츒-GA         |01/01/2018|3685,96
387|387-CUSTOS ADMINISTRATIVOS DE INSPE츒-GA         |01/12/2017|3685,96
387|387-CUSTOS ADMINISTRATIVOS DE INSPE츒-GA         |01/12/2017|3685,96
387|387-CUSTOS ADMINISTRATIVOS DE INSPE츒-GA         |01/11/2017|3685,96
387|387-CUSTOS ADMINISTRATIVOS DE INSPE츒-GA         |01/11/2017|3685,96
387|387-CUSTOS ADMINISTRATIVOS DE INSPE츒-GA         |01/10/2017|3685,96
387|387-CUSTOS ADMINISTRATIVOS DE INSPE츒-GA         |01/10/2017|3685,96
387|387-CUSTOS ADMINISTRATIVOS DE INSPE츒-GA         |01/09/2017|3685,96
387|387-CUSTOS ADMINISTRATIVOS DE INSPE츒-GA         |01/09/2017|3685,96
388|388-TAXA DE VISTORIA DA UC G - A                  |01/01/2018|55,9
388|388-TAXA DE VISTORIA DA UC G - A                  |01/12/2017|55,9
388|388-TAXA DE VISTORIA DA UC G - A                  |01/11/2017|55,9
388|388-TAXA DE VISTORIA DA UC G - A                  |01/10/2017|55,9
388|388-TAXA DE VISTORIA DA UC G - A                  |01/09/2017|55,9
389|389-TAXA DE VERIFICA츒 DE TENS츒 G - A           |01/01/2018|93,18
389|389-TAXA DE VERIFICA츒 DE TENS츒 G - A           |01/12/2017|93,18
389|389-TAXA DE VERIFICA츒 DE TENS츒 G - A           |01/11/2017|93,18
389|389-TAXA DE VERIFICA츒 DE TENS츒 G - A           |01/10/2017|93,18
389|389-TAXA DE VERIFICA츒 DE TENS츒 G - A           |01/09/2017|93,18
390|390-TAXA RELIGACAO MONOFASICA                     |01/01/2018|7,43
390|390-TAXA RELIGACAO MONOFASICA                     |01/12/2017|7,43
390|390-TAXA RELIGACAO MONOFASICA                     |01/11/2017|7,43
390|390-TAXA RELIGACAO MONOFASICA                     |01/10/2017|7,43
390|390-TAXA RELIGACAO MONOFASICA                     |01/09/2017|7,43
391|391-TAXA RELIGACAO BIFASICA                       |01/01/2018|10,23
391|391-TAXA RELIGACAO BIFASICA                       |01/12/2017|10,23
391|391-TAXA RELIGACAO BIFASICA                       |01/11/2017|10,23
391|391-TAXA RELIGACAO BIFASICA                       |01/10/2017|10,23
391|391-TAXA RELIGACAO BIFASICA                       |01/09/2017|10,23
392|392-TAXA RELIGACAO TRIFASICA                      |01/01/2018|30,72
392|392-TAXA RELIGACAO TRIFASICA                      |01/12/2017|30,72
392|392-TAXA RELIGACAO TRIFASICA                      |01/11/2017|30,72
392|392-TAXA RELIGACAO TRIFASICA                      |01/10/2017|30,72
392|392-TAXA RELIGACAO TRIFASICA                      |01/09/2017|30,72
393|393-TAXA RELIGACAO MONOFASICA URGENCIA            |01/01/2018|37,26
393|393-TAXA RELIGACAO MONOFASICA URGENCIA            |01/12/2017|37,26
393|393-TAXA RELIGACAO MONOFASICA URGENCIA            |01/11/2017|37,26
393|393-TAXA RELIGACAO MONOFASICA URGENCIA            |01/10/2017|37,26
393|393-TAXA RELIGACAO MONOFASICA URGENCIA            |01/09/2017|37,26
394|394-TAXA RELIGACAO BIFASICA URGENCIA              |01/01/2018|55,9
394|394-TAXA RELIGACAO BIFASICA URGENCIA              |01/12/2017|55,9
394|394-TAXA RELIGACAO BIFASICA URGENCIA              |01/11/2017|55,9
394|394-TAXA RELIGACAO BIFASICA URGENCIA              |01/10/2017|55,9
394|394-TAXA RELIGACAO BIFASICA URGENCIA              |01/09/2017|55,9
395|395-TAXA RELIGACAO TRIFASICA URGENCIA             |01/01/2018|93,18
395|395-TAXA RELIGACAO TRIFASICA URGENCIA             |01/12/2017|93,18
395|395-TAXA RELIGACAO TRIFASICA URGENCIA             |01/11/2017|93,18
395|395-TAXA RELIGACAO TRIFASICA URGENCIA             |01/10/2017|93,18
395|395-TAXA RELIGACAO TRIFASICA URGENCIA             |01/09/2017|93,18
396|396-TAXA DE SEGUNDA VIA - GA                      |01/01/2018|5,58
396|396-TAXA DE SEGUNDA VIA - GA                      |01/12/2017|5,58
396|396-TAXA DE SEGUNDA VIA - GA                      |01/11/2017|5,58
396|396-TAXA DE SEGUNDA VIA - GA                      |01/10/2017|5,58
396|396-TAXA DE SEGUNDA VIA - GA                      |01/09/2017|5,58
397|397-DESLIG. PROGRAMADA - MON                      |01/01/2018|37,26
397|397-DESLIG. PROGRAMADA - MON                      |01/01/2018|37,26
397|397-DESLIG. PROGRAMADA - MON                      |01/12/2017|37,26
397|397-DESLIG. PROGRAMADA - MON                      |01/12/2017|37,26
397|397-DESLIG. PROGRAMADA - MON                      |01/11/2017|37,26
397|397-DESLIG. PROGRAMADA - MON                      |01/11/2017|37,26
397|397-DESLIG. PROGRAMADA - MON                      |01/10/2017|37,26
397|397-DESLIG. PROGRAMADA - MON                      |01/10/2017|37,26
397|397-DESLIG. PROGRAMADA - MON                      |01/09/2017|37,26
397|397-DESLIG. PROGRAMADA - MON                      |01/09/2017|37,26
398|398-DESLIG. PROGRAMADA - BIF                      |01/01/2018|55,9
398|398-DESLIG. PROGRAMADA - BIF                      |01/01/2018|55,9
398|398-DESLIG. PROGRAMADA - BIF                      |01/12/2017|55,9
398|398-DESLIG. PROGRAMADA - BIF                      |01/12/2017|55,9
398|398-DESLIG. PROGRAMADA - BIF                      |01/11/2017|55,9
398|398-DESLIG. PROGRAMADA - BIF                      |01/11/2017|55,9
398|398-DESLIG. PROGRAMADA - BIF                      |01/10/2017|55,9
398|398-DESLIG. PROGRAMADA - BIF                      |01/10/2017|55,9
398|398-DESLIG. PROGRAMADA - BIF                      |01/09/2017|55,9
398|398-DESLIG. PROGRAMADA - BIF                      |01/09/2017|55,9
399|399-DESLIG. PROGRAMADA - TRI                      |01/01/2018|93,18
399|399-DESLIG. PROGRAMADA - TRI                      |01/01/2018|93,18
399|399-DESLIG. PROGRAMADA - TRI                      |01/12/2017|93,18
399|399-DESLIG. PROGRAMADA - TRI                      |01/12/2017|93,18
399|399-DESLIG. PROGRAMADA - TRI                      |01/11/2017|93,18
399|399-DESLIG. PROGRAMADA - TRI                      |01/11/2017|93,18
399|399-DESLIG. PROGRAMADA - TRI                      |01/10/2017|93,18
399|399-DESLIG. PROGRAMADA - TRI                      |01/10/2017|93,18
399|399-DESLIG. PROGRAMADA - TRI                      |01/09/2017|93,18
399|399-DESLIG. PROGRAMADA - TRI                      |01/09/2017|93,18
400|400-TCV ATIVO DEM CLASSES - A4                    |01/01/2018|0,26463
400|400-TCV ATIVO DEM CLASSES - A4                    |01/12/2017|0,29463
400|400-TCV ATIVO DEM CLASSES - A4                    |01/11/2017|0,31463
400|400-TCV ATIVO DEM CLASSES - A4                    |01/10/2017|0,29963
400|400-TCV ATIVO DEM CLASSES - A4                    |01/09/2017|0,28463
401|401-TCV ATIVO DEM CLASSES - A4 - OPTANTE          |01/01/2018|0,47369
401|401-TCV ATIVO DEM CLASSES - A4 - OPTANTE          |01/12/2017|0,50369
401|401-TCV ATIVO DEM CLASSES - A4 - OPTANTE          |01/11/2017|0,52369
401|401-TCV ATIVO DEM CLASSES - A4 - OPTANTE          |01/10/2017|0,50869
401|401-TCV ATIVO DEM CLASSES - A4 - OPTANTE          |01/09/2017|0,49369
402|402-CUSTO  ADMINISTRATIVO DE INSPE츒  MON        |01/01/2018|110,52
402|402-CUSTO  ADMINISTRATIVO DE INSPE츒  MON        |01/12/2017|110,52
402|402-CUSTO  ADMINISTRATIVO DE INSPE츒  MON        |01/11/2017|110,52
402|402-CUSTO  ADMINISTRATIVO DE INSPE츒  MON        |01/10/2017|110,52
402|402-CUSTO  ADMINISTRATIVO DE INSPE츒  MON        |01/09/2017|110,52
403|403-CUSTO  ADMINISTRATIVO DE INSPE츒  BIF        |01/01/2018|165,83
403|403-CUSTO  ADMINISTRATIVO DE INSPE츒  BIF        |01/12/2017|165,83
403|403-CUSTO  ADMINISTRATIVO DE INSPE츒  BIF        |01/11/2017|165,83
403|403-CUSTO  ADMINISTRATIVO DE INSPE츒  BIF        |01/10/2017|165,83
403|403-CUSTO  ADMINISTRATIVO DE INSPE츒  BIF        |01/09/2017|165,83
404|404-CUSTO  ADMINISTRATIVO DE INSPE츒  TRIF       |01/01/2018|276,45
404|404-CUSTO  ADMINISTRATIVO DE INSPE츒  TRIF       |01/12/2017|276,45
404|404-CUSTO  ADMINISTRATIVO DE INSPE츒  TRIF       |01/11/2017|276,45
404|404-CUSTO  ADMINISTRATIVO DE INSPE츒  TRIF       |01/10/2017|276,45
404|404-CUSTO  ADMINISTRATIVO DE INSPE츒  TRIF       |01/09/2017|276,45
405|405 - TUSD ATIVO PT E FPT 69 KV LIVRE-LIM-CIMENTOS|01/01/2018|0,01916
405|405 - TUSD ATIVO PT E FPT 69 KV LIVRE-LIM-CIMENTOS|01/12/2017|0,01916
405|405 - TUSD ATIVO PT E FPT 69 KV LIVRE-LIM-CIMENTOS|01/11/2017|0,01916
405|405 - TUSD ATIVO PT E FPT 69 KV LIVRE-LIM-CIMENTOS|01/10/2017|0,01916
405|405 - TUSD ATIVO PT E FPT 69 KV LIVRE-LIM-CIMENTOS|01/09/2017|0,01916
406|406 - TUSD ATIVO PT E FPT 69 KV LIVRE-LIM-ELETROS |01/01/2018|0,02384
406|406 - TUSD ATIVO PT E FPT 69 KV LIVRE-LIM-ELETROS |01/12/2017|0,02384
406|406 - TUSD ATIVO PT E FPT 69 KV LIVRE-LIM-ELETROS |01/11/2017|0,02384
406|406 - TUSD ATIVO PT E FPT 69 KV LIVRE-LIM-ELETROS |01/10/2017|0,02384
406|406 - TUSD ATIVO PT E FPT 69 KV LIVRE-LIM-ELETROS |01/09/2017|0,02384
407|407 - ENERGIA ATIVO PT  69KV CAT -LIM-ELETROS     |01/01/2018|0,33652
407|407 - ENERGIA ATIVO PT  69KV CAT -LIM-ELETROS     |01/12/2017|0,36652
407|407 - ENERGIA ATIVO PT  69KV CAT -LIM-ELETROS     |01/11/2017|0,38652
407|407 - ENERGIA ATIVO PT  69KV CAT -LIM-ELETROS     |01/10/2017|0,37152
407|407 - ENERGIA ATIVO PT  69KV CAT -LIM-ELETROS     |01/09/2017|0,35652
408|408 - ENERGIA ATIVO FPT  69KV CAT -LIM-ELETROS    |01/01/2018|0,19741
408|408 - ENERGIA ATIVO FPT  69KV CAT -LIM-ELETROS    |01/12/2017|0,22741
408|408 - ENERGIA ATIVO FPT  69KV CAT -LIM-ELETROS    |01/11/2017|0,24741
408|408 - ENERGIA ATIVO FPT  69KV CAT -LIM-ELETROS    |01/10/2017|0,23241
408|408 - ENERGIA ATIVO FPT  69KV CAT -LIM-ELETROS    |01/09/2017|0,21741
409|409 - ENERGIA ATIVO PT  69 KV CAT-LIM-CIMENTOS    |01/01/2018|0,34125
409|409 - ENERGIA ATIVO PT  69 KV CAT-LIM-CIMENTOS    |01/12/2017|0,37125
409|409 - ENERGIA ATIVO PT  69 KV CAT-LIM-CIMENTOS    |01/11/2017|0,39125
409|409 - ENERGIA ATIVO PT  69 KV CAT-LIM-CIMENTOS    |01/10/2017|0,37625
409|409 - ENERGIA ATIVO PT  69 KV CAT-LIM-CIMENTOS    |01/09/2017|0,36125
410|410-TCV DEMANDA DEM. CLASSES - A4                 |01/01/2018|0
410|410-TCV DEMANDA DEM. CLASSES - A4                 |01/12/2017|0
410|410-TCV DEMANDA DEM. CLASSES - A4                 |01/11/2017|0
410|410-TCV DEMANDA DEM. CLASSES - A4                 |01/10/2017|0
410|410-TCV DEMANDA DEM. CLASSES - A4                 |01/09/2017|0
411|411 - ENERGIA ATIVO FPT  69 KV CAT-LIM-CIMENTOS   |01/01/2018|0,20677
411|411 - ENERGIA ATIVO FPT  69 KV CAT-LIM-CIMENTOS   |01/12/2017|0,23677
411|411 - ENERGIA ATIVO FPT  69 KV CAT-LIM-CIMENTOS   |01/11/2017|0,25677
411|411 - ENERGIA ATIVO FPT  69 KV CAT-LIM-CIMENTOS   |01/10/2017|0,24177
411|411 - ENERGIA ATIVO FPT  69 KV CAT-LIM-CIMENTOS   |01/09/2017|0,22677
420|420-TCV  ATIVO  -  AES - A4                       |01/01/2018|0,22494
420|420-TCV  ATIVO  -  AES - A4                       |01/12/2017|0,25494
420|420-TCV  ATIVO  -  AES - A4                       |01/11/2017|0,27494
420|420-TCV  ATIVO  -  AES - A4                       |01/10/2017|0,25994
420|420-TCV  ATIVO  -  AES - A4                       |01/09/2017|0,24494
421|421-TCV  ATIVO  -  AES - A4 - OPTANTE             |01/01/2018|0,40264
421|421-TCV  ATIVO  -  AES - A4 - OPTANTE             |01/12/2017|0,43264
421|421-TCV  ATIVO  -  AES - A4 - OPTANTE             |01/11/2017|0,45264
421|421-TCV  ATIVO  -  AES - A4 - OPTANTE             |01/10/2017|0,43764
421|421-TCV  ATIVO  -  AES - A4 - OPTANTE             |01/09/2017|0,42264
430|430-TCV  DEMANDA   -  AES - A4                    |01/01/2018|0
430|430-TCV  DEMANDA   -  AES - A4                    |01/12/2017|0
430|430-TCV  DEMANDA   -  AES - A4                    |01/11/2017|0
430|430-TCV  DEMANDA   -  AES - A4                    |01/10/2017|0
430|430-TCV  DEMANDA   -  AES - A4                    |01/09/2017|0
440|440-TCV  ATIVO RURAL -  A4                        |01/01/2018|0,23817
440|440-TCV  ATIVO RURAL -  A4                        |01/12/2017|0,26817
440|440-TCV  ATIVO RURAL -  A4                        |01/11/2017|0,28817
440|440-TCV  ATIVO RURAL -  A4                        |01/10/2017|0,27317
440|440-TCV  ATIVO RURAL -  A4                        |01/09/2017|0,25817
441|441-TCV  ATIVO RURAL -  A4 - OPTANTE              |01/01/2018|0,33158
441|441-TCV  ATIVO RURAL -  A4 - OPTANTE              |01/12/2017|0,36158
441|441-TCV  ATIVO RURAL -  A4 - OPTANTE              |01/11/2017|0,38158
441|441-TCV  ATIVO RURAL -  A4 - OPTANTE              |01/10/2017|0,36658
441|441-TCV  ATIVO RURAL -  A4 - OPTANTE              |01/09/2017|0,35158
450|450-TCV ATIVO HR 8,5 HS - A4                      |01/01/2018|0,02646
450|450-TCV ATIVO HR 8,5 HS - A4                      |01/12/2017|0,02946
450|450-TCV ATIVO HR 8,5 HS - A4                      |01/11/2017|0,03146
450|450-TCV ATIVO HR 8,5 HS - A4                      |01/10/2017|0,02996
450|450-TCV ATIVO HR 8,5 HS - A4                      |01/09/2017|0,02846
451|451-TCV ATIVO HR 8,5 HS - A4 - OPTANTE            |01/01/2018|0,08953
451|451-TCV ATIVO HR 8,5 HS - A4 - OPTANTE            |01/12/2017|0,09763
451|451-TCV ATIVO HR 8,5 HS - A4 - OPTANTE            |01/11/2017|0,10303
451|451-TCV ATIVO HR 8,5 HS - A4 - OPTANTE            |01/10/2017|0,09763
451|451-TCV ATIVO HR 8,5 HS - A4 - OPTANTE            |01/09/2017|0,09493
453|453-TUSD ENERGIA REVENDA 13.8 KV                  |01/01/2018|0,01026
453|453-TUSD ENERGIA REVENDA 13.8 KV                  |01/01/2018|0,01026
453|453-TUSD ENERGIA REVENDA 13.8 KV                  |01/12/2017|0,01026
453|453-TUSD ENERGIA REVENDA 13.8 KV                  |01/12/2017|0,01026
453|453-TUSD ENERGIA REVENDA 13.8 KV                  |01/11/2017|0,01026
453|453-TUSD ENERGIA REVENDA 13.8 KV                  |01/11/2017|0,01026
453|453-TUSD ENERGIA REVENDA 13.8 KV                  |01/10/2017|0,01026
453|453-TUSD ENERGIA REVENDA 13.8 KV                  |01/10/2017|0,01026
453|453-TUSD ENERGIA REVENDA 13.8 KV                  |01/09/2017|0,01026
453|453-TUSD ENERGIA REVENDA 13.8 KV                  |01/09/2017|0,01026
463|463-TUSD CONSUMIDOR LIVRE DEMANDA PTA - 100%-A4   |01/01/2018|32,04
463|463-TUSD CONSUMIDOR LIVRE DEMANDA PTA - 100%-A4   |01/12/2017|32,04
463|463-TUSD CONSUMIDOR LIVRE DEMANDA PTA - 100%-A4   |01/11/2017|32,04
463|463-TUSD CONSUMIDOR LIVRE DEMANDA PTA - 100%-A4   |01/10/2017|32,04
463|463-TUSD CONSUMIDOR LIVRE DEMANDA PTA - 100%-A4   |01/09/2017|32,04
464|464-TUSD CONSUMIDOR LIVRE DEMANDA PTA - 100%-A3   |01/01/2018|10,41
464|464-TUSD CONSUMIDOR LIVRE DEMANDA PTA - 100%-A3   |01/12/2017|10,41
464|464-TUSD CONSUMIDOR LIVRE DEMANDA PTA - 100%-A3   |01/11/2017|10,41
464|464-TUSD CONSUMIDOR LIVRE DEMANDA PTA - 100%-A3   |01/10/2017|10,41
464|464-TUSD CONSUMIDOR LIVRE DEMANDA PTA - 100%-A3   |01/09/2017|10,41
465|465-TUSD CONSUMIDOR LIVRE DEMANDA F PTA - 100%-A4 |01/01/2018|11,97
465|465-TUSD CONSUMIDOR LIVRE DEMANDA F PTA - 100%-A4 |01/12/2017|11,97
465|465-TUSD CONSUMIDOR LIVRE DEMANDA F PTA - 100%-A4 |01/11/2017|11,97
465|465-TUSD CONSUMIDOR LIVRE DEMANDA F PTA - 100%-A4 |01/10/2017|11,97
465|465-TUSD CONSUMIDOR LIVRE DEMANDA F PTA - 100%-A4 |01/09/2017|11,97
466|466-TUSD CONSUMIDOR LIVRE DEMANDA F PTA - 100%-A3 |01/01/2018|4,54
466|466-TUSD CONSUMIDOR LIVRE DEMANDA F PTA - 100%-A3 |01/12/2017|4,54
466|466-TUSD CONSUMIDOR LIVRE DEMANDA F PTA - 100%-A3 |01/11/2017|4,54
466|466-TUSD CONSUMIDOR LIVRE DEMANDA F PTA - 100%-A3 |01/10/2017|4,54
466|466-TUSD CONSUMIDOR LIVRE DEMANDA F PTA - 100%-A3 |01/09/2017|4,54
470|470-TCV DEMANDA RURAL A4                          |01/01/2018|0
470|470-TCV DEMANDA RURAL A4                          |01/12/2017|0
470|470-TCV DEMANDA RURAL A4                          |01/11/2017|0
470|470-TCV DEMANDA RURAL A4                          |01/10/2017|0
470|470-TCV DEMANDA RURAL A4                          |01/09/2017|0
472|472-TUSD - CONSUMIDOR LIVRE ENCARGO ATIVO PTA 69KV|01/01/2018|0,01774
472|472-TUSD - CONSUMIDOR LIVRE ENCARGO ATIVO PTA 69KV|01/12/2017|0,01774
472|472-TUSD - CONSUMIDOR LIVRE ENCARGO ATIVO PTA 69KV|01/11/2017|0,01774
472|472-TUSD - CONSUMIDOR LIVRE ENCARGO ATIVO PTA 69KV|01/10/2017|0,01774
472|472-TUSD - CONSUMIDOR LIVRE ENCARGO ATIVO PTA 69KV|01/09/2017|0,01774
473|473TUSD - CONSUM LIVRE ENCARGO ATIVO F PTA 69KV   |01/01/2018|0,01774
473|473TUSD - CONSUM LIVRE ENCARGO ATIVO F PTA 69KV   |01/12/2017|0,01774
473|473TUSD - CONSUM LIVRE ENCARGO ATIVO F PTA 69KV   |01/11/2017|0,01774
473|473TUSD - CONSUM LIVRE ENCARGO ATIVO F PTA 69KV   |01/10/2017|0,01774
473|473TUSD - CONSUM LIVRE ENCARGO ATIVO F PTA 69KV   |01/09/2017|0,01774
474|474-TUSD DEMANDA FATURADA REVENDA FPT 13,8        |01/01/2018|6,43
474|474-TUSD DEMANDA FATURADA REVENDA FPT 13,8        |01/12/2017|6,43
474|474-TUSD DEMANDA FATURADA REVENDA FPT 13,8        |01/11/2017|6,43
474|474-TUSD DEMANDA FATURADA REVENDA FPT 13,8        |01/10/2017|6,43
474|474-TUSD DEMANDA FATURADA REVENDA FPT 13,8        |01/09/2017|6,43
475|475-TUSD DEMANDA FATURADA REVENDA PT 13,8         |01/01/2018|13,09
475|475-TUSD DEMANDA FATURADA REVENDA PT 13,8         |01/12/2017|13,09
475|475-TUSD DEMANDA FATURADA REVENDA PT 13,8         |01/11/2017|13,09
475|475-TUSD DEMANDA FATURADA REVENDA PT 13,8         |01/10/2017|13,09
475|475-TUSD DEMANDA FATURADA REVENDA PT 13,8         |01/09/2017|13,09
476|476-TUSD DEMANDA PONTA 69 KV                      |01/01/2018|10,41
476|476-TUSD DEMANDA PONTA 69 KV                      |01/12/2017|10,41
476|476-TUSD DEMANDA PONTA 69 KV                      |01/11/2017|10,41
476|476-TUSD DEMANDA PONTA 69 KV                      |01/10/2017|10,41
476|476-TUSD DEMANDA PONTA 69 KV                      |01/09/2017|10,41
477|477-TUSD DEMANDA FORA PONTA 69 KV                 |01/01/2018|4,54
477|477-TUSD DEMANDA FORA PONTA 69 KV                 |01/12/2017|4,54
477|477-TUSD DEMANDA FORA PONTA 69 KV                 |01/11/2017|4,54
477|477-TUSD DEMANDA FORA PONTA 69 KV                 |01/10/2017|4,54
477|477-TUSD DEMANDA FORA PONTA 69 KV                 |01/09/2017|4,54
478|478-TUSD DEMANDA DE ULTRAP. PONTA 69 KV           |01/01/2018|20,82
478|478-TUSD DEMANDA DE ULTRAP. PONTA 69 KV           |01/12/2017|20,82
478|478-TUSD DEMANDA DE ULTRAP. PONTA 69 KV           |01/11/2017|20,82
478|478-TUSD DEMANDA DE ULTRAP. PONTA 69 KV           |01/10/2017|20,82
478|478-TUSD DEMANDA DE ULTRAP. PONTA 69 KV           |01/09/2017|20,82
479|479-TUSD DEMANDA DE ULTRAP. FORA PONTA 69 KV      |01/01/2018|9,08
479|479-TUSD DEMANDA DE ULTRAP. FORA PONTA 69 KV      |01/12/2017|9,08
479|479-TUSD DEMANDA DE ULTRAP. FORA PONTA 69 KV      |01/11/2017|9,08
479|479-TUSD DEMANDA DE ULTRAP. FORA PONTA 69 KV      |01/10/2017|9,08
479|479-TUSD DEMANDA DE ULTRAP. FORA PONTA 69 KV      |01/09/2017|9,08
480|480-TCV DEMANDA DEM CLASSES - A4                  |01/01/2018|0
480|480-TCV DEMANDA DEM CLASSES - A4                  |01/12/2017|0
480|480-TCV DEMANDA DEM CLASSES - A4                  |01/11/2017|0
480|480-TCV DEMANDA DEM CLASSES - A4                  |01/10/2017|0
480|480-TCV DEMANDA DEM CLASSES - A4                  |01/09/2017|0
481|481-TCV ATIVO  RES OPTANTE - A4                   |01/01/2018|0,47369
481|481-TCV ATIVO  RES OPTANTE - A4                   |01/12/2017|0,50369
481|481-TCV ATIVO  RES OPTANTE - A4                   |01/11/2017|0,52369
481|481-TCV ATIVO  RES OPTANTE - A4                   |01/10/2017|0,5086
481|481-TCV ATIVO  RES OPTANTE - A4                   |01/09/2017|0,4936
482|482-TUSD UNIDADE GERADORA                         |01/01/2018|11,16
482|482-TUSD UNIDADE GERADORA                         |01/12/2017|11,16
482|482-TUSD UNIDADE GERADORA                         |01/11/2017|11,16
482|482-TUSD UNIDADE GERADORA                         |01/10/2017|11,16
482|482-TUSD UNIDADE GERADORA                         |01/09/2017|11,16
483|483-TUSD AEOLICA 50%                              |01/01/2018|5,58
483|483-TUSD AEOLICA 50%                              |01/12/2017|5,58
483|483-TUSD AEOLICA 50%                              |01/11/2017|5,58
483|483-TUSD AEOLICA 50%                              |01/10/2017|5,58
483|483-TUSD AEOLICA 50%                              |01/09/2017|5,58
484|484-TUSD DEM PONTA S-ICMS 13.8KV                  |01/01/2018|32,04
484|484-TUSD DEM PONTA S-ICMS 13.8KV                  |01/01/2018|32,04
484|484-TUSD DEM PONTA S-ICMS 13.8KV                  |01/12/2017|32,04
484|484-TUSD DEM PONTA S-ICMS 13.8KV                  |01/12/2017|32,04
484|484-TUSD DEM PONTA S-ICMS 13.8KV                  |01/11/2017|32,04
484|484-TUSD DEM PONTA S-ICMS 13.8KV                  |01/11/2017|32,04
484|484-TUSD DEM PONTA S-ICMS 13.8KV                  |01/10/2017|32,04
484|484-TUSD DEM PONTA S-ICMS 13.8KV                  |01/10/2017|32,04
484|484-TUSD DEM PONTA S-ICMS 13.8KV                  |01/09/2017|32,04
484|484-TUSD DEM PONTA S-ICMS 13.8KV                  |01/09/2017|32,04
485|485-TUSD DEM FORA PONTA S-ICMS 13.8KV             |01/01/2018|11,97
485|485-TUSD DEM FORA PONTA S-ICMS 13.8KV             |01/12/2017|11,97
485|485-TUSD DEM FORA PONTA S-ICMS 13.8KV             |01/11/2017|11,97
485|485-TUSD DEM FORA PONTA S-ICMS 13.8KV             |01/10/2017|11,97
485|485-TUSD DEM FORA PONTA S-ICMS 13.8KV             |01/09/2017|11,97
487|487-TUSD DEM ULT FORA PONTA S-ICMS 13.8KV         |01/01/2018|23,94
487|487-TUSD DEM ULT FORA PONTA S-ICMS 13.8KV         |01/12/2017|23,94
487|487-TUSD DEM ULT FORA PONTA S-ICMS 13.8KV         |01/11/2017|23,94
487|487-TUSD DEM ULT FORA PONTA S-ICMS 13.8KV         |01/10/2017|23,94
487|487-TUSD DEM ULT FORA PONTA S-ICMS 13.8KV         |01/09/2017|23,94
488|488-TUSD DEMANDA 50%  PONTA - A3                  |01/01/2018|5,205
488|488-TUSD DEMANDA 50%  PONTA - A3                  |01/12/2017|5,205
488|488-TUSD DEMANDA 50%  PONTA - A3                  |01/11/2017|5,205
488|488-TUSD DEMANDA 50%  PONTA - A3                  |01/10/2017|5,205
488|488-TUSD DEMANDA 50%  PONTA - A3                  |01/09/2017|5,205
489|489-TUSD DEMANDA 50%  FORA PONTA - A3             |01/01/2018|2,27
489|489-TUSD DEMANDA 50%  FORA PONTA - A3             |01/12/2017|2,27
489|489-TUSD DEMANDA 50%  FORA PONTA - A3             |01/11/2017|2,27
489|489-TUSD DEMANDA 50%  FORA PONTA - A3             |01/10/2017|2,27
489|489-TUSD DEMANDA 50%  FORA PONTA - A3             |01/09/2017|2,27
490|490-TUSD DEMANDA 50% E ULTRAP 75% PTA - A4        |01/01/2018|16,02
490|490-TUSD DEMANDA 50% E ULTRAP 75% PTA - A4        |01/12/2017|16,02
490|490-TUSD DEMANDA 50% E ULTRAP 75% PTA - A4        |01/11/2017|16,02
490|490-TUSD DEMANDA 50% E ULTRAP 75% PTA - A4        |01/10/2017|16,02
490|490-TUSD DEMANDA 50% E ULTRAP 75% PTA - A4        |01/09/2017|16,02
491|491-TUSD DEMANDA 50% E ULTRP 75%  FPTA - A4       |01/01/2018|5,985
491|491-TUSD DEMANDA 50% E ULTRP 75%  FPTA - A4       |01/12/2017|5,985
491|491-TUSD DEMANDA 50% E ULTRP 75%  FPTA - A4       |01/11/2017|5,985
491|491-TUSD DEMANDA 50% E ULTRP 75%  FPTA - A4       |01/10/2017|5,985
491|491-TUSD DEMANDA 50% E ULTRP 75%  FPTA - A4       |01/09/2017|5,985
492|492-TUSD DEM ULTRAP 50% - PONTA A3                |01/01/2018|10,41
492|492-TUSD DEM ULTRAP 50% - PONTA A3                |01/12/2017|9,08
492|492-TUSD DEM ULTRAP 50% - PONTA A3                |01/11/2017|9,08
492|492-TUSD DEM ULTRAP 50% - PONTA A3                |01/10/2017|9,08
492|492-TUSD DEM ULTRAP 50% - PONTA A3                |01/09/2017|9,08
493|493-TUSD DEM ULTRAP 50% - FORA PONTA A3           |01/01/2018|4,54
493|493-TUSD DEM ULTRAP 50% - FORA PONTA A3           |01/12/2017|3,79
493|493-TUSD DEM ULTRAP 50% - FORA PONTA A3           |01/11/2017|3,79
493|493-TUSD DEM ULTRAP 50% - FORA PONTA A3           |01/10/2017|3,79
493|493-TUSD DEM ULTRAP 50% - FORA PONTA A3           |01/09/2017|3,79
494|494-TUSD DEM ULTRAP 50% - PONTA A4                |01/01/2018|32,04
494|494-TUSD DEM ULTRAP 50% - PONTA A4                |01/12/2017|32,04
494|494-TUSD DEM ULTRAP 50% - PONTA A4                |01/11/2017|32,04
494|494-TUSD DEM ULTRAP 50% - PONTA A4                |01/10/2017|32,04
494|494-TUSD DEM ULTRAP 50% - PONTA A4                |01/09/2017|32,04
495|495-TUSD DEM ULTRAP 50% - FORA  PONTA A4          |01/01/2018|11,97
495|495-TUSD DEM ULTRAP 50% - FORA  PONTA A4          |01/12/2017|11,97
495|495-TUSD DEM ULTRAP 50% - FORA  PONTA A4          |01/11/2017|11,97
495|495-TUSD DEM ULTRAP 50% - FORA  PONTA A4          |01/10/2017|11,97
495|495-TUSD DEM ULTRAP 50% - FORA  PONTA A4          |01/09/2017|11,97
496|496-TUSD ULTRAP PONTA - REVENDA 13.8              |01/01/2018|26,18
496|496-TUSD ULTRAP PONTA - REVENDA 13.8              |01/12/2017|26,18
496|496-TUSD ULTRAP PONTA - REVENDA 13.8              |01/11/2017|26,18
496|496-TUSD ULTRAP PONTA - REVENDA 13.8              |01/10/2017|26,18
496|496-TUSD ULTRAP PONTA - REVENDA 13.8              |01/09/2017|26,18
497|497-TUSD ULT DEM FORA PONTA 100% DEV              |01/01/2018|12,86
497|497-TUSD ULT DEM FORA PONTA 100% DEV              |01/12/2017|12,86
497|497-TUSD ULT DEM FORA PONTA 100% DEV              |01/11/2017|12,86
497|497-TUSD ULT DEM FORA PONTA 100% DEV              |01/10/2017|12,86
497|497-TUSD ULT DEM FORA PONTA 100% DEV              |01/09/2017|12,86
502|502-TUSD FIO B FORA PONTA A4-DEM CLASSE/RESID     |01/01/2018|8,06
502|502-TUSD FIO B FORA PONTA A4-DEM CLASSE/RESID     |01/12/2017|8,06
502|502-TUSD FIO B FORA PONTA A4-DEM CLASSE/RESID     |01/11/2017|8,06
502|502-TUSD FIO B FORA PONTA A4-DEM CLASSE/RESID     |01/10/2017|8,06
502|502-TUSD FIO B FORA PONTA A4-DEM CLASSE/RESID     |01/09/2017|8,06
503|503-TUSD FIO B FORA PONTA A4-AGUA ESG. E SANEA    |01/01/2018|6,851
503|503-TUSD FIO B FORA PONTA A4-AGUA ESG. E SANEA    |01/12/2017|6,851
503|503-TUSD FIO B FORA PONTA A4-AGUA ESG. E SANEA    |01/11/2017|6,851
503|503-TUSD FIO B FORA PONTA A4-AGUA ESG. E SANEA    |01/10/2017|6,851
503|503-TUSD FIO B FORA PONTA A4-AGUA ESG. E SANEA    |01/09/2017|6,851
504|504-TUSD FIO B FORA PONTA A4 - RURAL              |01/01/2018|7,254
504|504-TUSD FIO B FORA PONTA A4 - RURAL              |01/12/2017|7,254
504|504-TUSD FIO B FORA PONTA A4 - RURAL              |01/11/2017|7,254
504|504-TUSD FIO B FORA PONTA A4 - RURAL              |01/10/2017|7,254
504|504-TUSD FIO B FORA PONTA A4 - RURAL              |01/09/2017|7,254
505|505-TUSD FIO B FORA PONTA A3-DEM CLASSE/RES       |01/01/2018|0,65
505|505-TUSD FIO B FORA PONTA A3-DEM CLASSE/RES       |01/12/2017|0,65
505|505-TUSD FIO B FORA PONTA A3-DEM CLASSE/RES       |01/11/2017|0,65
505|505-TUSD FIO B FORA PONTA A3-DEM CLASSE/RES       |01/10/2017|0,65
505|505-TUSD FIO B FORA PONTA A3-DEM CLASSE/RES       |01/09/2017|0,65
506|506-TUSD FIO B FORA PONTA A3- AGUA ESG E SANEA    |01/01/2018|0,5525
506|506-TUSD FIO B FORA PONTA A3- AGUA ESG E SANEA    |01/12/2017|0,5525
506|506-TUSD FIO B FORA PONTA A3- AGUA ESG E SANEA    |01/11/2017|0,5525
506|506-TUSD FIO B FORA PONTA A3- AGUA ESG E SANEA    |01/10/2017|0,5525
506|506-TUSD FIO B FORA PONTA A3- AGUA ESG E SANEA    |01/09/2017|0,5525
507|507-TUSD FIO B FORA PONTA A3 - RURAL              |01/01/2018|0,585
507|507-TUSD FIO B FORA PONTA A3 - RURAL              |01/12/2017|0,585
507|507-TUSD FIO B FORA PONTA A3 - RURAL              |01/11/2017|0,585
507|507-TUSD FIO B FORA PONTA A3 - RURAL              |01/10/2017|0,585
507|507-TUSD FIO B FORA PONTA A3 - RURAL              |01/09/2017|0,585
508|508-TUSD FIO B BAIXA TENSAO -DEM CLASSE/RES       |01/01/2018|9,44
508|508-TUSD FIO B BAIXA TENSAO -DEM CLASSE/RES       |01/12/2017|9,44
508|508-TUSD FIO B BAIXA TENSAO -DEM CLASSE/RES       |01/11/2017|9,44
508|508-TUSD FIO B BAIXA TENSAO -DEM CLASSE/RES       |01/10/2017|9,44
508|508-TUSD FIO B BAIXA TENSAO -DEM CLASSE/RES       |01/09/2017|9,44
509|509-TUSD FIO B  BAIXA TENS츒  - A E S             |01/01/2018|8,024
509|509-TUSD FIO B  BAIXA TENS츒  - A E S             |01/12/2017|8,024
509|509-TUSD FIO B  BAIXA TENS츒  - A E S             |01/11/2017|8,024
509|509-TUSD FIO B  BAIXA TENS츒  - A E S             |01/10/2017|8,024
509|509-TUSD FIO B  BAIXA TENS츒  - A E S             |01/09/2017|8,024
512|512-MEMORIA DE MASSA (GRUPO A)                    |01/01/2018|55,9
512|512-MEMORIA DE MASSA (GRUPO A)                    |01/12/2017|55,9
512|512-MEMORIA DE MASSA (GRUPO A)                    |01/11/2017|55,9
512|512-MEMORIA DE MASSA (GRUPO A)                    |01/10/2017|55,9
512|512-MEMORIA DE MASSA (GRUPO A)                    |01/09/2017|55,9
518|518-TUSD FIO B RURAL BT                           |01/01/2018|6,61
518|518-TUSD FIO B RURAL BT                           |01/12/2017|6,61
518|518-TUSD FIO B RURAL BT                           |01/11/2017|6,61
518|518-TUSD FIO B RURAL BT                           |01/10/2017|6,61
518|518-TUSD FIO B RURAL BT                           |01/09/2017|6,61
520|520-TUSD CONS LIVRE ENC ATIVO PT 13,8 KV          |01/01/2018|0,02645
520|520-TUSD CONS LIVRE ENC ATIVO PT 13,8 KV          |01/12/2017|0,02645
520|520-TUSD CONS LIVRE ENC ATIVO PT 13,8 KV          |01/11/2017|0,02645
520|520-TUSD CONS LIVRE ENC ATIVO PT 13,8 KV          |01/10/2017|0,02645
520|520-TUSD CONS LIVRE ENC ATIVO PT 13,8 KV          |01/09/2017|0,02645
521|521-TUSD CONS LIVRE ENCARGO ATIVO FPA13,8 - KV    |01/01/2018|0,02645
521|521-TUSD CONS LIVRE ENCARGO ATIVO FPA13,8 - KV    |01/12/2017|0,02645
521|521-TUSD CONS LIVRE ENCARGO ATIVO FPA13,8 - KV    |01/11/2017|0,02645
521|521-TUSD CONS LIVRE ENCARGO ATIVO FPA13,8 - KV    |01/10/2017|0,02645
521|521-TUSD CONS LIVRE ENCARGO ATIVO FPA13,8 - KV    |01/09/2017|0,02645
522|522-TUSD CONS LIVRE DEMANDA UNICA 13.8 KV-VE      |01/01/2018|11,97
522|522-TUSD CONS LIVRE DEMANDA UNICA 13.8 KV-VE      |01/12/2017|11,97
522|522-TUSD CONS LIVRE DEMANDA UNICA 13.8 KV-VE      |01/11/2017|11,97
522|522-TUSD CONS LIVRE DEMANDA UNICA 13.8 KV-VE      |01/10/2017|11,97
522|522-TUSD CONS LIVRE DEMANDA UNICA 13.8 KV-VE      |01/09/2017|11,97
523|523-TUSD CONS LIVRE ENCAR ATIVO PT 13.8 KV-VE DIF |01/02/2018|0,4149
523|523-TUSD CONS LIVRE ENCAR ATIVO PT 13.8 KV-VE DIF |01/11/2017|0,4149
523|523-TUSD CONS LIVRE ENCAR ATIVO PT 13.8 KV-VE DIF |01/10/2017|0,38845
523|523-TUSD CONS LIVRE ENCAR ATIVO PT 13.8 KV-VE DIF |01/09/2017|0,38845
524|524-TUSD CONS LIVRE ENCARGO ATIVO FPT 13.8 KV-VE  |01/01/2018|0,02645
524|524-TUSD CONS LIVRE ENCARGO ATIVO FPT 13.8 KV-VE  |01/12/2017|0,02645
524|524-TUSD CONS LIVRE ENCARGO ATIVO FPT 13.8 KV-VE  |01/11/2017|0,02645
524|524-TUSD CONS LIVRE ENCARGO ATIVO FPT 13.8 KV-VE  |01/10/2017|0,02645
524|524-TUSD CONS LIVRE ENCARGO ATIVO FPT 13.8 KV-VE  |01/09/2017|0,02645
525|525-TUSD CONS LVRE DEMANDA ＞ICA 50%  13.8 KV - VE|01/01/2018|5,985
525|525-TUSD CONS LVRE DEMANDA ＞ICA 50%  13.8 KV - VE|01/12/2017|5,985
525|525-TUSD CONS LVRE DEMANDA ＞ICA 50%  13.8 KV - VE|01/11/2017|5,985
525|525-TUSD CONS LVRE DEMANDA ＞ICA 50%  13.8 KV - VE|01/10/2017|5,985
525|525-TUSD CONS LVRE DEMANDA ＞ICA 50%  13.8 KV - VE|01/09/2017|5,985
526|526-TUSD CONS LVE DEMANDA ＞ICA ULTRA 13.8 KV - VE|01/01/2018|23,94
526|526-TUSD CONS LVE DEMANDA ＞ICA ULTRA 13.8 KV - VE|01/12/2017|23,94
526|526-TUSD CONS LVE DEMANDA ＞ICA ULTRA 13.8 KV - VE|01/11/2017|23,94
526|526-TUSD CONS LVE DEMANDA ＞ICA ULTRA 13.8 KV - VE|01/10/2017|23,94
526|526-TUSD CONS LVE DEMANDA ＞ICA ULTRA 13.8 KV - VE|01/09/2017|23,94
528|528-TUSD CONS LVE ENCARGO ATIVO PTA 50%13,8 KV-VE |01/02/2018|0,4149
528|528-TUSD CONS LVE ENCARGO ATIVO PTA 50%13,8 KV-VE |01/11/2017|0,4149
528|528-TUSD CONS LVE ENCARGO ATIVO PTA 50%13,8 KV-VE |01/10/2017|0,38845
528|528-TUSD CONS LVE ENCARGO ATIVO PTA 50%13,8 KV-VE |01/09/2017|0,38845
529|529-TUSD CONS LVE ENCARGO ATIVO F PTA 50%13,8KV-VE|01/01/2018|0,01574
529|529-TUSD CONS LVE ENCARGO ATIVO F PTA 50%13,8KV-VE|01/12/2017|0,01574
529|529-TUSD CONS LVE ENCARGO ATIVO F PTA 50%13,8KV-VE|01/11/2017|0,01574
529|529-TUSD CONS LVE ENCARGO ATIVO F PTA 50%13,8KV-VE|01/10/2017|0,01574
529|529-TUSD CONS LVE ENCARGO ATIVO F PTA 50%13,8KV-VE|01/09/2017|0,01574
531|531-TUSD SOLAR DEMANDA  80%                       |01/01/2018|2,232
532|532-THS DEMANDA DEM. CLASSE/RESIDENCIAL A4 - VERDE|01/01/2018|11,97
532|532-THS DEMANDA DEM. CLASSE/RESIDENCIAL A4 - VERDE|01/12/2017|11,97
532|532-THS DEMANDA DEM. CLASSE/RESIDENCIAL A4 - VERDE|01/11/2017|11,97
532|532-THS DEMANDA DEM. CLASSE/RESIDENCIAL A4 - VERDE|01/10/2017|11,97
532|532-THS DEMANDA DEM. CLASSE/RESIDENCIAL A4 - VERDE|01/09/2017|11,97
533|533-THS DEMANDA DEM. CLASSE/RES  ULTRAP  A4 - VDE |01/01/2018|23,94
533|533-THS DEMANDA DEM. CLASSE/RES  ULTRAP  A4 - VDE |01/12/2017|23,94
533|533-THS DEMANDA DEM. CLASSE/RES  ULTRAP  A4 - VDE |01/11/2017|23,94
533|533-THS DEMANDA DEM. CLASSE/RES  ULTRAP  A4 - VDE |01/10/2017|23,94
533|533-THS DEMANDA DEM. CLASSE/RES  ULTRAP  A4 - VDE |01/09/2017|23,94
534|534-THS DEMANDA AES - A4 - VERDE                  |01/01/2018|10,1745
534|534-THS DEMANDA AES - A4 - VERDE                  |01/12/2017|10,1745
534|534-THS DEMANDA AES - A4 - VERDE                  |01/11/2017|10,1745
534|534-THS DEMANDA AES - A4 - VERDE                  |01/10/2017|10,1745
534|534-THS DEMANDA AES - A4 - VERDE                  |01/09/2017|10,1745
535|535-DEMANDA AES ULTRAPASSEM - A4 - VERDE          |01/01/2018|20,349
535|535-DEMANDA AES ULTRAPASSEM - A4 - VERDE          |01/12/2017|20,349
535|535-DEMANDA AES ULTRAPASSEM - A4 - VERDE          |01/11/2017|20,349
535|535-DEMANDA AES ULTRAPASSEM - A4 - VERDE          |01/10/2017|20,349
535|535-DEMANDA AES ULTRAPASSEM - A4 - VERDE          |01/09/2017|20,349
536|536-THS ATIVO DEM. CLAS/RESIDENCIAL F PTA -A4 VERD|01/01/2018|0,26389
536|536-THS ATIVO DEM. CLAS/RESIDENCIAL F PTA -A4 VERD|01/12/2017|0,29389
536|536-THS ATIVO DEM. CLAS/RESIDENCIAL F PTA -A4 VERD|01/11/2017|0,31389
536|536-THS ATIVO DEM. CLAS/RESIDENCIAL F PTA -A4 VERD|01/10/2017|0,29889
536|536-THS ATIVO DEM. CLAS/RESIDENCIAL F PTA -A4 VERD|01/09/2017|0,28389
537|537-THS ATIVO AES -  F PONTA -A4 VERDE            |01/01/2018|0,22431
537|537-THS ATIVO AES -  F PONTA -A4 VERDE            |01/12/2017|0,25431
537|537-THS ATIVO AES -  F PONTA -A4 VERDE            |01/11/2017|0,27431
537|537-THS ATIVO AES -  F PONTA -A4 VERDE            |01/10/2017|0,25931
537|537-THS ATIVO AES -  F PONTA -A4 VERDE            |01/09/2017|0,24431
538|538-THS DEMANDA F PTA RUR - VERDE- A4             |01/01/2018|10,773
538|538-THS DEMANDA F PTA RUR - VERDE- A4             |01/12/2017|10,773
538|538-THS DEMANDA F PTA RUR - VERDE- A4             |01/11/2017|10,773
538|538-THS DEMANDA F PTA RUR - VERDE- A4             |01/10/2017|10,773
538|538-THS DEMANDA F PTA RUR - VERDE- A4             |01/09/2017|10,773
539|539-THS DEMANDA ULTRAP F PTA RUR - VERDE A4       |01/01/2018|21,546
539|539-THS DEMANDA ULTRAP F PTA RUR - VERDE A4       |01/12/2017|21,546
539|539-THS DEMANDA ULTRAP F PTA RUR - VERDE A4       |01/11/2017|21,546
539|539-THS DEMANDA ULTRAP F PTA RUR - VERDE A4       |01/10/2017|21,546
539|539-THS DEMANDA ULTRAP F PTA RUR - VERDE A4       |01/09/2017|21,546
540|540 -TUSD DEM  PT 13.8 KA 75%                     |01/01/2018|8,01
540|540 -TUSD DEM  PT 13.8 KA 75%                     |01/12/2017|8,01
540|540 -TUSD DEM  PT 13.8 KA 75%                     |01/11/2017|8,01
540|540 -TUSD DEM  PT 13.8 KA 75%                     |01/10/2017|8,01
540|540 -TUSD DEM  PT 13.8 KA 75%                     |01/09/2017|8,01
541|541-TUSD DEM FORA PT 13.8 KV 75%                  |01/01/2018|2,9925
541|541-TUSD DEM FORA PT 13.8 KV 75%                  |01/12/2017|2,9925
541|541-TUSD DEM FORA PT 13.8 KV 75%                  |01/11/2017|2,9925
541|541-TUSD DEM FORA PT 13.8 KV 75%                  |01/10/2017|2,9925
541|541-TUSD DEM FORA PT 13.8 KV 75%                  |01/09/2017|2,9925
542|542 - THS ATIVO DEM CLASSE -PT-A3 CATIVO-CDE-ANACE|01/01/2018|0,36605
542|542 - THS ATIVO DEM CLASSE -PT-A3 CATIVO-CDE-ANACE|01/12/2017|0,39605
542|542 - THS ATIVO DEM CLASSE -PT-A3 CATIVO-CDE-ANACE|01/11/2017|0,41605
542|542 - THS ATIVO DEM CLASSE -PT-A3 CATIVO-CDE-ANACE|01/10/2017|0,40105
542|542 - THS ATIVO DEM CLASSE -PT-A3 CATIVO-CDE-ANACE|01/09/2017|0,38605
543|543 - THS ATIVO DEM CLASSE-FPT-A3 CATIVO-CDE-ANACE|01/01/2018|0,23157
543|543 - THS ATIVO DEM CLASSE-FPT-A3 CATIVO-CDE-ANACE|01/12/2017|0,26157
543|543 - THS ATIVO DEM CLASSE-FPT-A3 CATIVO-CDE-ANACE|01/11/2017|0,28157
543|543 - THS ATIVO DEM CLASSE-FPT-A3 CATIVO-CDE-ANACE|01/10/2017|0,26657
543|543 - THS ATIVO DEM CLASSE-FPT-A3 CATIVO-CDE-ANACE|01/09/2017|0,25157
545|545- EUSD - ENERGIA DEM CLASSE  (A4 PT VERDE)     |01/01/2018|0,80335
545|545- EUSD - ENERGIA DEM CLASSE  (A4 PT VERDE)     |01/12/2017|0,80335
545|545- EUSD - ENERGIA DEM CLASSE  (A4 PT VERDE)     |01/11/2017|0,80335
545|545- EUSD - ENERGIA DEM CLASSE  (A4 PT VERDE)     |01/10/2017|0,80335
545|545- EUSD - ENERGIA DEM CLASSE  (A4 PT VERDE)     |01/09/2017|0,80335
546|546 -EUSD - DEMANDA DEM CLASSE  (A4 FPT VERDE)    |17/12/2017|11,97
547|547-TUSD DEM CLASSE 69KV - A3 CDE-ANACE PT E FPT  |18/12/2017|0,0248
553|553-TE - RESIDENCIAL B1 - CALC. REATIVO           |01/01/2018|0,24864
553|553-TE - RESIDENCIAL B1 - CALC. REATIVO           |01/12/2017|0,24864
553|553-TE - RESIDENCIAL B1 - CALC. REATIVO           |01/11/2017|0,24864
553|553-TE - RESIDENCIAL B1 - CALC. REATIVO           |01/10/2017|0,24864
553|553-TE - RESIDENCIAL B1 - CALC. REATIVO           |01/09/2017|0,24864
554|554-EUSD - DEM CLASSES  DEMANDA PT A1             |01/01/2018|3,95
554|554-EUSD - DEM CLASSES  DEMANDA PT A1             |01/12/2017|3,95
554|554-EUSD - DEM CLASSES  DEMANDA PT A1             |01/11/2017|3,95
554|554-EUSD - DEM CLASSES  DEMANDA PT A1             |01/10/2017|3,95
554|554-EUSD - DEM CLASSES  DEMANDA PT A1             |01/09/2017|3,95
555|555- EUSD - DEM CLASSES  DEMANDA FORA PT- A1      |01/01/2018|3,79
555|555- EUSD - DEM CLASSES  DEMANDA FORA PT- A1      |01/12/2017|3,79
555|555- EUSD - DEM CLASSES  DEMANDA FORA PT- A1      |01/11/2017|3,79
555|555- EUSD - DEM CLASSES  DEMANDA FORA PT- A1      |01/10/2017|3,79
555|555- EUSD - DEM CLASSES  DEMANDA FORA PT- A1      |01/09/2017|3,79
556|556-EUSD- DEM CLASSES  DEMANDA PT A3  - SERV PUB  |01/01/2018|8,8485
556|556-EUSD- DEM CLASSES  DEMANDA PT A3  - SERV PUB  |01/12/2017|8,8485
556|556-EUSD- DEM CLASSES  DEMANDA PT A3  - SERV PUB  |01/11/2017|8,8485
556|556-EUSD- DEM CLASSES  DEMANDA PT A3  - SERV PUB  |01/10/2017|8,8485
556|556-EUSD- DEM CLASSES  DEMANDA PT A3  - SERV PUB  |01/09/2017|8,8485
557|557-EUSD - DEM CLASSES  DEMANDA FPT A3            |01/01/2018|3,859
557|557-EUSD - DEM CLASSES  DEMANDA FPT A3            |01/12/2017|3,859
557|557-EUSD - DEM CLASSES  DEMANDA FPT A3            |01/11/2017|3,859
557|557-EUSD - DEM CLASSES  DEMANDA FPT A3            |01/10/2017|3,859
557|557-EUSD - DEM CLASSES  DEMANDA FPT A3            |01/09/2017|3,859
558|558 - IND AUTO-PROD 69KV - A3                     |01/01/2018|0,00724
558|558 - IND AUTO-PROD 69KV - A3                     |01/12/2017|0,00724
559|559-EUSD - DEM CLASSES  DEMANDA FPT ULTR A3       |01/01/2018|7,718
559|559-EUSD - DEM CLASSES  DEMANDA FPT ULTR A3       |01/12/2017|7,718
559|559-EUSD - DEM CLASSES  DEMANDA FPT ULTR A3       |01/11/2017|7,718
559|559-EUSD - DEM CLASSES  DEMANDA FPT ULTR A3       |01/10/2017|7,718
559|559-EUSD - DEM CLASSES  DEMANDA FPT ULTR A3       |01/09/2017|7,718
560|560-EUSD- ENERGIA DEM CLASSES-RES(A1,A3 E A4 PT   |01/01/2018|0,01131
560|560-EUSD- ENERGIA DEM CLASSES-RES(A1,A3 E A4 PT   |01/12/2017|0,01131
560|560-EUSD- ENERGIA DEM CLASSES-RES(A1,A3 E A4 PT   |01/11/2017|0,01131
560|560-EUSD- ENERGIA DEM CLASSES-RES(A1,A3 E A4 PT   |01/10/2017|0,01131
560|560-EUSD- ENERGIA DEM CLASSES-RES(A1,A3 E A4 PT   |01/09/2017|0,01131
561|561-EUSD - ENERGIA SERV P２ (A1,A3 E A4 PT E FTA/ |01/01/2018|0,02248
561|561-EUSD - ENERGIA SERV P２ (A1,A3 E A4 PT E FTA/ |01/12/2017|0,02248
561|561-EUSD - ENERGIA SERV P２ (A1,A3 E A4 PT E FTA/ |01/11/2017|0,02248
561|561-EUSD - ENERGIA SERV P２ (A1,A3 E A4 PT E FTA/ |01/10/2017|0,02248
561|561-EUSD - ENERGIA SERV P２ (A1,A3 E A4 PT E FTA/ |01/09/2017|0,02248
562|562-EUSD- ENERGIA SERV P２ (A4 PT VERDE)          |01/01/2018|0,68285
562|562-EUSD- ENERGIA SERV P２ (A4 PT VERDE)          |01/12/2017|0,68285
562|562-EUSD- ENERGIA SERV P２ (A4 PT VERDE)          |01/11/2017|0,68285
562|562-EUSD- ENERGIA SERV P２ (A4 PT VERDE)          |01/10/2017|0,68285
562|562-EUSD- ENERGIA SERV P２ (A4 PT VERDE)          |01/09/2017|0,68285
563|563- EUSD- ENERGIA DEM CLASSE/RES  (A4 PT VERDE)  |01/01/2018|0,80335
563|563- EUSD- ENERGIA DEM CLASSE/RES  (A4 PT VERDE)  |01/12/2017|0,80335
563|563- EUSD- ENERGIA DEM CLASSE/RES  (A4 PT VERDE)  |01/11/2017|0,80335
563|563- EUSD- ENERGIA DEM CLASSE/RES  (A4 PT VERDE)  |01/10/2017|0,80335
563|563- EUSD- ENERGIA DEM CLASSE/RES  (A4 PT VERDE)  |01/09/2017|0,80335
564|564-EUSD - ENERGIA RURAL  (A4 PT VERDE)           |01/01/2018|0,72302
564|564-EUSD - ENERGIA RURAL  (A4 PT VERDE)           |01/12/2017|0,72302
564|564-EUSD - ENERGIA RURAL  (A4 PT VERDE)           |01/11/2017|0,72302
564|564-EUSD - ENERGIA RURAL  (A4 PT VERDE)           |01/10/2017|0,72302
564|564-EUSD - ENERGIA RURAL  (A4 PT VERDE)           |01/09/2017|0,72302
565|565-EUSD- ENERGIA RURAL (A1,A3 E A4 PT E FTA/VE   |01/01/2018|0,02381
565|565-EUSD- ENERGIA RURAL (A1,A3 E A4 PT E FTA/VE   |01/12/2017|0,02381
565|565-EUSD- ENERGIA RURAL (A1,A3 E A4 PT E FTA/VE   |01/11/2017|0,02381
565|565-EUSD- ENERGIA RURAL (A1,A3 E A4 PT E FTA/VE   |01/10/2017|0,02381
565|565-EUSD- ENERGIA RURAL (A1,A3 E A4 PT E FTA/VE   |01/09/2017|0,02381
568|568- EUSD - CV  RURAL (13,8 KV ) - A4             |01/01/2018|0,01417
569|569-EUSD- CV  DEM DEMAIS CLASSE/RES(13,8 KV ) -   |01/01/2018|0,01599
569|569-EUSD- CV  DEM DEMAIS CLASSE/RES(13,8 KV ) -   |01/12/2017|0,01599
569|569-EUSD- CV  DEM DEMAIS CLASSE/RES(13,8 KV ) -   |01/11/2017|0,01599
569|569-EUSD- CV  DEM DEMAIS CLASSE/RES(13,8 KV ) -   |01/10/2017|0,01599
569|569-EUSD- CV  DEM DEMAIS CLASSE/RES(13,8 KV ) -   |01/09/2017|0,01599
570|570-EUSD - DEMANDA DEM CLASSES-RES(13.8 A4 VERDE) |01/01/2018|11,97
570|570-EUSD - DEMANDA DEM CLASSES-RES(13.8 A4 VERDE) |01/12/2017|11,97
570|570-EUSD - DEMANDA DEM CLASSES-RES(13.8 A4 VERDE) |01/11/2017|11,97
570|570-EUSD - DEMANDA DEM CLASSES-RES(13.8 A4 VERDE) |01/10/2017|11,97
570|570-EUSD - DEMANDA DEM CLASSES-RES(13.8 A4 VERDE) |01/09/2017|11,97
580|580-EUSD -  DEMANDA  RURAL A3 - PTA               |01/01/2018|9,369
580|580-EUSD -  DEMANDA  RURAL A3 - PTA               |01/12/2017|9,369
580|580-EUSD -  DEMANDA  RURAL A3 - PTA               |01/11/2017|9,369
580|580-EUSD -  DEMANDA  RURAL A3 - PTA               |01/10/2017|9,369
580|580-EUSD -  DEMANDA  RURAL A3 - PTA               |01/09/2017|9,369
581|581-EUSD -  DEMANDA  RURAL A3 - FTA               |01/01/2018|4,086
581|581-EUSD -  DEMANDA  RURAL A3 - FTA               |01/12/2017|4,086
581|581-EUSD -  DEMANDA  RURAL A3 - FTA               |01/11/2017|4,086
581|581-EUSD -  DEMANDA  RURAL A3 - FTA               |01/10/2017|4,086
581|581-EUSD -  DEMANDA  RURAL A3 - FTA               |01/09/2017|4,086
582|582 - EUSD - DEMAIS CLASSES  A4 VD RED CDE ABRACE |01/01/2018|18,738
582|582 - EUSD - DEMAIS CLASSES  A4 VD RED CDE ABRACE |01/12/2017|0,74955
583|583 - EUSD -  DEM CLASSES  LIVRE A4 - AZ RED CDE A|01/01/2018|8,172
583|583 - EUSD -  DEM CLASSES  LIVRE A4 - AZ RED CDE A|01/12/2017|0,02564
584|584- EUSD -  DEMANDA DEM CLASSES-RES A4-AZ PTA    |01/01/2018|32,04
584|584- EUSD -  DEMANDA DEM CLASSES-RES A4-AZ PTA    |01/12/2017|32,04
584|584- EUSD -  DEMANDA DEM CLASSES-RES A4-AZ PTA    |01/11/2017|32,04
584|584- EUSD -  DEMANDA DEM CLASSES-RES A4-AZ PTA    |01/10/2017|32,04
584|584- EUSD -  DEMANDA DEM CLASSES-RES A4-AZ PTA    |01/09/2017|32,04
585|585- EUSD-  DEMANDA DEM CLASSES-RES A4-AZ FPTA    |01/01/2018|11,97
585|585- EUSD-  DEMANDA DEM CLASSES-RES A4-AZ FPTA    |01/12/2017|11,97
585|585- EUSD-  DEMANDA DEM CLASSES-RES A4-AZ FPTA    |01/11/2017|11,97
585|585- EUSD-  DEMANDA DEM CLASSES-RES A4-AZ FPTA    |01/10/2017|11,97
585|585- EUSD-  DEMANDA DEM CLASSES-RES A4-AZ FPTA    |01/09/2017|11,97
586|586- EUSD-  DEMANDA ULTR  DEM CLASSES-RES A4-AZ P |01/01/2018|64,08
586|586- EUSD-  DEMANDA ULTR  DEM CLASSES-RES A4-AZ P |01/12/2017|64,08
586|586- EUSD-  DEMANDA ULTR  DEM CLASSES-RES A4-AZ P |01/11/2017|64,08
586|586- EUSD-  DEMANDA ULTR  DEM CLASSES-RES A4-AZ P |01/10/2017|64,08
586|586- EUSD-  DEMANDA ULTR  DEM CLASSES-RES A4-AZ P |01/09/2017|64,08
587|587- EUSD-  DEMANDA ULTR  DEM CLASSES-RES A4-AZ F |01/01/2018|23,94
587|587- EUSD-  DEMANDA ULTR  DEM CLASSES-RES A4-AZ F |01/12/2017|23,94
587|587- EUSD-  DEMANDA ULTR  DEM CLASSES-RES A4-AZ F |01/11/2017|23,94
587|587- EUSD-  DEMANDA ULTR  DEM CLASSES-RES A4-AZ F |01/10/2017|23,94
587|587- EUSD-  DEMANDA ULTR  DEM CLASSES-RES A4-AZ F |01/09/2017|23,94
588|588- EUSD -  DEMANDA RURAL  A4-AZ PTA             |01/01/2018|28,836
588|588- EUSD -  DEMANDA RURAL  A4-AZ PTA             |01/12/2017|28,836
588|588- EUSD -  DEMANDA RURAL  A4-AZ PTA             |01/11/2017|28,836
588|588- EUSD -  DEMANDA RURAL  A4-AZ PTA             |01/10/2017|28,836
588|588- EUSD -  DEMANDA RURAL  A4-AZ PTA             |01/09/2017|28,836
589|589- EUSD -  DEMANDA RURAL A4-AZ FPTA             |01/01/2018|10,773
589|589- EUSD -  DEMANDA RURAL A4-AZ FPTA             |01/12/2017|10,773
589|589- EUSD -  DEMANDA RURAL A4-AZ FPTA             |01/11/2017|10,773
589|589- EUSD -  DEMANDA RURAL A4-AZ FPTA             |01/10/2017|10,773
589|589- EUSD -  DEMANDA RURAL A4-AZ FPTA             |01/09/2017|10,773
590|590 -  UNIDADE GERADOR - A4                       |01/01/2018|57,672
590|590 -  UNIDADE GERADOR - A4                       |01/12/2017|6,97
591|591 - HS RUR IRRIG 69KV - A3 - HR                 |01/01/2018|0,00177
591|591 - HS RUR IRRIG 69KV - A3 - HR                 |01/12/2017|0,00177
592|592- EUSD-  DEMANDA SERV PUB  AES A3 - PTA        |01/01/2018|8,8485
592|592- EUSD-  DEMANDA SERV PUB  AES A3 - PTA        |01/12/2017|8,8485
592|592- EUSD-  DEMANDA SERV PUB  AES A3 - PTA        |01/11/2017|8,8485
592|592- EUSD-  DEMANDA SERV PUB  AES A3 - PTA        |01/10/2017|8,8485
592|592- EUSD-  DEMANDA SERV PUB  AES A3 - PTA        |01/09/2017|8,8485
593|593-EUSD -  DEMANDA SERV PUB AES A3 - FPTA        |01/01/2018|3,859
593|593-EUSD -  DEMANDA SERV PUB AES A3 - FPTA        |01/12/2017|3,859
593|593-EUSD -  DEMANDA SERV PUB AES A3 - FPTA        |01/11/2017|3,859
593|593-EUSD -  DEMANDA SERV PUB AES A3 - FPTA        |01/10/2017|3,859
593|593-EUSD -  DEMANDA SERV PUB AES A3 - FPTA        |01/09/2017|3,859
594|594 - HS RUR IRRIG 69KV - A3 FPT                  |01/01/2018|0,01597
595|595- EUSD RURAL IRRIGANTE A4 AZ-VE                |01/01/2018|0,00265
595|595- EUSD RURAL IRRIGANTE A4 AZ-VE                |01/12/2017|0,00265
596|596- EUSD HS A.E.SANEA  69KV - A3                 |01/12/2017|0,01508
