020|020-DEMAIS CLASSES|0.6837|01/08/2021|
020|020-DEMAIS CLASSES|0.6837|01/07/2021|
020|020-DEMAIS CLASSES|0.47369|01/01/2018|
020|020-DEMAIS CLASSES|0.50368999999999997|01/12/2017|
020|020-DEMAIS CLASSES|0.52368999999999999|01/11/2017|
020|020-DEMAIS CLASSES|0.50868999999999998|01/10/2017|
020|020-DEMAIS CLASSES|0.49369000000000002|01/09/2017|
020|020-DEMAIS CLASSES|0.50368999999999997|01/08/2017|
021|021-DEMAIS CLASSES  TAR BRANCA HP|1,37532|01/08/2021|
021|021-DEMAIS CLASSES  TAR BRANCA HP|1,37532|01/07/2021|
021|021-DEMAIS CLASSES  TAR BRANCA HP|0.96860999999999997|01/01/2018|
021|021-DEMAIS CLASSES  TAR BRANCA HP|0.99861|01/12/2017|
021|021-DEMAIS CLASSES  TAR BRANCA HP|1.01861|01/11/2017|
022|022-DEMAIS CLASSES  TAR BRANCA FPT|0,7365|01/08/2021|
022|022-DEMAIS CLASSES  TAR BRANCA FPT|0,7365|01/07/2021|
022|022-DEMAIS CLASSES  TAR BRANCA FPT|0.37225000000000003|01/01/2018|
022|022-DEMAIS CLASSES  TAR BRANCA FPT|0.40225|01/12/2017|
022|022-DEMAIS CLASSES  TAR BRANCA FPT|0.42225000000000001|01/11/2017|
030|030-RURAL|0,61304|01/08/2021|
030|030-RURAL|0,61304|01/07/2021|
030|030-RURAL|0.33157999999999999|01/01/2018|
030|030-RURAL|0.36158000000000001|01/12/2017|
030|030-RURAL|0.38157999999999997|01/11/2017|
030|030-RURAL|0.36658000000000002|01/10/2017|
030|030-RURAL|0.35158|01/09/2017|
030|030-RURAL|0.36158000000000001|01/08/2017|
031|031-TUSD/TUST RURAL BT E AT OPTANTE|0|01/08/2021|
031|031-TUSD/TUST RURAL BT E AT OPTANTE|0|01/07/2021|
031|031-TUSD/TUST RURAL BT E AT OPTANTE|0.15753|01/01/2018|
031|031-TUSD/TUST RURAL BT E AT OPTANTE|0.15753|01/12/2017|
031|031-TUSD/TUST RURAL BT E AT OPTANTE|0.15753|01/11/2017|
031|031-TUSD/TUST RURAL BT E AT OPTANTE|0.15753|01/10/2017|
031|031-TUSD/TUST RURAL BT E AT OPTANTE|0.15753|01/09/2017|
031|031-TUSD/TUST RURAL BT E AT OPTANTE|0.15753|01/08/2017|
032|032-DEMAIS CLASSES  TAR BRANCA HINT|1,05591|01/08/2021|
032|032-DEMAIS CLASSES  TAR BRANCA HINT|1,05591|01/07/2021|
032|032-DEMAIS CLASSES  TAR BRANCA HINT|0.70421|01/06/2019|
032|032-DEMAIS CLASSES  TAR BRANCA HINT|0.71421000000000001|01/05/2019|
032|032-DEMAIS CLASSES  TAR BRANCA HINT|0.70421|22/04/2019|
032|032-DEMAIS CLASSES  TAR BRANCA HINT|0.61895|01/12/2018|
032|032-DEMAIS CLASSES  TAR BRANCA HINT|0.62895000000000001|01/11/2018|
033|033-RESIDENCIL TAR BRANCA HP|1,36304|01/08/2021|
033|033-RESIDENCIL TAR BRANCA HP|1,36304|01/07/2021|
033|033-RESIDENCIL TAR BRANCA HP|1.11429|01/06/2019|
033|033-RESIDENCIL TAR BRANCA HP|1.12429|01/05/2019|
033|033-RESIDENCIL TAR BRANCA HP|1.11429|22/04/2019|
033|033-RESIDENCIL TAR BRANCA HP|0.96997999999999995|01/12/2018|
033|033-RESIDENCIL TAR BRANCA HP|0.96997999999999995|01/12/2018|
033|033-RESIDENCIL TAR BRANCA HP|0.97997999999999996|01/11/2018|
034|034-RESIDENCIL TAR BRANCA FPT|0,73404|01/08/2021|
034|034-RESIDENCIL TAR BRANCA FPT|0,73404|01/07/2021|
034|034-RESIDENCIL TAR BRANCA FPT|0.44462000000000002|01/06/2019|
034|034-RESIDENCIL TAR BRANCA FPT|0.45462000000000002|01/05/2019|
034|034-RESIDENCIL TAR BRANCA FPT|0.44462000000000002|22/04/2019|
034|034-RESIDENCIL TAR BRANCA FPT|0.37812000000000001|01/12/2018|
034|034-RESIDENCIL TAR BRANCA FPT|0.38812000000000002|01/11/2018|
035|035-RESIDENCIL TAR BRANCA HINT|1,04854|01/08/2021|
035|035-RESIDENCIL TAR BRANCA HINT|1,04854|01/07/2021|
035|035-RESIDENCIL TAR BRANCA HINT|0.69826999999999995|01/06/2019|
035|035-RESIDENCIL TAR BRANCA HINT|0.70826999999999996|01/05/2019|
035|035-RESIDENCIL TAR BRANCA HINT|0.69826999999999995|22/04/2019|
035|035-RESIDENCIL TAR BRANCA HINT|0.59704999999999997|01/12/2018|
035|035-RESIDENCIL TAR BRANCA HINT|0.60704999999999998|01/11/2018|
036|036-RURAL TAR BRANCA HP|1,18924|01/08/2021|
036|036-RURAL TAR BRANCA HP|1,18924|01/07/2021|
036|036-RURAL TAR BRANCA HP|0.83179999999999998|01/06/2019|
036|036-RURAL TAR BRANCA HP|0.84179999999999999|01/05/2019|
036|036-RURAL TAR BRANCA HP|0.83179999999999998|22/04/2019|
036|036-RURAL TAR BRANCA HP|0.66622000000000003|01/12/2018|
036|036-RURAL TAR BRANCA HP|0.67622000000000004|01/11/2018|
037|037-RURAL TAR BRANCA FPT|0,65302|01/08/2021|
037|037-RURAL TAR BRANCA FPT|0,65302|01/07/2021|
037|037-RURAL TAR BRANCA FPT|0.33489999999999998|01/06/2019|
037|037-RURAL TAR BRANCA FPT|0.34489999999999998|01/05/2019|
037|037-RURAL TAR BRANCA FPT|0.33489999999999998|22/04/2019|
037|037-RURAL TAR BRANCA FPT|0.26212999999999997|01/12/2018|
037|037-RURAL TAR BRANCA FPT|0.27212999999999998|01/11/2018|
038|038-RURAL TAR BRANCA HINT|0,92113|01/08/2021|
038|038-RURAL TAR BRANCA HINT|0,92113|01/07/2021|
038|038-RURAL TAR BRANCA HINT|0.52164999999999995|01/06/2019|
038|038-RURAL TAR BRANCA HINT|0.53164999999999996|01/05/2019|
038|038-RURAL TAR BRANCA HINT|0.52164999999999995|22/04/2019|
038|038-RURAL TAR BRANCA HINT|0.41027999999999998|01/12/2018|
038|038-RURAL TAR BRANCA HINT|0.42027999999999999|01/11/2018|
039|039-SER. PUB-AES-TAR BRANCA HP|1,2928008|01/08/2021|
039|039-SER. PUB-AES-TAR BRANCA HP|1,2928008|01/07/2021|
039|039-SER. PUB-AES-TAR BRANCA HP|0.98929999999999996|01/06/2019|
039|039-SER. PUB-AES-TAR BRANCA HP|0.99929999999999997|01/05/2019|
039|039-SER. PUB-AES-TAR BRANCA HP|0.98929999999999996|22/04/2019|
039|039-SER. PUB-AES-TAR BRANCA HP|0.85550000000000004|01/12/2018|
039|039-SER. PUB-AES-TAR BRANCA HP|0.86550000000000005|01/11/2018|
040|040-SERV. PUBLICO DE IRRIGA플O|0,32022|01/08/2021|
040|040-SERV. PUBLICO DE IRRIGA플O|0,32022|01/07/2021|
040|040-SERV. PUBLICO DE IRRIGA플O|0.36004999999999998|01/06/2019|
040|040-SERV. PUBLICO DE IRRIGA플O|0.37004999999999999|01/05/2019|
040|040-SERV. PUBLICO DE IRRIGA플O|0.36004999999999998|22/04/2019|
040|040-SERV. PUBLICO DE IRRIGA플O|0.29546|01/12/2018|
040|040-SERV. PUBLICO DE IRRIGA플O|0.30546000000000001|01/11/2018|
041|041-TUSD/TUST SERV. PUB DE IRRIG. BT E OPTANTE|0|01/08/2021|
041|041-TUSD/TUST SERV. PUB DE IRRIG. BT E OPTANTE|0|01/07/2021|
041|041-TUSD/TUST SERV. PUB DE IRRIG. BT E OPTANTE|0.18606|01/06/2019|
041|041-TUSD/TUST SERV. PUB DE IRRIG. BT E OPTANTE|0.18606|01/05/2019|
041|041-TUSD/TUST SERV. PUB DE IRRIG. BT E OPTANTE|0.18606|22/04/2019|
041|041-TUSD/TUST SERV. PUB DE IRRIG. BT E OPTANTE|0.14360999999999999|01/12/2018|
041|041-TUSD/TUST SERV. PUB DE IRRIG. BT E OPTANTE|0.14360999999999999|01/11/2018|
042|042-SER. PUB-AES-TAR BRANCA FPT|0,69231|01/08/2021|
042|042-SER. PUB-AES-TAR BRANCA FPT|0,69231|01/07/2021|
042|042-SER. PUB-AES-TAR BRANCA FPT|0.39301999999999998|01/06/2019|
042|042-SER. PUB-AES-TAR BRANCA FPT|0.40301999999999999|01/05/2019|
042|042-SER. PUB-AES-TAR BRANCA FPT|0.39301999999999998|22/04/2019|
042|042-SER. PUB-AES-TAR BRANCA FPT|0.3276|01/12/2018|
042|042-SER. PUB-AES-TAR BRANCA FPT|0.33760000000000001|01/11/2018|
043|043-SER. PUB-AES-TAR BRANCA HINT|0,9925554|01/08/2021|
043|043-SER. PUB-AES-TAR BRANCA HINT|0,9925554|01/07/2021|
043|043-SER. PUB-AES-TAR BRANCA HINT|0.61970000000000003|01/06/2019|
043|043-SER. PUB-AES-TAR BRANCA HINT|0.62970000000000004|01/05/2019|
043|043-SER. PUB-AES-TAR BRANCA HINT|0.61970000000000003|22/04/2019|
043|043-SER. PUB-AES-TAR BRANCA HINT|0.52610999999999997|01/12/2018|
043|043-SER. PUB-AES-TAR BRANCA HINT|0.53610999999999998|01/11/2018|
044|044-TUSD RESIDENCIAL TAR BCA - HP|0|01/08/2021|
044|044-TUSD RESIDENCIAL TAR BCA - HP|0|01/07/2021|
044|044-TUSD RESIDENCIAL TAR BCA - HP|0.70957000000000003|01/06/2019|
044|044-TUSD RESIDENCIAL TAR BCA - HP|0.70957000000000003|01/05/2019|
044|044-TUSD RESIDENCIAL TAR BCA - HP|0.70957000000000003|22/04/2019|
044|044-TUSD RESIDENCIAL TAR BCA - HP|0.57574000000000003|01/12/2018|
044|044-TUSD RESIDENCIAL TAR BCA - HP|0.57574000000000003|01/11/2018|
045|045-TUSD RESIDENCIAL TAR BCA - FPT|0|01/08/2021|
045|045-TUSD RESIDENCIAL TAR BCA - FPT|0|01/07/2021|
045|045-TUSD RESIDENCIAL TAR BCA - FPT|0.20227999999999999|01/06/2019|
045|045-TUSD RESIDENCIAL TAR BCA - FPT|0.20227999999999999|01/05/2019|
045|045-TUSD RESIDENCIAL TAR BCA - FPT|0.20227999999999999|22/04/2019|
045|045-TUSD RESIDENCIAL TAR BCA - FPT|0.13786999999999999|01/12/2018|
045|045-TUSD RESIDENCIAL TAR BCA - FPT|0.13786999999999999|01/11/2018|
046|046-TUSD RESIDENCIAL TAR BCA - HINT|0|01/08/2021|
046|046-TUSD RESIDENCIAL TAR BCA - HINT|0|01/07/2021|
046|046-TUSD RESIDENCIAL TAR BCA - HINT|0.45593|01/06/2019|
046|046-TUSD RESIDENCIAL TAR BCA - HINT|0.45593|01/05/2019|
046|046-TUSD RESIDENCIAL TAR BCA - HINT|0.45593|22/04/2019|
046|046-TUSD RESIDENCIAL TAR BCA - HINT|0.35680000000000001|01/12/2018|
046|046-TUSD RESIDENCIAL TAR BCA - HINT|0.35680000000000001|01/11/2018|
047|047-TUSD DEMAIS CLASSES TAR BCA - HP|0|01/08/2021|
047|047-TUSD DEMAIS CLASSES TAR BCA - HP|0|01/07/2021|
047|047-TUSD DEMAIS CLASSES TAR BCA - HP|0.71948000000000001|01/06/2019|
047|047-TUSD DEMAIS CLASSES TAR BCA - HP|0.71948000000000001|01/05/2019|
047|047-TUSD DEMAIS CLASSES TAR BCA - HP|0.71948000000000001|22/04/2019|
047|047-TUSD DEMAIS CLASSES TAR BCA - HP|0.61223000000000005|01/12/2018|
047|047-TUSD DEMAIS CLASSES TAR BCA - HP|0.61223000000000005|01/11/2018|
048|048-TUSD DEMAIS CLASSES TAR BCA - FPT|0|01/08/2021|
048|048-TUSD DEMAIS CLASSES TAR BCA - FPT|0|01/07/2021|
048|048-TUSD DEMAIS CLASSES TAR BCA - FPT|0.20427000000000001|01/06/2019|
048|048-TUSD DEMAIS CLASSES TAR BCA - FPT|0.20427000000000001|01/05/2019|
048|048-TUSD DEMAIS CLASSES TAR BCA - FPT|0.20427000000000001|22/04/2019|
048|048-TUSD DEMAIS CLASSES TAR BCA - FPT|0.14516000000000001|01/12/2018|
048|048-TUSD DEMAIS CLASSES TAR BCA - FPT|0.14516000000000001|01/11/2018|
049|049-TUSD DEMAIS CLASSES TAR BCA - HINT|0|01/08/2021|
049|049-TUSD DEMAIS CLASSES TAR BCA - HINT|0|01/07/2021|
049|049-TUSD DEMAIS CLASSES TAR BCA - HINT|0.46187|01/06/2019|
049|049-TUSD DEMAIS CLASSES TAR BCA - HINT|0.46187|01/05/2019|
049|049-TUSD DEMAIS CLASSES TAR BCA - HINT|0.46187|22/04/2019|
049|049-TUSD DEMAIS CLASSES TAR BCA - HINT|0.37869999999999998|01/12/2018|
049|049-TUSD DEMAIS CLASSES TAR BCA - HINT|0.37869999999999998|01/11/2018|
050|050-RURAL IRRIGANTE 8,5  HRS|0,1655208|01/08/2021|
050|050-RURAL IRRIGANTE 8,5  HRS|0,1655208|01/07/2021|
050|050-RURAL IRRIGANTE 8,5  HRS|0.10865|01/06/2019|
050|050-RURAL IRRIGANTE 8,5  HRS|0.11135|01/05/2019|
050|050-RURAL IRRIGANTE 8,5  HRS|0.10865|22/04/2019|
050|050-RURAL IRRIGANTE 8,5  HRS|0.09307|01/12/2018|
050|050-RURAL IRRIGANTE 8,5  HRS|0.095769999999999994|01/11/2018|
051|051-TUSD/TUST RURAL IRRIG 8,5  HRS E OPTANTE|0|01/08/2021|
051|051-TUSD/TUST RURAL IRRIG 8,5  HRS E OPTANTE|0|01/07/2021|
051|051-TUSD/TUST RURAL IRRIG 8,5  HRS E OPTANTE|0.056149999999999999|01/06/2019|
051|051-TUSD/TUST RURAL IRRIG 8,5  HRS E OPTANTE|0.056149999999999999|01/05/2019|
051|051-TUSD/TUST RURAL IRRIG 8,5  HRS E OPTANTE|0.056149999999999999|22/04/2019|
051|051-TUSD/TUST RURAL IRRIG 8,5  HRS E OPTANTE|0.045240000000000002|01/12/2018|
051|051-TUSD/TUST RURAL IRRIG 8,5  HRS E OPTANTE|0.045240000000000002|01/11/2018|
052|052 - TUSD RURAL SERV PUBLICO DE IRRIGA플O|0|01/08/2021|
052|052 - TUSD RURAL SERV PUBLICO DE IRRIGA플O|0|01/07/2021|
052|052 - TUSD RURAL SERV PUBLICO DE IRRIGA플O|0.056149999999999999|01/06/2019|
052|052 - TUSD RURAL SERV PUBLICO DE IRRIGA플O|0.056149999999999999|01/05/2019|
052|052 - TUSD RURAL SERV PUBLICO DE IRRIGA플O|0.056149999999999999|22/04/2019|
052|052 - TUSD RURAL SERV PUBLICO DE IRRIGA플O|0.045240000000000002|01/12/2018|
052|052 - TUSD RURAL SERV PUBLICO DE IRRIGA플O|0.045240000000000002|01/11/2018|
053|053 - TUSD ILUMINA플O PUBLICA B4A|0|01/08/2021|
053|053 - TUSD ILUMINA플O PUBLICA B4A|0|01/07/2021|
053|053 - TUSD ILUMINA플O PUBLICA B4A|0.15049000000000001|01/06/2019|
053|053 - TUSD ILUMINA플O PUBLICA B4A|0.15049000000000001|01/05/2019|
053|053 - TUSD ILUMINA플O PUBLICA B4A|0.15049000000000001|22/04/2019|
053|053 - TUSD ILUMINA플O PUBLICA B4A|0.13164999999999999|01/12/2018|
053|053 - TUSD ILUMINA플O PUBLICA B4A|0.13164999999999999|01/11/2018|
054|054 - TUSD ILUMINA플O PUBLICA B4B|0|01/08/2021|
054|054 - TUSD ILUMINA플O PUBLICA B4B|0|01/07/2021|
054|054 - TUSD ILUMINA플O PUBLICA B4B|0.16417000000000001|01/06/2019|
054|054 - TUSD ILUMINA플O PUBLICA B4B|0.16417000000000001|01/05/2019|
054|054 - TUSD ILUMINA플O PUBLICA B4B|0.16417000000000001|22/04/2019|
054|054 - TUSD ILUMINA플O PUBLICA B4B|0.14360999999999999|01/12/2018|
054|054 - TUSD ILUMINA플O PUBLICA B4B|0.14360999999999999|01/11/2018|
055|055-TUSD RURAL TAR BCA - HP|0|01/08/2021|
055|055-TUSD RURAL TAR BCA - HP|0|01/07/2021|
055|055-TUSD RURAL TAR BCA - HP|0.52420999999999995|01/06/2019|
055|055-TUSD RURAL TAR BCA - HP|0.52420999999999995|01/05/2019|
055|055-TUSD RURAL TAR BCA - HP|0.52420999999999995|22/04/2019|
055|055-TUSD RURAL TAR BCA - HP|0.39024999999999999|01/12/2018|
055|055-TUSD RURAL TAR BCA - HP|0.39024999999999999|01/11/2018|
056|056-TUSD RURAL TAR BCA - FPT|0|01/08/2021|
056|056-TUSD RURAL TAR BCA - FPT|0|01/07/2021|
056|056-TUSD RURAL TAR BCA - FPT|0.15071999999999999|01/06/2019|
056|056-TUSD RURAL TAR BCA - FPT|0.15071999999999999|01/05/2019|
056|056-TUSD RURAL TAR BCA - FPT|0.15071999999999999|22/04/2019|
056|056-TUSD RURAL TAR BCA - FPT|0.093950000000000006|01/12/2018|
056|056-TUSD RURAL TAR BCA - FPT|0.093950000000000006|01/11/2018|
057|057-TUSD RURAL TAR BCA - HINT|0|01/08/2021|
057|057-TUSD RURAL TAR BCA - HINT|0|01/07/2021|
057|057-TUSD RURAL TAR BCA - HINT|0.33746999999999999|01/06/2019|
057|057-TUSD RURAL TAR BCA - HINT|0.33746999999999999|01/05/2019|
057|057-TUSD RURAL TAR BCA - HINT|0.33746999999999999|22/04/2019|
057|057-TUSD RURAL TAR BCA - HINT|0.24210000000000001|01/12/2018|
057|057-TUSD RURAL TAR BCA - HINT|0.24210000000000001|01/11/2018|
058|058-TUSD SERV PUB -AES TAR BCA HP|0|01/08/2021|
058|058-TUSD SERV PUB -AES TAR BCA HP|0|01/07/2021|
058|058-TUSD SERV PUB -AES TAR BCA HP|0.63314000000000004|01/06/2019|
058|058-TUSD SERV PUB -AES TAR BCA HP|0.63314000000000004|01/05/2019|
058|058-TUSD SERV PUB -AES TAR BCA HP|0.63314000000000004|22/04/2019|
058|058-TUSD SERV PUB -AES TAR BCA HP|0.52039999999999997|01/12/2018|
058|058-TUSD SERV PUB -AES TAR BCA HP|0.52039999999999997|01/11/2018|
059|059-TUSD SERV PUB -AES TAR BCA FPT|0|01/08/2021|
059|059-TUSD SERV PUB -AES TAR BCA FPT|0|01/07/2021|
059|059-TUSD SERV PUB -AES TAR BCA FPT|0.17976|01/06/2019|
059|059-TUSD SERV PUB -AES TAR BCA FPT|0.17976|01/05/2019|
059|059-TUSD SERV PUB -AES TAR BCA FPT|0.17976|22/04/2019|
059|059-TUSD SERV PUB -AES TAR BCA FPT|0.12339|01/12/2018|
059|059-TUSD SERV PUB -AES TAR BCA FPT|0.12339|01/11/2018|
061|061-AGUA ESGOTO E SANEAMENTO|0,642678|01/08/2021|
061|061-AGUA ESGOTO E SANEAMENTO|0,642678|01/07/2021|
061|061-AGUA ESGOTO E SANEAMENTO|0.46594999999999998|01/06/2019|
061|061-AGUA ESGOTO E SANEAMENTO|0.47594999999999998|01/05/2019|
061|061-AGUA ESGOTO E SANEAMENTO|0.46594999999999998|22/04/2019|
061|061-AGUA ESGOTO E SANEAMENTO|0.41858000000000001|01/12/2018|
061|061-AGUA ESGOTO E SANEAMENTO|0.42858000000000002|01/11/2018|
062|062-ILUMINA플O PUBLICA B4A|0,41875|01/08/2021|
062|062-ILUMINA플O PUBLICA B4A|0,41875|01/07/2021|
062|062-ILUMINA플O PUBLICA B4A|0.29121999999999998|01/06/2019|
062|062-ILUMINA플O PUBLICA B4A|0.30121999999999999|01/05/2019|
062|062-ILUMINA플O PUBLICA B4A|0.29121999999999998|22/04/2019|
062|062-ILUMINA플O PUBLICA B4A|0.27084999999999998|01/12/2018|
062|062-ILUMINA플O PUBLICA B4A|0.28084999999999999|01/11/2018|
063|063-ILUMINA플O PUBLICA B4B|0,44819|01/08/2021|
063|063-ILUMINA플O PUBLICA B4B|0,44819|01/07/2021|
063|063-ILUMINA플O PUBLICA B4B|0.31768999999999997|01/06/2019|
063|063-ILUMINA플O PUBLICA B4B|0.32768999999999998|01/05/2019|
063|063-ILUMINA플O PUBLICA B4B|0.31768999999999997|22/04/2019|
063|063-ILUMINA플O PUBLICA B4B|0.29546|01/12/2018|
063|063-ILUMINA플O PUBLICA B4B|0.30546000000000001|01/11/2018|
