001|CALIBRACAO DE MEDIDOR ELETROMECANICO MONOFASICO|2.8999999999999999|
002|CALIBRACAO DE MEDIDOR ELETROMECANICO BIFASICO|4.8399999999999999|
003|CALIBRACAO DE MEDIDOR ELETROMECANICO TRIFASICO|6.4500000000000002|
004|LAUDO DE MEDIDOR ELETROMECANICO MONOFASICO|6.4000000000000004|
005|LAUDO DE MEDIDOR ELETROMECANICO POLISAFICO|12.789999999999999|
006|MED. ELETROMEC. KWH MONOFASICO 240V:15/100A|52.0|
007|MED. ELETROMEC. KWH POLIF/2FASES 240V:15/120A|148.0|
008|MED. ELETROMEC. KWH POLIF/3FASES 240V:15/120A|185.0|
009|MED,KWH;3F;DUPLA TARIFA;240V;15-120A;RELOG;E179|420.92000000000002|
010|MED,ELETROC. POLI MULTI ;3F;54-280V;2,5-10A|632.35000000000002|
011|MED,ELETRONICO;KWH;3F;54-280V;15-120A|668.24000000000001|
012|MED,ELETRONICO;KWH;3F;54-280V;30-200A|886.76999999999998|
013|MED,ELETRONICO;KWH;3F;54-280V;2,5-10A|1255.7|
014|MED. ELETRONICO. KWH POLIFASICO 240V:30/200A|850.0|
015|MED,ELET,1F,240V,15-100A,2F,1E,RC,ET179|22.43|
016|MED,ELET,1F,240V,15-100A,2F,1E,LCD,BIDIR|34.469999999999999|
017|MED,ELET,3F,240V,15-120A,4F,3E,R.C,ET179|84.980000000000004|
018|MED,ELET,3F,240V,15-120A,4F,3E,LCD,BIDIR|190.18000000000001|
019|MED,ELET;KWH;KVARH;3F;240;15-120;ET179.4|227.28999999999999|
020|MED,ELET;3F;45-280V;30-200A;C0,5;ET179.4|965.51999999999998|
021|MED,ELET,3F,45-280V,2,5-10A,C0,5,DY,E179|1280.95|
