002|002 - RESIDENCIAL BAIXA RENDA|0|30|0,19245|01/01/2022|
002|002 - RESIDENCIAL BAIXA RENDA|0|30|0,19245|01/12/2021|
002|002 - RESIDENCIAL BAIXA RENDA|0|30|0,33445|01/11/2021|
002|002 - RESIDENCIAL BAIXA RENDA|0|30|0,28737|01/10/2021|
002|002 - RESIDENCIAL BAIXA RENDA|0|30|0,28737|01/08/2021|
002|002 - RESIDENCIAL BAIXA RENDA|0|30|0,28737|01/07/2021|
002|002 - RESIDENCIAL BAIXA RENDA|0|30|0,24204|01/04/2020|
002|002 - RESIDENCIAL BAIXA RENDA|0|30|0,26554|01/03/2020|
002|002 - RESIDENCIAL BAIXA RENDA|0|30|0,26662|01/02/2020|
002|002 - RESIDENCIAL BAIXA RENDA|0|30|0,25617|01/01/2020|
002|002 - RESIDENCIAL BAIXA RENDA|0|30|0,25813|01/12/2019|
002|002 - RESIDENCIAL BAIXA RENDA|0|30|0,26326|01/11/2019|
002|002 - RESIDENCIAL BAIXA RENDA|0|30|0,25794|01/10/2019|
002|002 - RESIDENCIAL BAIXA RENDA|0|30|0,24261|01/09/2019|
002|002 - RESIDENCIAL BAIXA RENDA|0|30|0,26980|01/08/2019|
002|002 - RESIDENCIAL BAIXA RENDA|0|30|0,25416|01/07/2019|
002|002 - RESIDENCIAL BAIXA RENDA|31|100|0,32991|01/01/2022|
002|002 - RESIDENCIAL BAIXA RENDA|31|100|0,32991|01/12/2021|
002|002 - RESIDENCIAL BAIXA RENDA|31|100|0,47191|01/11/2021|
002|002 - RESIDENCIAL BAIXA RENDA|31|100|0,42483|01/10/2021|
002|002 - RESIDENCIAL BAIXA RENDA|31|100|0,42483|01/08/2021|
002|002 - RESIDENCIAL BAIXA RENDA|31|100|0,45232|01/07/2021|
002|002 - RESIDENCIAL BAIXA RENDA|31|100|0,41493|01/04/2020|
002|002 - RESIDENCIAL BAIXA RENDA|31|100|0,45521|01/03/2020|
002|002 - RESIDENCIAL BAIXA RENDA|31|100|0,45707|01/02/2020|
002|002 - RESIDENCIAL BAIXA RENDA|31|100|0,43914|01/01/2020|
002|002 - RESIDENCIAL BAIXA RENDA|31|100|0,44252|01/12/2019|
002|002 - RESIDENCIAL BAIXA RENDA|31|100|0,45130|01/11/2019|
002|002 - RESIDENCIAL BAIXA RENDA|31|100|0,41590|01/10/2019|
002|002 - RESIDENCIAL BAIXA RENDA|31|100|0,44219|01/09/2019|
002|002 - RESIDENCIAL BAIXA RENDA|31|100|0,46251|01/08/2019|
002|002 - RESIDENCIAL BAIXA RENDA|31|100|0,43570|01/07/2019|
002|002 - RESIDENCIAL BAIXA RENDA|101|220|0,49487|01/01/2022|
002|002 - RESIDENCIAL BAIXA RENDA|101|220|0,49487|01/12/2021|
002|002 - RESIDENCIAL BAIXA RENDA|101|220|0,63687|01/11/2021|
002|002 - RESIDENCIAL BAIXA RENDA|101|220|0,58979|01/10/2021|
002|002 - RESIDENCIAL BAIXA RENDA|101|220|0,58979|01/08/2021|
002|002 - RESIDENCIAL BAIXA RENDA|101|220|0,58979|01/07/2021|
002|002 - RESIDENCIAL BAIXA RENDA|101|220|0,62239|01/04/2020|
002|002 - RESIDENCIAL BAIXA RENDA|101|220|0,68282|01/03/2020|
002|002 - RESIDENCIAL BAIXA RENDA|101|220|0,68560|01/02/2020|
002|002 - RESIDENCIAL BAIXA RENDA|101|220|0,65871|01/01/2020|
002|002 - RESIDENCIAL BAIXA RENDA|101|220|0,66377|01/12/2019|
002|002 - RESIDENCIAL BAIXA RENDA|101|220|0,67694|01/11/2019|
002|002 - RESIDENCIAL BAIXA RENDA|101|220|0,62385|01/10/2019|
002|002 - RESIDENCIAL BAIXA RENDA|101|220|0,66328|01/09/2019|
002|002 - RESIDENCIAL BAIXA RENDA|101|220|0,69377|01/08/2019|
002|002 - RESIDENCIAL BAIXA RENDA|101|220|0,65355|01/07/2019|
002|002 - RESIDENCIAL BAIXA RENDA|221|9999999|0,54985|01/01/2022|
002|002 - RESIDENCIAL BAIXA RENDA|221|9999999|0,54985|01/12/2021|
002|002 - RESIDENCIAL BAIXA RENDA|221|9999999|0,69185|01/11/2021|
002|002 - RESIDENCIAL BAIXA RENDA|221|9999999|0,64477|01/10/2021|
002|002 - RESIDENCIAL BAIXA RENDA|221|9999999|0,64477|01/08/2021|
002|002 - RESIDENCIAL BAIXA RENDA|221|9999999|0,64477|01/07/2021|
002|002 - RESIDENCIAL BAIXA RENDA|221|9999999|0,69155|01/04/2020|
002|002 - RESIDENCIAL BAIXA RENDA|221|9999999|0,75869|01/03/2020|
002|002 - RESIDENCIAL BAIXA RENDA|221|9999999|0,76178|01/02/2020|
002|002 - RESIDENCIAL BAIXA RENDA|221|9999999|0,73190|01/01/2020|
002|002 - RESIDENCIAL BAIXA RENDA|221|9999999|0,73753|01/12/2019|
002|002 - RESIDENCIAL BAIXA RENDA|221|9999999|0,75216|01/11/2019|
002|002 - RESIDENCIAL BAIXA RENDA|221|9999999|0,69316|01/10/2019|
002|002 - RESIDENCIAL BAIXA RENDA|221|9999999|0,73698|01/09/2019|
002|002 - RESIDENCIAL BAIXA RENDA|221|9999999|0,77085|01/08/2019|
002|002 - RESIDENCIAL BAIXA RENDA|221|9999999|0,72617|01/07/2019|