600|0000 600 1 CIP RES FORTALEZA|0.0|06/01/2019|
600|0000 600 1 CIP RES FORTALEZA|0.0|05/01/2019|
600|0000 600 1 CIP RES FORTALEZA|0.0|04/22/2019|
600|0000 600 1 CIP RES FORTALEZA|0.0|12/01/2018|
600|0000 600 1 CIP RES FORTALEZA|0.0|11/01/2018|
065|065-TARIFA FISCAL|64.480000000000004|01/04/1996|
380|380-COB - MML COM DESLIGAMENTO MON|274.56|06/01/2019|
380|380-COB - MML COM DESLIGAMENTO MON|274.56|05/01/2019|
380|380-COB - MML COM DESLIGAMENTO MON|274.56|04/22/2019|
380|380-COB - MML COM DESLIGAMENTO MON|274.56|12/01/2018|
380|380-COB - MML COM DESLIGAMENTO MON|274.56|11/01/2018|
381|381- COB - MML COM DESLIGAMENTO POLIFASICO|325.74000000000001|06/01/2019|
381|381- COB - MML COM DESLIGAMENTO POLIFASICO|325.74000000000001|05/01/2019|
381|381- COB - MML COM DESLIGAMENTO POLIFASICO|325.74000000000001|04/22/2019|
381|381- COB - MML COM DESLIGAMENTO POLIFASICO|325.74000000000001|12/01/2018|
381|381- COB - MML COM DESLIGAMENTO POLIFASICO|325.74000000000001|11/01/2018|
382|382-TX  MUDANCA  MEDIDOR LOCAL - MONOFASICO|152.34|06/01/2019|
382|382-TX  MUDANCA  MEDIDOR LOCAL - MONOFASICO|152.34|05/01/2019|
382|382-TX  MUDANCA  MEDIDOR LOCAL - MONOFASICO|152.34|04/22/2019|
382|382-TX  MUDANCA  MEDIDOR LOCAL - MONOFASICO|152.34|12/01/2018|
382|382-TX  MUDANCA  MEDIDOR LOCAL - MONOFASICO|152.34|11/01/2018|
383|383-TX  MUDANCA  MEDIDOR LOCAL - POLIFASICO|209.05000000000001|06/01/2019|
383|383-TX  MUDANCA  MEDIDOR LOCAL - POLIFASICO|209.05000000000001|05/01/2019|
383|383-TX  MUDANCA  MEDIDOR LOCAL - POLIFASICO|209.05000000000001|04/22/2019|
383|383-TX  MUDANCA  MEDIDOR LOCAL - POLIFASICO|209.05000000000001|12/01/2018|
383|383-TX  MUDANCA  MEDIDOR LOCAL - POLIFASICO|209.05000000000001|11/01/2018|
390|390-TAXA RELIGACAO MONOFASICA|8.24|01/07/2020|
390|390-TAXA RELIGACAO MONOFASICA|7.9800000000000004|06/01/2019|
390|390-TAXA RELIGACAO MONOFASICA|7.9800000000000004|05/01/2019|
390|390-TAXA RELIGACAO MONOFASICA|7.9800000000000004|04/22/2019|
390|390-TAXA RELIGACAO MONOFASICA|7.6299999999999999|12/01/2018|
390|390-TAXA RELIGACAO MONOFASICA|7.6299999999999999|11/01/2018|
391|391-TAXA RELIGACAO BIFASICA|11.36|01/07/2020|
391|391-TAXA RELIGACAO BIFASICA|10.99|06/01/2019|
391|391-TAXA RELIGACAO BIFASICA|10.99|05/01/2019|
391|391-TAXA RELIGACAO BIFASICA|10.99|04/22/2019|
391|391-TAXA RELIGACAO BIFASICA|10.51|12/01/2018|
391|391-TAXA RELIGACAO BIFASICA|10.51|11/01/2018|
392|392-TAXA RELIGACAO TRIFASICA|34,10|01/07/2020|
392|392-TAXA RELIGACAO TRIFASICA|32.990000000000002|06/01/2019|
392|392-TAXA RELIGACAO TRIFASICA|32.990000000000002|05/01/2019|
392|392-TAXA RELIGACAO TRIFASICA|32.990000000000002|04/22/2019|
392|392-TAXA RELIGACAO TRIFASICA|31.550000000000001|12/01/2018|
392|392-TAXA RELIGACAO TRIFASICA|31.550000000000001|11/01/2018|
393|393-TAXA RELIGACAO MONOFASICA URGENCIA|41.35|01/07/2020|
393|393-TAXA RELIGACAO MONOFASICA URGENCIA|40.0|06/01/2019|
393|393-TAXA RELIGACAO MONOFASICA URGENCIA|40.0|05/01/2019|
393|393-TAXA RELIGACAO MONOFASICA URGENCIA|40.0|04/22/2019|
393|393-TAXA RELIGACAO MONOFASICA URGENCIA|38.25|12/01/2018|
393|393-TAXA RELIGACAO MONOFASICA URGENCIA|38.25|11/01/2018|
394|394-TAXA RELIGACAO BIFASICA URGENCIA|62.04|01/07/2020|
394|394-TAXA RELIGACAO BIFASICA URGENCIA|60.020000000000003|06/01/2019|
394|394-TAXA RELIGACAO BIFASICA URGENCIA|60.020000000000003|05/01/2019|
394|394-TAXA RELIGACAO BIFASICA URGENCIA|60.020000000000003|04/22/2019|
394|394-TAXA RELIGACAO BIFASICA URGENCIA|57.399999999999999|12/01/2018|
394|394-TAXA RELIGACAO BIFASICA URGENCIA|57.399999999999999|11/01/2018|
395|395-TAXA RELIGACAO TRIFASICA URGENCIA|103.42|01/07/2020|
395|395-TAXA RELIGACAO TRIFASICA URGENCIA|100.06|06/01/2019|
395|395-TAXA RELIGACAO TRIFASICA URGENCIA|100.06|05/01/2019|
395|395-TAXA RELIGACAO TRIFASICA URGENCIA|100.06|04/22/2019|
395|395-TAXA RELIGACAO TRIFASICA URGENCIA|95.680000000000007|12/01/2018|
395|395-TAXA RELIGACAO TRIFASICA URGENCIA|95.680000000000007|11/01/2018|
396|396-TAXA DE SEGUNDA VIA - GA|6.19|01/07/2020|
396|396-TAXA DE SEGUNDA VIA - GA|5.9900000000000002|06/01/2019|
396|396-TAXA DE SEGUNDA VIA - GA|5.9900000000000002|05/01/2019|
396|396-TAXA DE SEGUNDA VIA - GA|5.9900000000000002|04/22/2019|
396|396-TAXA DE SEGUNDA VIA - GA|5.7300000000000004|12/01/2018|
396|396-TAXA DE SEGUNDA VIA - GA|5.7300000000000004|11/01/2018|
397|397-DESLIG. PROGRAMADA - MON|41.35|01/07/2020|	
397|397-DESLIG. PROGRAMADA - MON|40.0|06/01/2019|
397|397-DESLIG. PROGRAMADA - MON|40.0|05/01/2019|
397|397-DESLIG. PROGRAMADA - MON|40.0|04/22/2019|
397|397-DESLIG. PROGRAMADA - MON|38.25|12/01/2018|
397|397-DESLIG. PROGRAMADA - MON|38.25|11/01/2018|
398|398-DESLIG. PROGRAMADA - BIF|62.04|01/07/2020|
398|398-DESLIG. PROGRAMADA - BIF|60.020000000000003|06/01/2019|
398|398-DESLIG. PROGRAMADA - BIF|60.020000000000003|05/01/2019|
398|398-DESLIG. PROGRAMADA - BIF|60.020000000000003|04/22/2019|
398|398-DESLIG. PROGRAMADA - BIF|57.399999999999999|12/01/2018|
398|398-DESLIG. PROGRAMADA - BIF|57.399999999999999|11/01/2018|
399|399-DESLIG. PROGRAMADA - TRI|103.42|01/07/2020|
399|399-DESLIG. PROGRAMADA - TRI|100.06|06/01/2019|
399|399-DESLIG. PROGRAMADA - TRI|100.06|05/01/2019|
399|399-DESLIG. PROGRAMADA - TRI|100.06|04/22/2019|
399|399-DESLIG. PROGRAMADA - TRI|95.680000000000007|12/01/2018|
399|399-DESLIG. PROGRAMADA - TRI|95.680000000000007|11/01/2018|
402|402-CUSTO  ADMINISTRATIVO DE INSPE플O  MON|122,67|01/07/2020|
402|402-CUSTO  ADMINISTRATIVO DE INSPE플O  MON|118.68000000000001|06/01/2019|
402|402-CUSTO  ADMINISTRATIVO DE INSPE플O  MON|118.68000000000001|05/01/2019|
402|402-CUSTO  ADMINISTRATIVO DE INSPE플O  MON|118.68000000000001|04/22/2019|
402|402-CUSTO  ADMINISTRATIVO DE INSPE플O  MON|113.48999999999999|12/01/2018|
402|402-CUSTO  ADMINISTRATIVO DE INSPE플O  MON|113.48999999999999|11/01/2018|
403|403-CUSTO  ADMINISTRATIVO DE INSPE플O  BIF|184,06|01/07/2020|
403|403-CUSTO  ADMINISTRATIVO DE INSPE플O  BIF|178.06999999999999|06/01/2019|
403|403-CUSTO  ADMINISTRATIVO DE INSPE플O  BIF|178.06999999999999|05/01/2019|
403|403-CUSTO  ADMINISTRATIVO DE INSPE플O  BIF|178.06999999999999|04/22/2019|
403|403-CUSTO  ADMINISTRATIVO DE INSPE플O  BIF|170.28|12/01/2018|
403|403-CUSTO  ADMINISTRATIVO DE INSPE플O  BIF|170.28|11/01/2018|
404|404-CUSTO  ADMINISTRATIVO DE INSPE플O  TRIF|306,83|01/07/2020|
404|404-CUSTO  ADMINISTRATIVO DE INSPE플O  TRIF|296.85000000000002|06/01/2019|
404|404-CUSTO  ADMINISTRATIVO DE INSPE플O  TRIF|296.85000000000002|05/01/2019|
404|404-CUSTO  ADMINISTRATIVO DE INSPE플O  TRIF|296.85000000000002|04/22/2019|
404|404-CUSTO  ADMINISTRATIVO DE INSPE플O  TRIF|283.86000000000001|12/01/2018|
404|404-CUSTO  ADMINISTRATIVO DE INSPE플O  TRIF|283.86000000000001|11/01/2018|
932|932-AFERICAO MEDIDOR BIFASICO - G B|15.49|01/07/2020|
932|932-AFERICAO MEDIDOR BIFASICO - G B|14.99|04/25/2016|
931|931-AFERICAO MEDIDOR MONOFASICO - GB|9,30|01/07/2020|
931|931-AFERICAO MEDIDOR MONOFASICO - GB|9.0|04/25/2016|
933|933-AFERICAO MEDIDOR TRIFASICO - G B|20.66|01/07/2020|
933|933-AFERICAO MEDIDOR TRIFASICO - G B|19.989999999999998|04/25/2016|
016|DEVOLU플O LAR SEGURO B?ICO|0.050000000000000003|05/11/2019|
852|ENT PARCEL SOLICITADO CENTRAL RELACIONAMENTO|4.6200000000000001|05/09/2017|
851|ENTREGA FATURA NOUTRO ENDERECO|1.8500000000000001|05/09/2017|
410|SERV. ENTREGA SEGUNDA VIA CORREIO|4.5700000000000003|05/09/2017|
396|TAXA DE SEGUNDA VIA|2.98|04/25/2016|
983|TX SEG. VIA QUITACAO DEBITO MONOFASICA|3.08|01/07/2020|
984|TX SEG. VIA QUITACAO DEBITO BIFASICA|3.08|01/07/2020|
985|TX SEG. VIA QUITACAO DEBITO TRIFASICA|3.08|01/07/2020|
986|TX SEG. VIA QUITACAO DEBITO|2.98|04/25/2016|
940|940-VERIFICACAO DE NIVEL TENSAO  - TRI|18.61|01/07/2020|
940|940-VERIFICACAO DE NIVEL TENSAO  - TRI|18.0|04/25/2016|
939|939-VERIFICACAO DE NIVEL TENSAO - BI|15.49|01/07/2020|
939|939-VERIFICACAO DE NIVEL TENSAO - BI|14.99|04/25/2016|
938|938-VERIFICACAO DE NIVEL TENSAO - MONO|9.30|01/07/2020|
938|VERIFICACAO DE NIVEL TENSAO - MONO|9.0|04/25/2016|
934|VISTORIA  UNID CONSUMIDORA MONOFASICA - GB|6.9800000000000004|04/25/2016|
935|VISTORIA UNID CONSUMIDORA BIFASICA - GB|9.9900000000000002|04/25/2016|
936|VISTORIA UNID CONSUMIDORA TRIFASICA -GB|19.989999999999998|04/25/2016|
937|SEGUNDA VIA MONOFASICA|3.08|01/07/2020|
938|SEGUNDA VIA BIFASICA|3.08|01/07/2020|
939|SEGUNDA VIA TRIFASICA|3.08|01/07/2020|
